14:26:00 INFO  : Registering command handlers for SDK TCF services
14:26:00 INFO  : Launching XSCT server: xsct.bat -interactive E:\FPGA_PTOJECT\LIDAR\MAINBOARD_PJT_V5_0\MAINBOARD_PJT\MAINBOARD_PJT.sdk\temp_xsdb_launch_script.tcl
14:26:02 INFO  : XSCT server has started successfully.
14:26:02 INFO  : Successfully done setting XSCT server connection channel  
14:26:03 INFO  : Successfully done setting SDK workspace  
14:26:03 INFO  : Processing command line option -hwspec E:/FPGA_PTOJECT/LIDAR/MAINBOARD_PJT_V5_0/MAINBOARD_PJT/MAINBOARD_PJT.sdk/mainboard_bsp_wrapper.hdf.
14:36:29 INFO  : Connected to target on host '127.0.0.1' and port '3121'.
14:36:30 INFO  : Jtag cable 'Digilent JTAG-HS1 210512180081' is selected.
14:36:30 INFO  : 'jtag frequency' command is executed.
14:36:30 INFO  : Sourcing of 'E:/FPGA_PTOJECT/LIDAR/MAINBOARD_PJT_V5_0/MAINBOARD_PJT/MAINBOARD_PJT.sdk/mainboard_bsp_wrapper_hw_platform_0/ps7_init.tcl' is done.
14:36:30 INFO  : Context for 'APU' is selected.
14:36:30 INFO  : System reset is completed.
14:36:33 INFO  : 'after 3000' command is executed.
14:36:33 INFO  : 'targets -set -filter {jtag_cable_name =~ "Digilent JTAG-HS1 210512180081" && level==0} -index 1' command is executed.
14:36:36 INFO  : FPGA configured successfully with bitstream "E:/FPGA_PTOJECT/LIDAR/MAINBOARD_PJT_V5_0/MAINBOARD_PJT/MAINBOARD_PJT.sdk/mainboard_bsp_wrapper_hw_platform_0/mainboard_bsp_wrapper.bit"
14:36:36 INFO  : Context for 'APU' is selected.
14:36:36 INFO  : Hardware design information is loaded from 'E:/FPGA_PTOJECT/LIDAR/MAINBOARD_PJT_V5_0/MAINBOARD_PJT/MAINBOARD_PJT.sdk/mainboard_bsp_wrapper_hw_platform_0/system.hdf'.
14:36:36 INFO  : 'configparams force-mem-access 1' command is executed.
14:36:36 INFO  : Context for 'APU' is selected.
14:36:37 INFO  : 'ps7_init' command is executed.
14:36:37 INFO  : 'ps7_post_config' command is executed.
14:36:37 INFO  : Context for processor 'ps7_cortexa9_0' is selected.
14:36:37 INFO  : The application 'E:/FPGA_PTOJECT/LIDAR/MAINBOARD_PJT_V5_0/MAINBOARD_PJT/MAINBOARD_PJT.sdk/main_V5_0/Debug/main_V5_0.elf' is downloaded to processor 'ps7_cortexa9_0'.
14:36:37 INFO  : 'configparams force-mem-access 0' command is executed.
14:36:37 INFO  : ----------------XSDB Script----------------
connect -url tcp:127.0.0.1:3121
source E:/FPGA_PTOJECT/LIDAR/MAINBOARD_PJT_V5_0/MAINBOARD_PJT/MAINBOARD_PJT.sdk/mainboard_bsp_wrapper_hw_platform_0/ps7_init.tcl
targets -set -nocase -filter {name =~"APU*" && jtag_cable_name =~ "Digilent JTAG-HS1 210512180081"} -index 0
rst -system
after 3000
targets -set -filter {jtag_cable_name =~ "Digilent JTAG-HS1 210512180081" && level==0} -index 1
fpga -file E:/FPGA_PTOJECT/LIDAR/MAINBOARD_PJT_V5_0/MAINBOARD_PJT/MAINBOARD_PJT.sdk/mainboard_bsp_wrapper_hw_platform_0/mainboard_bsp_wrapper.bit
targets -set -nocase -filter {name =~"APU*" && jtag_cable_name =~ "Digilent JTAG-HS1 210512180081"} -index 0
loadhw -hw E:/FPGA_PTOJECT/LIDAR/MAINBOARD_PJT_V5_0/MAINBOARD_PJT/MAINBOARD_PJT.sdk/mainboard_bsp_wrapper_hw_platform_0/system.hdf -mem-ranges [list {0x40000000 0xbfffffff}]
configparams force-mem-access 1
targets -set -nocase -filter {name =~"APU*" && jtag_cable_name =~ "Digilent JTAG-HS1 210512180081"} -index 0
ps7_init
ps7_post_config
targets -set -nocase -filter {name =~ "ARM*#0" && jtag_cable_name =~ "Digilent JTAG-HS1 210512180081"} -index 0
dow E:/FPGA_PTOJECT/LIDAR/MAINBOARD_PJT_V5_0/MAINBOARD_PJT/MAINBOARD_PJT.sdk/main_V5_0/Debug/main_V5_0.elf
configparams force-mem-access 0
----------------End of Script----------------

14:36:37 INFO  : Memory regions updated for context APU
14:36:37 INFO  : Context for processor 'ps7_cortexa9_0' is selected.
14:36:37 INFO  : 'con' command is executed.
14:36:37 INFO  : ----------------XSDB Script (After Launch)----------------
targets -set -nocase -filter {name =~ "ARM*#0" && jtag_cable_name =~ "Digilent JTAG-HS1 210512180081"} -index 0
con
----------------End of Script----------------

14:36:37 INFO  : Launch script is exported to file 'E:\FPGA_PTOJECT\LIDAR\MAINBOARD_PJT_V5_0\MAINBOARD_PJT\MAINBOARD_PJT.sdk\.sdk\launch_scripts\xilinx_c-c++_application_(system_debugger)\system_debugger_using_debug_main_v5_0.elf_on_local.tcl'
14:37:35 INFO  : Connected to target on host '127.0.0.1' and port '3121'.
14:37:35 INFO  : Jtag cable 'Digilent JTAG-HS1 210512180081' is selected.
14:37:35 INFO  : 'jtag frequency' command is executed.
14:37:35 INFO  : Sourcing of 'E:/FPGA_PTOJECT/LIDAR/MAINBOARD_PJT_V5_0/MAINBOARD_PJT/MAINBOARD_PJT.sdk/mainboard_bsp_wrapper_hw_platform_0/ps7_init.tcl' is done.
14:37:35 INFO  : Context for 'APU' is selected.
14:37:36 INFO  : System reset is completed.
14:37:39 INFO  : 'after 3000' command is executed.
14:37:39 INFO  : 'targets -set -filter {jtag_cable_name =~ "Digilent JTAG-HS1 210512180081" && level==0} -index 1' command is executed.
14:37:42 INFO  : FPGA configured successfully with bitstream "E:/FPGA_PTOJECT/LIDAR/MAINBOARD_PJT_V5_0/MAINBOARD_PJT/MAINBOARD_PJT.sdk/mainboard_bsp_wrapper_hw_platform_0/mainboard_bsp_wrapper.bit"
14:37:42 INFO  : Context for 'APU' is selected.
14:37:42 INFO  : Hardware design information is loaded from 'E:/FPGA_PTOJECT/LIDAR/MAINBOARD_PJT_V5_0/MAINBOARD_PJT/MAINBOARD_PJT.sdk/mainboard_bsp_wrapper_hw_platform_0/system.hdf'.
14:37:42 INFO  : 'configparams force-mem-access 1' command is executed.
14:37:42 INFO  : Context for 'APU' is selected.
14:37:42 INFO  : 'ps7_init' command is executed.
14:37:42 INFO  : 'ps7_post_config' command is executed.
14:37:42 INFO  : Context for processor 'ps7_cortexa9_0' is selected.
14:37:43 INFO  : The application 'E:/FPGA_PTOJECT/LIDAR/MAINBOARD_PJT_V5_0/MAINBOARD_PJT/MAINBOARD_PJT.sdk/main_V5_0/Debug/main_V5_0.elf' is downloaded to processor 'ps7_cortexa9_0'.
14:37:43 INFO  : 'configparams force-mem-access 0' command is executed.
14:37:43 INFO  : ----------------XSDB Script----------------
connect -url tcp:127.0.0.1:3121
source E:/FPGA_PTOJECT/LIDAR/MAINBOARD_PJT_V5_0/MAINBOARD_PJT/MAINBOARD_PJT.sdk/mainboard_bsp_wrapper_hw_platform_0/ps7_init.tcl
targets -set -nocase -filter {name =~"APU*" && jtag_cable_name =~ "Digilent JTAG-HS1 210512180081"} -index 0
rst -system
after 3000
targets -set -filter {jtag_cable_name =~ "Digilent JTAG-HS1 210512180081" && level==0} -index 1
fpga -file E:/FPGA_PTOJECT/LIDAR/MAINBOARD_PJT_V5_0/MAINBOARD_PJT/MAINBOARD_PJT.sdk/mainboard_bsp_wrapper_hw_platform_0/mainboard_bsp_wrapper.bit
targets -set -nocase -filter {name =~"APU*" && jtag_cable_name =~ "Digilent JTAG-HS1 210512180081"} -index 0
loadhw -hw E:/FPGA_PTOJECT/LIDAR/MAINBOARD_PJT_V5_0/MAINBOARD_PJT/MAINBOARD_PJT.sdk/mainboard_bsp_wrapper_hw_platform_0/system.hdf -mem-ranges [list {0x40000000 0xbfffffff}]
configparams force-mem-access 1
targets -set -nocase -filter {name =~"APU*" && jtag_cable_name =~ "Digilent JTAG-HS1 210512180081"} -index 0
ps7_init
ps7_post_config
targets -set -nocase -filter {name =~ "ARM*#0" && jtag_cable_name =~ "Digilent JTAG-HS1 210512180081"} -index 0
dow E:/FPGA_PTOJECT/LIDAR/MAINBOARD_PJT_V5_0/MAINBOARD_PJT/MAINBOARD_PJT.sdk/main_V5_0/Debug/main_V5_0.elf
configparams force-mem-access 0
----------------End of Script----------------

14:37:43 INFO  : Memory regions updated for context APU
14:37:43 INFO  : Context for processor 'ps7_cortexa9_0' is selected.
14:37:43 INFO  : 'con' command is executed.
14:37:43 INFO  : ----------------XSDB Script (After Launch)----------------
targets -set -nocase -filter {name =~ "ARM*#0" && jtag_cable_name =~ "Digilent JTAG-HS1 210512180081"} -index 0
con
----------------End of Script----------------

14:37:43 INFO  : Launch script is exported to file 'E:\FPGA_PTOJECT\LIDAR\MAINBOARD_PJT_V5_0\MAINBOARD_PJT\MAINBOARD_PJT.sdk\.sdk\launch_scripts\xilinx_c-c++_application_(system_debugger)\system_debugger_using_debug_main_v5_0.elf_on_local.tcl'
14:45:43 INFO  : Disconnected from the channel tcfchan#1.
14:45:44 INFO  : Connected to target on host '127.0.0.1' and port '3121'.
14:45:44 INFO  : Jtag cable 'Digilent JTAG-HS1 210512180081' is selected.
14:45:44 INFO  : 'jtag frequency' command is executed.
14:45:44 INFO  : Sourcing of 'E:/FPGA_PTOJECT/LIDAR/MAINBOARD_PJT_V5_0/MAINBOARD_PJT/MAINBOARD_PJT.sdk/mainboard_bsp_wrapper_hw_platform_0/ps7_init.tcl' is done.
14:45:44 INFO  : Context for 'APU' is selected.
14:45:44 INFO  : System reset is completed.
14:45:47 INFO  : 'after 3000' command is executed.
14:45:47 INFO  : 'targets -set -filter {jtag_cable_name =~ "Digilent JTAG-HS1 210512180081" && level==0} -index 1' command is executed.
14:45:51 INFO  : FPGA configured successfully with bitstream "E:/FPGA_PTOJECT/LIDAR/MAINBOARD_PJT_V5_0/MAINBOARD_PJT/MAINBOARD_PJT.sdk/mainboard_bsp_wrapper_hw_platform_0/mainboard_bsp_wrapper.bit"
14:45:51 INFO  : Context for 'APU' is selected.
14:45:52 INFO  : Hardware design information is loaded from 'E:/FPGA_PTOJECT/LIDAR/MAINBOARD_PJT_V5_0/MAINBOARD_PJT/MAINBOARD_PJT.sdk/mainboard_bsp_wrapper_hw_platform_0/system.hdf'.
14:45:52 INFO  : 'configparams force-mem-access 1' command is executed.
14:45:52 INFO  : Context for 'APU' is selected.
14:45:52 INFO  : 'ps7_init' command is executed.
14:45:52 INFO  : 'ps7_post_config' command is executed.
14:45:52 INFO  : Context for processor 'ps7_cortexa9_0' is selected.
14:45:53 INFO  : The application 'E:/FPGA_PTOJECT/LIDAR/MAINBOARD_PJT_V5_0/MAINBOARD_PJT/MAINBOARD_PJT.sdk/main_V5_0/Debug/main_V5_0.elf' is downloaded to processor 'ps7_cortexa9_0'.
14:45:53 INFO  : 'configparams force-mem-access 0' command is executed.
14:45:53 INFO  : ----------------XSDB Script----------------
connect -url tcp:127.0.0.1:3121
source E:/FPGA_PTOJECT/LIDAR/MAINBOARD_PJT_V5_0/MAINBOARD_PJT/MAINBOARD_PJT.sdk/mainboard_bsp_wrapper_hw_platform_0/ps7_init.tcl
targets -set -nocase -filter {name =~"APU*" && jtag_cable_name =~ "Digilent JTAG-HS1 210512180081"} -index 0
rst -system
after 3000
targets -set -filter {jtag_cable_name =~ "Digilent JTAG-HS1 210512180081" && level==0} -index 1
fpga -file E:/FPGA_PTOJECT/LIDAR/MAINBOARD_PJT_V5_0/MAINBOARD_PJT/MAINBOARD_PJT.sdk/mainboard_bsp_wrapper_hw_platform_0/mainboard_bsp_wrapper.bit
targets -set -nocase -filter {name =~"APU*" && jtag_cable_name =~ "Digilent JTAG-HS1 210512180081"} -index 0
loadhw -hw E:/FPGA_PTOJECT/LIDAR/MAINBOARD_PJT_V5_0/MAINBOARD_PJT/MAINBOARD_PJT.sdk/mainboard_bsp_wrapper_hw_platform_0/system.hdf -mem-ranges [list {0x40000000 0xbfffffff}]
configparams force-mem-access 1
targets -set -nocase -filter {name =~"APU*" && jtag_cable_name =~ "Digilent JTAG-HS1 210512180081"} -index 0
ps7_init
ps7_post_config
targets -set -nocase -filter {name =~ "ARM*#0" && jtag_cable_name =~ "Digilent JTAG-HS1 210512180081"} -index 0
dow E:/FPGA_PTOJECT/LIDAR/MAINBOARD_PJT_V5_0/MAINBOARD_PJT/MAINBOARD_PJT.sdk/main_V5_0/Debug/main_V5_0.elf
configparams force-mem-access 0
----------------End of Script----------------

14:45:53 INFO  : Memory regions updated for context APU
14:45:53 INFO  : Context for processor 'ps7_cortexa9_0' is selected.
14:45:53 INFO  : 'con' command is executed.
14:45:53 INFO  : ----------------XSDB Script (After Launch)----------------
targets -set -nocase -filter {name =~ "ARM*#0" && jtag_cable_name =~ "Digilent JTAG-HS1 210512180081"} -index 0
con
----------------End of Script----------------

14:45:53 INFO  : Launch script is exported to file 'E:\FPGA_PTOJECT\LIDAR\MAINBOARD_PJT_V5_0\MAINBOARD_PJT\MAINBOARD_PJT.sdk\.sdk\launch_scripts\xilinx_c-c++_application_(system_debugger)\system_debugger_using_debug_main_v5_0.elf_on_local.tcl'
14:50:59 INFO  : Disconnected from the channel tcfchan#2.
14:51:00 INFO  : Connected to target on host '127.0.0.1' and port '3121'.
14:51:00 INFO  : Jtag cable 'Digilent JTAG-HS1 210512180081' is selected.
14:51:00 INFO  : 'jtag frequency' command is executed.
14:51:00 INFO  : Sourcing of 'E:/FPGA_PTOJECT/LIDAR/MAINBOARD_PJT_V5_0/MAINBOARD_PJT/MAINBOARD_PJT.sdk/mainboard_bsp_wrapper_hw_platform_0/ps7_init.tcl' is done.
14:51:00 INFO  : Context for 'APU' is selected.
14:51:00 INFO  : System reset is completed.
14:51:03 INFO  : 'after 3000' command is executed.
14:51:04 INFO  : 'targets -set -filter {jtag_cable_name =~ "Digilent JTAG-HS1 210512180081" && level==0} -index 1' command is executed.
14:51:07 INFO  : FPGA configured successfully with bitstream "E:/FPGA_PTOJECT/LIDAR/MAINBOARD_PJT_V5_0/MAINBOARD_PJT/MAINBOARD_PJT.sdk/mainboard_bsp_wrapper_hw_platform_0/mainboard_bsp_wrapper.bit"
14:51:07 INFO  : Context for 'APU' is selected.
14:51:08 INFO  : Hardware design information is loaded from 'E:/FPGA_PTOJECT/LIDAR/MAINBOARD_PJT_V5_0/MAINBOARD_PJT/MAINBOARD_PJT.sdk/mainboard_bsp_wrapper_hw_platform_0/system.hdf'.
14:51:08 INFO  : 'configparams force-mem-access 1' command is executed.
14:51:08 INFO  : Context for 'APU' is selected.
14:51:09 INFO  : 'ps7_init' command is executed.
14:51:09 INFO  : 'ps7_post_config' command is executed.
14:51:09 INFO  : Context for processor 'ps7_cortexa9_0' is selected.
14:51:09 INFO  : The application 'E:/FPGA_PTOJECT/LIDAR/MAINBOARD_PJT_V5_0/MAINBOARD_PJT/MAINBOARD_PJT.sdk/main_V5_0/Debug/main_V5_0.elf' is downloaded to processor 'ps7_cortexa9_0'.
14:51:09 INFO  : 'configparams force-mem-access 0' command is executed.
14:51:09 INFO  : ----------------XSDB Script----------------
connect -url tcp:127.0.0.1:3121
source E:/FPGA_PTOJECT/LIDAR/MAINBOARD_PJT_V5_0/MAINBOARD_PJT/MAINBOARD_PJT.sdk/mainboard_bsp_wrapper_hw_platform_0/ps7_init.tcl
targets -set -nocase -filter {name =~"APU*" && jtag_cable_name =~ "Digilent JTAG-HS1 210512180081"} -index 0
rst -system
after 3000
targets -set -filter {jtag_cable_name =~ "Digilent JTAG-HS1 210512180081" && level==0} -index 1
fpga -file E:/FPGA_PTOJECT/LIDAR/MAINBOARD_PJT_V5_0/MAINBOARD_PJT/MAINBOARD_PJT.sdk/mainboard_bsp_wrapper_hw_platform_0/mainboard_bsp_wrapper.bit
targets -set -nocase -filter {name =~"APU*" && jtag_cable_name =~ "Digilent JTAG-HS1 210512180081"} -index 0
loadhw -hw E:/FPGA_PTOJECT/LIDAR/MAINBOARD_PJT_V5_0/MAINBOARD_PJT/MAINBOARD_PJT.sdk/mainboard_bsp_wrapper_hw_platform_0/system.hdf -mem-ranges [list {0x40000000 0xbfffffff}]
configparams force-mem-access 1
targets -set -nocase -filter {name =~"APU*" && jtag_cable_name =~ "Digilent JTAG-HS1 210512180081"} -index 0
ps7_init
ps7_post_config
targets -set -nocase -filter {name =~ "ARM*#0" && jtag_cable_name =~ "Digilent JTAG-HS1 210512180081"} -index 0
dow E:/FPGA_PTOJECT/LIDAR/MAINBOARD_PJT_V5_0/MAINBOARD_PJT/MAINBOARD_PJT.sdk/main_V5_0/Debug/main_V5_0.elf
configparams force-mem-access 0
----------------End of Script----------------

14:51:09 INFO  : Memory regions updated for context APU
14:51:09 INFO  : Context for processor 'ps7_cortexa9_0' is selected.
14:51:09 INFO  : 'con' command is executed.
14:51:09 INFO  : ----------------XSDB Script (After Launch)----------------
targets -set -nocase -filter {name =~ "ARM*#0" && jtag_cable_name =~ "Digilent JTAG-HS1 210512180081"} -index 0
con
----------------End of Script----------------

14:51:09 INFO  : Launch script is exported to file 'E:\FPGA_PTOJECT\LIDAR\MAINBOARD_PJT_V5_0\MAINBOARD_PJT\MAINBOARD_PJT.sdk\.sdk\launch_scripts\xilinx_c-c++_application_(system_debugger)\system_debugger_using_debug_main_v5_0.elf_on_local.tcl'
14:56:25 INFO  : Connected to target on host '127.0.0.1' and port '3121'.
14:56:25 INFO  : Jtag cable 'Digilent JTAG-HS1 210512180081' is selected.
14:56:25 INFO  : 'jtag frequency' command is executed.
14:56:25 INFO  : Sourcing of 'E:/FPGA_PTOJECT/LIDAR/MAINBOARD_PJT_V5_0/MAINBOARD_PJT/MAINBOARD_PJT.sdk/mainboard_bsp_wrapper_hw_platform_0/ps7_init.tcl' is done.
14:56:25 INFO  : Context for 'APU' is selected.
14:56:25 INFO  : System reset is completed.
14:56:28 INFO  : 'after 3000' command is executed.
14:56:28 INFO  : 'targets -set -filter {jtag_cable_name =~ "Digilent JTAG-HS1 210512180081" && level==0} -index 1' command is executed.
14:56:32 INFO  : FPGA configured successfully with bitstream "E:/FPGA_PTOJECT/LIDAR/MAINBOARD_PJT_V5_0/MAINBOARD_PJT/MAINBOARD_PJT.sdk/mainboard_bsp_wrapper_hw_platform_0/mainboard_bsp_wrapper.bit"
14:56:32 INFO  : Context for 'APU' is selected.
14:56:32 INFO  : Hardware design information is loaded from 'E:/FPGA_PTOJECT/LIDAR/MAINBOARD_PJT_V5_0/MAINBOARD_PJT/MAINBOARD_PJT.sdk/mainboard_bsp_wrapper_hw_platform_0/system.hdf'.
14:56:32 INFO  : 'configparams force-mem-access 1' command is executed.
14:56:32 INFO  : Context for 'APU' is selected.
14:56:32 INFO  : 'ps7_init' command is executed.
14:56:32 INFO  : 'ps7_post_config' command is executed.
14:56:32 INFO  : Context for processor 'ps7_cortexa9_0' is selected.
14:56:32 INFO  : The application 'E:/FPGA_PTOJECT/LIDAR/MAINBOARD_PJT_V5_0/MAINBOARD_PJT/MAINBOARD_PJT.sdk/main_V5_0/Debug/main_V5_0.elf' is downloaded to processor 'ps7_cortexa9_0'.
14:56:32 INFO  : 'configparams force-mem-access 0' command is executed.
14:56:32 INFO  : ----------------XSDB Script----------------
connect -url tcp:127.0.0.1:3121
source E:/FPGA_PTOJECT/LIDAR/MAINBOARD_PJT_V5_0/MAINBOARD_PJT/MAINBOARD_PJT.sdk/mainboard_bsp_wrapper_hw_platform_0/ps7_init.tcl
targets -set -nocase -filter {name =~"APU*" && jtag_cable_name =~ "Digilent JTAG-HS1 210512180081"} -index 0
rst -system
after 3000
targets -set -filter {jtag_cable_name =~ "Digilent JTAG-HS1 210512180081" && level==0} -index 1
fpga -file E:/FPGA_PTOJECT/LIDAR/MAINBOARD_PJT_V5_0/MAINBOARD_PJT/MAINBOARD_PJT.sdk/mainboard_bsp_wrapper_hw_platform_0/mainboard_bsp_wrapper.bit
targets -set -nocase -filter {name =~"APU*" && jtag_cable_name =~ "Digilent JTAG-HS1 210512180081"} -index 0
loadhw -hw E:/FPGA_PTOJECT/LIDAR/MAINBOARD_PJT_V5_0/MAINBOARD_PJT/MAINBOARD_PJT.sdk/mainboard_bsp_wrapper_hw_platform_0/system.hdf -mem-ranges [list {0x40000000 0xbfffffff}]
configparams force-mem-access 1
targets -set -nocase -filter {name =~"APU*" && jtag_cable_name =~ "Digilent JTAG-HS1 210512180081"} -index 0
ps7_init
ps7_post_config
targets -set -nocase -filter {name =~ "ARM*#0" && jtag_cable_name =~ "Digilent JTAG-HS1 210512180081"} -index 0
dow E:/FPGA_PTOJECT/LIDAR/MAINBOARD_PJT_V5_0/MAINBOARD_PJT/MAINBOARD_PJT.sdk/main_V5_0/Debug/main_V5_0.elf
configparams force-mem-access 0
----------------End of Script----------------

14:56:32 INFO  : Memory regions updated for context APU
14:56:32 INFO  : Context for processor 'ps7_cortexa9_0' is selected.
14:56:32 INFO  : 'con' command is executed.
14:56:32 INFO  : ----------------XSDB Script (After Launch)----------------
targets -set -nocase -filter {name =~ "ARM*#0" && jtag_cable_name =~ "Digilent JTAG-HS1 210512180081"} -index 0
con
----------------End of Script----------------

14:56:32 INFO  : Launch script is exported to file 'E:\FPGA_PTOJECT\LIDAR\MAINBOARD_PJT_V5_0\MAINBOARD_PJT\MAINBOARD_PJT.sdk\.sdk\launch_scripts\xilinx_c-c++_application_(system_debugger)\system_debugger_using_debug_main_v5_0.elf_on_local.tcl'
17:03:33 WARN  : channel "tcfchan#1" closed
17:03:33 INFO  : Disconnected from the channel tcfchan#3.
17:03:33 WARN  : channel "tcfchan#3" closed
14:48:38 INFO  : Registering command handlers for SDK TCF services
14:48:38 INFO  : Launching XSCT server: xsct.bat -interactive E:\FPGA_PTOJECT\LIDAR\MAINBOARD_PJT_V5_0\MAINBOARD_PJT\MAINBOARD_PJT.sdk\temp_xsdb_launch_script.tcl
14:48:40 INFO  : XSCT server has started successfully.
14:48:41 INFO  : Successfully done setting XSCT server connection channel  
14:48:41 INFO  : Successfully done setting SDK workspace  
14:48:41 INFO  : Processing command line option -hwspec E:/FPGA_PTOJECT/LIDAR/MAINBOARD_PJT_V5_0/MAINBOARD_PJT/MAINBOARD_PJT.sdk/mainboard_bsp_wrapper.hdf.
14:48:41 INFO  : Checking for hwspec changes in the project mainboard_bsp_wrapper_hw_platform_0.
14:49:05 INFO  : Connected to target on host '127.0.0.1' and port '3121'.
14:49:07 INFO  : Jtag cable 'Digilent JTAG-HS1 210512180081' is selected.
14:49:07 INFO  : 'jtag frequency' command is executed.
14:49:07 INFO  : Sourcing of 'E:/FPGA_PTOJECT/LIDAR/MAINBOARD_PJT_V5_0/MAINBOARD_PJT/MAINBOARD_PJT.sdk/mainboard_bsp_wrapper_hw_platform_0/ps7_init.tcl' is done.
14:49:07 INFO  : Context for 'APU' is selected.
14:49:07 INFO  : System reset is completed.
14:49:10 INFO  : 'after 3000' command is executed.
14:49:11 INFO  : 'targets -set -filter {jtag_cable_name =~ "Digilent JTAG-HS1 210512180081" && level==0} -index 1' command is executed.
14:49:15 ERROR : (XSDB Server)-code 1 -level 0 -errorcode NONE -errorinfo {Code 1 Time 1565592555718 Format {JTAG node is not accessible}
    while executing
"error [lindex $data 0]"
    invoked from within
"if { [lindex $data 0] != "" } {
		    error [lindex $data 0]
		}"
    ("eval" body line 2)
    invoked from within
"eval $script"} -errorline 12

14:49:15 ERROR : JTAG node is not accessible
14:49:15 ERROR : Exception occured while running Program FPGA.
java.lang.RuntimeException: JTAG node is not accessible
14:49:15 INFO  : ----------------XSDB Script----------------
connect -url tcp:127.0.0.1:3121
source E:/FPGA_PTOJECT/LIDAR/MAINBOARD_PJT_V5_0/MAINBOARD_PJT/MAINBOARD_PJT.sdk/mainboard_bsp_wrapper_hw_platform_0/ps7_init.tcl
targets -set -nocase -filter {name =~"APU*" && jtag_cable_name =~ "Digilent JTAG-HS1 210512180081"} -index 0
rst -system
after 3000
----------------End of Script----------------

14:49:52 INFO  : Connected to target on host '127.0.0.1' and port '3121'.
14:50:01 INFO  : ----------------XSDB Script----------------
connect -url tcp:127.0.0.1:3121
----------------End of Script----------------

14:51:19 INFO  : Connected to target on host '127.0.0.1' and port '3121'.
14:51:28 INFO  : ----------------XSDB Script----------------
connect -url tcp:127.0.0.1:3121
----------------End of Script----------------

14:52:29 INFO  : Connected to target on host '127.0.0.1' and port '3121'.
14:52:29 INFO  : Jtag cable 'Digilent JTAG-HS1 210512180081' is selected.
14:52:29 INFO  : 'jtag frequency' command is executed.
14:52:29 INFO  : Sourcing of 'E:/FPGA_PTOJECT/LIDAR/MAINBOARD_PJT_V5_0/MAINBOARD_PJT/MAINBOARD_PJT.sdk/mainboard_bsp_wrapper_hw_platform_0/ps7_init.tcl' is done.
14:52:29 INFO  : Context for 'APU' is selected.
14:52:29 INFO  : System reset is completed.
14:52:32 INFO  : 'after 3000' command is executed.
14:52:33 INFO  : 'targets -set -filter {jtag_cable_name =~ "Digilent JTAG-HS1 210512180081" && level==0} -index 1' command is executed.
14:52:36 INFO  : FPGA configured successfully with bitstream "E:/FPGA_PTOJECT/LIDAR/MAINBOARD_PJT_V5_0/MAINBOARD_PJT/MAINBOARD_PJT.sdk/mainboard_bsp_wrapper_hw_platform_0/mainboard_bsp_wrapper.bit"
14:52:36 INFO  : Context for 'APU' is selected.
14:52:36 INFO  : Hardware design information is loaded from 'E:/FPGA_PTOJECT/LIDAR/MAINBOARD_PJT_V5_0/MAINBOARD_PJT/MAINBOARD_PJT.sdk/mainboard_bsp_wrapper_hw_platform_0/system.hdf'.
14:52:36 INFO  : 'configparams force-mem-access 1' command is executed.
14:52:36 INFO  : Context for 'APU' is selected.
14:52:37 INFO  : 'ps7_init' command is executed.
14:52:37 INFO  : 'ps7_post_config' command is executed.
14:52:37 INFO  : Context for processor 'ps7_cortexa9_0' is selected.
14:52:37 INFO  : The application 'E:/FPGA_PTOJECT/LIDAR/MAINBOARD_PJT_V5_0/MAINBOARD_PJT/MAINBOARD_PJT.sdk/main_V5_0/Debug/main_V5_0.elf' is downloaded to processor 'ps7_cortexa9_0'.
14:52:37 INFO  : 'configparams force-mem-access 0' command is executed.
14:52:37 INFO  : ----------------XSDB Script----------------
connect -url tcp:127.0.0.1:3121
source E:/FPGA_PTOJECT/LIDAR/MAINBOARD_PJT_V5_0/MAINBOARD_PJT/MAINBOARD_PJT.sdk/mainboard_bsp_wrapper_hw_platform_0/ps7_init.tcl
targets -set -nocase -filter {name =~"APU*" && jtag_cable_name =~ "Digilent JTAG-HS1 210512180081"} -index 0
rst -system
after 3000
targets -set -filter {jtag_cable_name =~ "Digilent JTAG-HS1 210512180081" && level==0} -index 1
fpga -file E:/FPGA_PTOJECT/LIDAR/MAINBOARD_PJT_V5_0/MAINBOARD_PJT/MAINBOARD_PJT.sdk/mainboard_bsp_wrapper_hw_platform_0/mainboard_bsp_wrapper.bit
targets -set -nocase -filter {name =~"APU*" && jtag_cable_name =~ "Digilent JTAG-HS1 210512180081"} -index 0
loadhw -hw E:/FPGA_PTOJECT/LIDAR/MAINBOARD_PJT_V5_0/MAINBOARD_PJT/MAINBOARD_PJT.sdk/mainboard_bsp_wrapper_hw_platform_0/system.hdf -mem-ranges [list {0x40000000 0xbfffffff}]
configparams force-mem-access 1
targets -set -nocase -filter {name =~"APU*" && jtag_cable_name =~ "Digilent JTAG-HS1 210512180081"} -index 0
ps7_init
ps7_post_config
targets -set -nocase -filter {name =~ "ARM*#0" && jtag_cable_name =~ "Digilent JTAG-HS1 210512180081"} -index 0
dow E:/FPGA_PTOJECT/LIDAR/MAINBOARD_PJT_V5_0/MAINBOARD_PJT/MAINBOARD_PJT.sdk/main_V5_0/Debug/main_V5_0.elf
configparams force-mem-access 0
----------------End of Script----------------

14:52:37 INFO  : Memory regions updated for context APU
14:52:37 INFO  : Context for processor 'ps7_cortexa9_0' is selected.
14:52:37 INFO  : 'con' command is executed.
14:52:37 INFO  : ----------------XSDB Script (After Launch)----------------
targets -set -nocase -filter {name =~ "ARM*#0" && jtag_cable_name =~ "Digilent JTAG-HS1 210512180081"} -index 0
con
----------------End of Script----------------

14:52:37 INFO  : Launch script is exported to file 'E:\FPGA_PTOJECT\LIDAR\MAINBOARD_PJT_V5_0\MAINBOARD_PJT\MAINBOARD_PJT.sdk\.sdk\launch_scripts\xilinx_c-c++_application_(system_debugger)\system_debugger_using_debug_main_v5_0.elf_on_local.tcl'
14:55:50 INFO  : Connected to target on host '127.0.0.1' and port '3121'.
14:55:50 INFO  : Jtag cable 'Digilent JTAG-HS1 210512180081' is selected.
14:55:50 INFO  : 'jtag frequency' command is executed.
14:55:50 INFO  : Sourcing of 'E:/FPGA_PTOJECT/LIDAR/MAINBOARD_PJT_V5_0/MAINBOARD_PJT/MAINBOARD_PJT.sdk/mainboard_bsp_wrapper_hw_platform_0/ps7_init.tcl' is done.
14:55:50 INFO  : Context for 'APU' is selected.
14:55:50 INFO  : System reset is completed.
14:55:53 INFO  : 'after 3000' command is executed.
14:55:54 INFO  : 'targets -set -filter {jtag_cable_name =~ "Digilent JTAG-HS1 210512180081" && level==0} -index 1' command is executed.
14:55:57 INFO  : FPGA configured successfully with bitstream "E:/FPGA_PTOJECT/LIDAR/MAINBOARD_PJT_V5_0/MAINBOARD_PJT/MAINBOARD_PJT.sdk/mainboard_bsp_wrapper_hw_platform_0/mainboard_bsp_wrapper.bit"
14:55:57 INFO  : Context for 'APU' is selected.
14:55:57 INFO  : Hardware design information is loaded from 'E:/FPGA_PTOJECT/LIDAR/MAINBOARD_PJT_V5_0/MAINBOARD_PJT/MAINBOARD_PJT.sdk/mainboard_bsp_wrapper_hw_platform_0/system.hdf'.
14:55:57 INFO  : 'configparams force-mem-access 1' command is executed.
14:55:57 INFO  : Context for 'APU' is selected.
14:55:57 INFO  : 'ps7_init' command is executed.
14:55:57 INFO  : 'ps7_post_config' command is executed.
14:55:57 INFO  : Context for processor 'ps7_cortexa9_0' is selected.
14:55:58 INFO  : The application 'E:/FPGA_PTOJECT/LIDAR/MAINBOARD_PJT_V5_0/MAINBOARD_PJT/MAINBOARD_PJT.sdk/main_V5_0/Debug/main_V5_0.elf' is downloaded to processor 'ps7_cortexa9_0'.
14:55:58 INFO  : 'configparams force-mem-access 0' command is executed.
14:55:58 INFO  : ----------------XSDB Script----------------
connect -url tcp:127.0.0.1:3121
source E:/FPGA_PTOJECT/LIDAR/MAINBOARD_PJT_V5_0/MAINBOARD_PJT/MAINBOARD_PJT.sdk/mainboard_bsp_wrapper_hw_platform_0/ps7_init.tcl
targets -set -nocase -filter {name =~"APU*" && jtag_cable_name =~ "Digilent JTAG-HS1 210512180081"} -index 0
rst -system
after 3000
targets -set -filter {jtag_cable_name =~ "Digilent JTAG-HS1 210512180081" && level==0} -index 1
fpga -file E:/FPGA_PTOJECT/LIDAR/MAINBOARD_PJT_V5_0/MAINBOARD_PJT/MAINBOARD_PJT.sdk/mainboard_bsp_wrapper_hw_platform_0/mainboard_bsp_wrapper.bit
targets -set -nocase -filter {name =~"APU*" && jtag_cable_name =~ "Digilent JTAG-HS1 210512180081"} -index 0
loadhw -hw E:/FPGA_PTOJECT/LIDAR/MAINBOARD_PJT_V5_0/MAINBOARD_PJT/MAINBOARD_PJT.sdk/mainboard_bsp_wrapper_hw_platform_0/system.hdf -mem-ranges [list {0x40000000 0xbfffffff}]
configparams force-mem-access 1
targets -set -nocase -filter {name =~"APU*" && jtag_cable_name =~ "Digilent JTAG-HS1 210512180081"} -index 0
ps7_init
ps7_post_config
targets -set -nocase -filter {name =~ "ARM*#0" && jtag_cable_name =~ "Digilent JTAG-HS1 210512180081"} -index 0
dow E:/FPGA_PTOJECT/LIDAR/MAINBOARD_PJT_V5_0/MAINBOARD_PJT/MAINBOARD_PJT.sdk/main_V5_0/Debug/main_V5_0.elf
configparams force-mem-access 0
----------------End of Script----------------

14:55:58 INFO  : Memory regions updated for context APU
14:55:58 INFO  : Context for processor 'ps7_cortexa9_0' is selected.
14:55:58 INFO  : 'con' command is executed.
14:55:58 INFO  : ----------------XSDB Script (After Launch)----------------
targets -set -nocase -filter {name =~ "ARM*#0" && jtag_cable_name =~ "Digilent JTAG-HS1 210512180081"} -index 0
con
----------------End of Script----------------

14:55:58 INFO  : Launch script is exported to file 'E:\FPGA_PTOJECT\LIDAR\MAINBOARD_PJT_V5_0\MAINBOARD_PJT\MAINBOARD_PJT.sdk\.sdk\launch_scripts\xilinx_c-c++_application_(system_debugger)\system_debugger_using_debug_main_v5_0.elf_on_local.tcl'
15:05:47 INFO  : Disconnected from the channel tcfchan#1.
15:05:47 WARN  : channel "tcfchan#1" closed
