11:11:59 INFO  : Registering command handlers for SDK TCF services
11:12:00 INFO  : Launching XSCT server: xsct.bat -interactive E:\VIVADO\LIDAR\TEST\TEST_V1_0\MAINBOARD_PJT\MAINBOARD_PJT.sdk\temp_xsdb_launch_script.tcl
11:12:03 INFO  : XSCT server has started successfully.
11:12:03 INFO  : Successfully done setting XSCT server connection channel  
11:12:04 INFO  : Successfully done setting SDK workspace  
11:12:04 INFO  : Processing command line option -hwspec E:/VIVADO/LIDAR/TEST/TEST_V1_0/MAINBOARD_PJT/MAINBOARD_PJT.sdk/mainboard_bsp_wrapper.hdf.
13:35:23 INFO  : Connected to target on host '127.0.0.1' and port '3121'.
13:35:25 INFO  : Jtag cable 'Digilent JTAG-HS1 210512180081' is selected.
13:35:25 INFO  : 'jtag frequency' command is executed.
13:35:25 INFO  : Sourcing of 'E:/VIVADO/LIDAR/TEST/TEST_V1_0/MAINBOARD_PJT/MAINBOARD_PJT.sdk/mainboard_bsp_wrapper_hw_platform_0/ps7_init.tcl' is done.
13:35:25 INFO  : Context for 'APU' is selected.
13:35:25 INFO  : System reset is completed.
13:35:28 INFO  : 'after 3000' command is executed.
13:35:29 INFO  : 'targets -set -filter {jtag_cable_name =~ "Digilent JTAG-HS1 210512180081" && level==0} -index 1' command is executed.
13:35:33 INFO  : FPGA configured successfully with bitstream "E:/VIVADO/LIDAR/TEST/TEST_V1_0/MAINBOARD_PJT/MAINBOARD_PJT.sdk/mainboard_bsp_wrapper_hw_platform_0/mainboard_bsp_wrapper.bit"
13:35:33 INFO  : Context for 'APU' is selected.
13:35:33 INFO  : Hardware design information is loaded from 'E:/VIVADO/LIDAR/TEST/TEST_V1_0/MAINBOARD_PJT/MAINBOARD_PJT.sdk/mainboard_bsp_wrapper_hw_platform_0/system.hdf'.
13:35:33 INFO  : 'configparams force-mem-access 1' command is executed.
13:35:33 INFO  : Context for 'APU' is selected.
13:35:34 INFO  : 'ps7_init' command is executed.
13:35:34 INFO  : 'ps7_post_config' command is executed.
13:35:34 INFO  : Context for processor 'ps7_cortexa9_0' is selected.
13:35:34 INFO  : The application 'E:/VIVADO/LIDAR/TEST/TEST_V1_0/MAINBOARD_PJT/MAINBOARD_PJT.sdk/MAINBOARD_TEST/Debug/MAINBOARD_TEST.elf' is downloaded to processor 'ps7_cortexa9_0'.
13:35:34 INFO  : 'configparams force-mem-access 0' command is executed.
13:35:34 INFO  : ----------------XSDB Script----------------
connect -url tcp:127.0.0.1:3121
source E:/VIVADO/LIDAR/TEST/TEST_V1_0/MAINBOARD_PJT/MAINBOARD_PJT.sdk/mainboard_bsp_wrapper_hw_platform_0/ps7_init.tcl
targets -set -nocase -filter {name =~"APU*" && jtag_cable_name =~ "Digilent JTAG-HS1 210512180081"} -index 0
rst -system
after 3000
targets -set -filter {jtag_cable_name =~ "Digilent JTAG-HS1 210512180081" && level==0} -index 1
fpga -file E:/VIVADO/LIDAR/TEST/TEST_V1_0/MAINBOARD_PJT/MAINBOARD_PJT.sdk/mainboard_bsp_wrapper_hw_platform_0/mainboard_bsp_wrapper.bit
targets -set -nocase -filter {name =~"APU*" && jtag_cable_name =~ "Digilent JTAG-HS1 210512180081"} -index 0
loadhw -hw E:/VIVADO/LIDAR/TEST/TEST_V1_0/MAINBOARD_PJT/MAINBOARD_PJT.sdk/mainboard_bsp_wrapper_hw_platform_0/system.hdf -mem-ranges [list {0x40000000 0xbfffffff}]
configparams force-mem-access 1
targets -set -nocase -filter {name =~"APU*" && jtag_cable_name =~ "Digilent JTAG-HS1 210512180081"} -index 0
ps7_init
ps7_post_config
targets -set -nocase -filter {name =~ "ARM*#0" && jtag_cable_name =~ "Digilent JTAG-HS1 210512180081"} -index 0
dow E:/VIVADO/LIDAR/TEST/TEST_V1_0/MAINBOARD_PJT/MAINBOARD_PJT.sdk/MAINBOARD_TEST/Debug/MAINBOARD_TEST.elf
configparams force-mem-access 0
----------------End of Script----------------

13:35:34 INFO  : Memory regions updated for context APU
13:35:34 INFO  : Context for processor 'ps7_cortexa9_0' is selected.
13:35:34 INFO  : 'con' command is executed.
13:35:34 INFO  : ----------------XSDB Script (After Launch)----------------
targets -set -nocase -filter {name =~ "ARM*#0" && jtag_cable_name =~ "Digilent JTAG-HS1 210512180081"} -index 0
con
----------------End of Script----------------

13:35:34 INFO  : Launch script is exported to file 'E:\VIVADO\LIDAR\TEST\TEST_V1_0\MAINBOARD_PJT\MAINBOARD_PJT.sdk\.sdk\launch_scripts\xilinx_c-c++_application_(system_debugger)\system_debugger_using_debug_mainboard_test.elf_on_local.tcl'
13:47:20 INFO  : Connected to target on host '127.0.0.1' and port '3121'.
13:47:20 INFO  : Jtag cable 'Digilent JTAG-HS1 210512180081' is selected.
13:47:20 INFO  : 'jtag frequency' command is executed.
13:47:20 INFO  : Sourcing of 'E:/VIVADO/LIDAR/TEST/TEST_V1_0/MAINBOARD_PJT/MAINBOARD_PJT.sdk/mainboard_bsp_wrapper_hw_platform_0/ps7_init.tcl' is done.
13:47:20 INFO  : Context for 'APU' is selected.
13:47:20 INFO  : System reset is completed.
13:47:23 INFO  : 'after 3000' command is executed.
13:47:23 INFO  : 'targets -set -filter {jtag_cable_name =~ "Digilent JTAG-HS1 210512180081" && level==0} -index 1' command is executed.
13:47:27 INFO  : FPGA configured successfully with bitstream "E:/VIVADO/LIDAR/TEST/TEST_V1_0/MAINBOARD_PJT/MAINBOARD_PJT.sdk/mainboard_bsp_wrapper_hw_platform_0/mainboard_bsp_wrapper.bit"
13:47:27 INFO  : Context for 'APU' is selected.
13:47:27 INFO  : Hardware design information is loaded from 'E:/VIVADO/LIDAR/TEST/TEST_V1_0/MAINBOARD_PJT/MAINBOARD_PJT.sdk/mainboard_bsp_wrapper_hw_platform_0/system.hdf'.
13:47:27 INFO  : 'configparams force-mem-access 1' command is executed.
13:47:27 INFO  : Context for 'APU' is selected.
13:47:27 INFO  : 'ps7_init' command is executed.
13:47:27 INFO  : 'ps7_post_config' command is executed.
13:47:27 INFO  : Context for processor 'ps7_cortexa9_0' is selected.
13:47:28 INFO  : The application 'E:/VIVADO/LIDAR/TEST/TEST_V1_0/MAINBOARD_PJT/MAINBOARD_PJT.sdk/MAINBOARD_TEST/Debug/MAINBOARD_TEST.elf' is downloaded to processor 'ps7_cortexa9_0'.
13:47:28 INFO  : 'configparams force-mem-access 0' command is executed.
13:47:28 INFO  : ----------------XSDB Script----------------
connect -url tcp:127.0.0.1:3121
source E:/VIVADO/LIDAR/TEST/TEST_V1_0/MAINBOARD_PJT/MAINBOARD_PJT.sdk/mainboard_bsp_wrapper_hw_platform_0/ps7_init.tcl
targets -set -nocase -filter {name =~"APU*" && jtag_cable_name =~ "Digilent JTAG-HS1 210512180081"} -index 0
rst -system
after 3000
targets -set -filter {jtag_cable_name =~ "Digilent JTAG-HS1 210512180081" && level==0} -index 1
fpga -file E:/VIVADO/LIDAR/TEST/TEST_V1_0/MAINBOARD_PJT/MAINBOARD_PJT.sdk/mainboard_bsp_wrapper_hw_platform_0/mainboard_bsp_wrapper.bit
targets -set -nocase -filter {name =~"APU*" && jtag_cable_name =~ "Digilent JTAG-HS1 210512180081"} -index 0
loadhw -hw E:/VIVADO/LIDAR/TEST/TEST_V1_0/MAINBOARD_PJT/MAINBOARD_PJT.sdk/mainboard_bsp_wrapper_hw_platform_0/system.hdf -mem-ranges [list {0x40000000 0xbfffffff}]
configparams force-mem-access 1
targets -set -nocase -filter {name =~"APU*" && jtag_cable_name =~ "Digilent JTAG-HS1 210512180081"} -index 0
ps7_init
ps7_post_config
targets -set -nocase -filter {name =~ "ARM*#0" && jtag_cable_name =~ "Digilent JTAG-HS1 210512180081"} -index 0
dow E:/VIVADO/LIDAR/TEST/TEST_V1_0/MAINBOARD_PJT/MAINBOARD_PJT.sdk/MAINBOARD_TEST/Debug/MAINBOARD_TEST.elf
configparams force-mem-access 0
----------------End of Script----------------

13:47:28 INFO  : Memory regions updated for context APU
13:47:28 INFO  : Context for processor 'ps7_cortexa9_0' is selected.
13:47:28 INFO  : 'con' command is executed.
13:47:28 INFO  : ----------------XSDB Script (After Launch)----------------
targets -set -nocase -filter {name =~ "ARM*#0" && jtag_cable_name =~ "Digilent JTAG-HS1 210512180081"} -index 0
con
----------------End of Script----------------

13:47:28 INFO  : Launch script is exported to file 'E:\VIVADO\LIDAR\TEST\TEST_V1_0\MAINBOARD_PJT\MAINBOARD_PJT.sdk\.sdk\launch_scripts\xilinx_c-c++_application_(system_debugger)\system_debugger_using_debug_mainboard_test.elf_on_local.tcl'
14:06:23 INFO  : Connected to target on host '127.0.0.1' and port '3121'.
14:06:23 INFO  : Jtag cable 'Digilent JTAG-HS1 210512180081' is selected.
14:06:23 INFO  : 'jtag frequency' command is executed.
14:06:23 INFO  : Sourcing of 'E:/VIVADO/LIDAR/TEST/TEST_V1_0/MAINBOARD_PJT/MAINBOARD_PJT.sdk/mainboard_bsp_wrapper_hw_platform_0/ps7_init.tcl' is done.
14:06:23 INFO  : Context for 'APU' is selected.
14:06:24 INFO  : System reset is completed.
14:06:27 INFO  : 'after 3000' command is executed.
14:06:27 INFO  : 'targets -set -filter {jtag_cable_name =~ "Digilent JTAG-HS1 210512180081" && level==0} -index 1' command is executed.
14:06:30 INFO  : FPGA configured successfully with bitstream "E:/VIVADO/LIDAR/TEST/TEST_V1_0/MAINBOARD_PJT/MAINBOARD_PJT.sdk/mainboard_bsp_wrapper_hw_platform_0/mainboard_bsp_wrapper.bit"
14:06:30 INFO  : Context for 'APU' is selected.
14:06:30 INFO  : Hardware design information is loaded from 'E:/VIVADO/LIDAR/TEST/TEST_V1_0/MAINBOARD_PJT/MAINBOARD_PJT.sdk/mainboard_bsp_wrapper_hw_platform_0/system.hdf'.
14:06:30 INFO  : 'configparams force-mem-access 1' command is executed.
14:06:30 INFO  : Context for 'APU' is selected.
14:06:31 INFO  : 'ps7_init' command is executed.
14:06:31 INFO  : 'ps7_post_config' command is executed.
14:06:31 INFO  : Context for processor 'ps7_cortexa9_0' is selected.
14:06:31 INFO  : The application 'E:/VIVADO/LIDAR/TEST/TEST_V1_0/MAINBOARD_PJT/MAINBOARD_PJT.sdk/MAINBOARD_TEST/Debug/MAINBOARD_TEST.elf' is downloaded to processor 'ps7_cortexa9_0'.
14:06:31 INFO  : 'configparams force-mem-access 0' command is executed.
14:06:31 INFO  : ----------------XSDB Script----------------
connect -url tcp:127.0.0.1:3121
source E:/VIVADO/LIDAR/TEST/TEST_V1_0/MAINBOARD_PJT/MAINBOARD_PJT.sdk/mainboard_bsp_wrapper_hw_platform_0/ps7_init.tcl
targets -set -nocase -filter {name =~"APU*" && jtag_cable_name =~ "Digilent JTAG-HS1 210512180081"} -index 0
rst -system
after 3000
targets -set -filter {jtag_cable_name =~ "Digilent JTAG-HS1 210512180081" && level==0} -index 1
fpga -file E:/VIVADO/LIDAR/TEST/TEST_V1_0/MAINBOARD_PJT/MAINBOARD_PJT.sdk/mainboard_bsp_wrapper_hw_platform_0/mainboard_bsp_wrapper.bit
targets -set -nocase -filter {name =~"APU*" && jtag_cable_name =~ "Digilent JTAG-HS1 210512180081"} -index 0
loadhw -hw E:/VIVADO/LIDAR/TEST/TEST_V1_0/MAINBOARD_PJT/MAINBOARD_PJT.sdk/mainboard_bsp_wrapper_hw_platform_0/system.hdf -mem-ranges [list {0x40000000 0xbfffffff}]
configparams force-mem-access 1
targets -set -nocase -filter {name =~"APU*" && jtag_cable_name =~ "Digilent JTAG-HS1 210512180081"} -index 0
ps7_init
ps7_post_config
targets -set -nocase -filter {name =~ "ARM*#0" && jtag_cable_name =~ "Digilent JTAG-HS1 210512180081"} -index 0
dow E:/VIVADO/LIDAR/TEST/TEST_V1_0/MAINBOARD_PJT/MAINBOARD_PJT.sdk/MAINBOARD_TEST/Debug/MAINBOARD_TEST.elf
configparams force-mem-access 0
----------------End of Script----------------

14:06:31 INFO  : Memory regions updated for context APU
14:06:31 INFO  : Context for processor 'ps7_cortexa9_0' is selected.
14:06:31 INFO  : 'con' command is executed.
14:06:31 INFO  : ----------------XSDB Script (After Launch)----------------
targets -set -nocase -filter {name =~ "ARM*#0" && jtag_cable_name =~ "Digilent JTAG-HS1 210512180081"} -index 0
con
----------------End of Script----------------

14:06:31 INFO  : Launch script is exported to file 'E:\VIVADO\LIDAR\TEST\TEST_V1_0\MAINBOARD_PJT\MAINBOARD_PJT.sdk\.sdk\launch_scripts\xilinx_c-c++_application_(system_debugger)\system_debugger_using_debug_mainboard_test.elf_on_local.tcl'
14:16:54 INFO  : Connected to target on host '127.0.0.1' and port '3121'.
14:16:54 INFO  : Jtag cable 'Digilent JTAG-HS1 210512180081' is selected.
14:16:54 INFO  : 'jtag frequency' command is executed.
14:16:54 INFO  : Sourcing of 'E:/VIVADO/LIDAR/TEST/TEST_V1_0/MAINBOARD_PJT/MAINBOARD_PJT.sdk/mainboard_bsp_wrapper_hw_platform_0/ps7_init.tcl' is done.
14:16:54 INFO  : Context for 'APU' is selected.
14:16:54 INFO  : System reset is completed.
14:16:57 INFO  : 'after 3000' command is executed.
14:16:57 INFO  : 'targets -set -filter {jtag_cable_name =~ "Digilent JTAG-HS1 210512180081" && level==0} -index 1' command is executed.
14:17:01 INFO  : FPGA configured successfully with bitstream "E:/VIVADO/LIDAR/TEST/TEST_V1_0/MAINBOARD_PJT/MAINBOARD_PJT.sdk/mainboard_bsp_wrapper_hw_platform_0/mainboard_bsp_wrapper.bit"
14:17:01 INFO  : Context for 'APU' is selected.
14:17:01 INFO  : Hardware design information is loaded from 'E:/VIVADO/LIDAR/TEST/TEST_V1_0/MAINBOARD_PJT/MAINBOARD_PJT.sdk/mainboard_bsp_wrapper_hw_platform_0/system.hdf'.
14:17:01 INFO  : 'configparams force-mem-access 1' command is executed.
14:17:01 INFO  : Context for 'APU' is selected.
14:17:01 INFO  : 'ps7_init' command is executed.
14:17:01 INFO  : 'ps7_post_config' command is executed.
14:17:01 INFO  : Context for processor 'ps7_cortexa9_0' is selected.
14:17:02 INFO  : The application 'E:/VIVADO/LIDAR/TEST/TEST_V1_0/MAINBOARD_PJT/MAINBOARD_PJT.sdk/MAINBOARD_TEST/Debug/MAINBOARD_TEST.elf' is downloaded to processor 'ps7_cortexa9_0'.
14:17:02 INFO  : 'configparams force-mem-access 0' command is executed.
14:17:02 INFO  : ----------------XSDB Script----------------
connect -url tcp:127.0.0.1:3121
source E:/VIVADO/LIDAR/TEST/TEST_V1_0/MAINBOARD_PJT/MAINBOARD_PJT.sdk/mainboard_bsp_wrapper_hw_platform_0/ps7_init.tcl
targets -set -nocase -filter {name =~"APU*" && jtag_cable_name =~ "Digilent JTAG-HS1 210512180081"} -index 0
rst -system
after 3000
targets -set -filter {jtag_cable_name =~ "Digilent JTAG-HS1 210512180081" && level==0} -index 1
fpga -file E:/VIVADO/LIDAR/TEST/TEST_V1_0/MAINBOARD_PJT/MAINBOARD_PJT.sdk/mainboard_bsp_wrapper_hw_platform_0/mainboard_bsp_wrapper.bit
targets -set -nocase -filter {name =~"APU*" && jtag_cable_name =~ "Digilent JTAG-HS1 210512180081"} -index 0
loadhw -hw E:/VIVADO/LIDAR/TEST/TEST_V1_0/MAINBOARD_PJT/MAINBOARD_PJT.sdk/mainboard_bsp_wrapper_hw_platform_0/system.hdf -mem-ranges [list {0x40000000 0xbfffffff}]
configparams force-mem-access 1
targets -set -nocase -filter {name =~"APU*" && jtag_cable_name =~ "Digilent JTAG-HS1 210512180081"} -index 0
ps7_init
ps7_post_config
targets -set -nocase -filter {name =~ "ARM*#0" && jtag_cable_name =~ "Digilent JTAG-HS1 210512180081"} -index 0
dow E:/VIVADO/LIDAR/TEST/TEST_V1_0/MAINBOARD_PJT/MAINBOARD_PJT.sdk/MAINBOARD_TEST/Debug/MAINBOARD_TEST.elf
configparams force-mem-access 0
----------------End of Script----------------

14:17:02 INFO  : Memory regions updated for context APU
14:17:02 INFO  : Context for processor 'ps7_cortexa9_0' is selected.
14:17:02 INFO  : 'con' command is executed.
14:17:02 INFO  : ----------------XSDB Script (After Launch)----------------
targets -set -nocase -filter {name =~ "ARM*#0" && jtag_cable_name =~ "Digilent JTAG-HS1 210512180081"} -index 0
con
----------------End of Script----------------

14:17:02 INFO  : Launch script is exported to file 'E:\VIVADO\LIDAR\TEST\TEST_V1_0\MAINBOARD_PJT\MAINBOARD_PJT.sdk\.sdk\launch_scripts\xilinx_c-c++_application_(system_debugger)\system_debugger_using_debug_mainboard_test.elf_on_local.tcl'
14:25:16 INFO  : Connected to target on host '127.0.0.1' and port '3121'.
14:25:16 INFO  : Jtag cable 'Digilent JTAG-HS1 210512180081' is selected.
14:25:16 INFO  : 'jtag frequency' command is executed.
14:25:16 INFO  : Sourcing of 'E:/VIVADO/LIDAR/TEST/TEST_V1_0/MAINBOARD_PJT/MAINBOARD_PJT.sdk/mainboard_bsp_wrapper_hw_platform_0/ps7_init.tcl' is done.
14:25:16 INFO  : Context for 'APU' is selected.
14:25:17 INFO  : System reset is completed.
14:25:20 INFO  : 'after 3000' command is executed.
14:25:20 INFO  : 'targets -set -filter {jtag_cable_name =~ "Digilent JTAG-HS1 210512180081" && level==0} -index 1' command is executed.
14:25:23 INFO  : FPGA configured successfully with bitstream "E:/VIVADO/LIDAR/TEST/TEST_V1_0/MAINBOARD_PJT/MAINBOARD_PJT.sdk/mainboard_bsp_wrapper_hw_platform_0/mainboard_bsp_wrapper.bit"
14:25:23 INFO  : Context for 'APU' is selected.
14:25:23 INFO  : Hardware design information is loaded from 'E:/VIVADO/LIDAR/TEST/TEST_V1_0/MAINBOARD_PJT/MAINBOARD_PJT.sdk/mainboard_bsp_wrapper_hw_platform_0/system.hdf'.
14:25:23 INFO  : 'configparams force-mem-access 1' command is executed.
14:25:23 INFO  : Context for 'APU' is selected.
14:25:24 INFO  : 'ps7_init' command is executed.
14:25:24 INFO  : 'ps7_post_config' command is executed.
14:25:24 INFO  : Context for processor 'ps7_cortexa9_0' is selected.
14:25:24 INFO  : The application 'E:/VIVADO/LIDAR/TEST/TEST_V1_0/MAINBOARD_PJT/MAINBOARD_PJT.sdk/MAINBOARD_TEST/Debug/MAINBOARD_TEST.elf' is downloaded to processor 'ps7_cortexa9_0'.
14:25:24 INFO  : 'configparams force-mem-access 0' command is executed.
14:25:24 INFO  : ----------------XSDB Script----------------
connect -url tcp:127.0.0.1:3121
source E:/VIVADO/LIDAR/TEST/TEST_V1_0/MAINBOARD_PJT/MAINBOARD_PJT.sdk/mainboard_bsp_wrapper_hw_platform_0/ps7_init.tcl
targets -set -nocase -filter {name =~"APU*" && jtag_cable_name =~ "Digilent JTAG-HS1 210512180081"} -index 0
rst -system
after 3000
targets -set -filter {jtag_cable_name =~ "Digilent JTAG-HS1 210512180081" && level==0} -index 1
fpga -file E:/VIVADO/LIDAR/TEST/TEST_V1_0/MAINBOARD_PJT/MAINBOARD_PJT.sdk/mainboard_bsp_wrapper_hw_platform_0/mainboard_bsp_wrapper.bit
targets -set -nocase -filter {name =~"APU*" && jtag_cable_name =~ "Digilent JTAG-HS1 210512180081"} -index 0
loadhw -hw E:/VIVADO/LIDAR/TEST/TEST_V1_0/MAINBOARD_PJT/MAINBOARD_PJT.sdk/mainboard_bsp_wrapper_hw_platform_0/system.hdf -mem-ranges [list {0x40000000 0xbfffffff}]
configparams force-mem-access 1
targets -set -nocase -filter {name =~"APU*" && jtag_cable_name =~ "Digilent JTAG-HS1 210512180081"} -index 0
ps7_init
ps7_post_config
targets -set -nocase -filter {name =~ "ARM*#0" && jtag_cable_name =~ "Digilent JTAG-HS1 210512180081"} -index 0
dow E:/VIVADO/LIDAR/TEST/TEST_V1_0/MAINBOARD_PJT/MAINBOARD_PJT.sdk/MAINBOARD_TEST/Debug/MAINBOARD_TEST.elf
configparams force-mem-access 0
----------------End of Script----------------

14:25:24 INFO  : Memory regions updated for context APU
14:25:24 INFO  : Context for processor 'ps7_cortexa9_0' is selected.
14:25:24 INFO  : 'con' command is executed.
14:25:24 INFO  : ----------------XSDB Script (After Launch)----------------
targets -set -nocase -filter {name =~ "ARM*#0" && jtag_cable_name =~ "Digilent JTAG-HS1 210512180081"} -index 0
con
----------------End of Script----------------

14:25:24 INFO  : Launch script is exported to file 'E:\VIVADO\LIDAR\TEST\TEST_V1_0\MAINBOARD_PJT\MAINBOARD_PJT.sdk\.sdk\launch_scripts\xilinx_c-c++_application_(system_debugger)\system_debugger_using_debug_mainboard_test.elf_on_local.tcl'
14:29:09 INFO  : Connected to target on host '127.0.0.1' and port '3121'.
14:29:09 INFO  : Jtag cable 'Digilent JTAG-HS1 210512180081' is selected.
14:29:09 INFO  : 'jtag frequency' command is executed.
14:29:09 INFO  : Sourcing of 'E:/VIVADO/LIDAR/TEST/TEST_V1_0/MAINBOARD_PJT/MAINBOARD_PJT.sdk/mainboard_bsp_wrapper_hw_platform_0/ps7_init.tcl' is done.
14:29:09 INFO  : Context for 'APU' is selected.
14:29:09 INFO  : System reset is completed.
14:29:12 INFO  : 'after 3000' command is executed.
14:29:12 INFO  : 'targets -set -filter {jtag_cable_name =~ "Digilent JTAG-HS1 210512180081" && level==0} -index 1' command is executed.
14:29:16 INFO  : FPGA configured successfully with bitstream "E:/VIVADO/LIDAR/TEST/TEST_V1_0/MAINBOARD_PJT/MAINBOARD_PJT.sdk/mainboard_bsp_wrapper_hw_platform_0/mainboard_bsp_wrapper.bit"
14:29:16 INFO  : Context for 'APU' is selected.
14:29:16 INFO  : Hardware design information is loaded from 'E:/VIVADO/LIDAR/TEST/TEST_V1_0/MAINBOARD_PJT/MAINBOARD_PJT.sdk/mainboard_bsp_wrapper_hw_platform_0/system.hdf'.
14:29:16 INFO  : 'configparams force-mem-access 1' command is executed.
14:29:16 INFO  : Context for 'APU' is selected.
14:29:16 INFO  : 'ps7_init' command is executed.
14:29:16 INFO  : 'ps7_post_config' command is executed.
14:29:16 INFO  : Context for processor 'ps7_cortexa9_0' is selected.
14:29:17 INFO  : The application 'E:/VIVADO/LIDAR/TEST/TEST_V1_0/MAINBOARD_PJT/MAINBOARD_PJT.sdk/MAINBOARD_TEST/Debug/MAINBOARD_TEST.elf' is downloaded to processor 'ps7_cortexa9_0'.
14:29:17 INFO  : 'configparams force-mem-access 0' command is executed.
14:29:17 INFO  : ----------------XSDB Script----------------
connect -url tcp:127.0.0.1:3121
source E:/VIVADO/LIDAR/TEST/TEST_V1_0/MAINBOARD_PJT/MAINBOARD_PJT.sdk/mainboard_bsp_wrapper_hw_platform_0/ps7_init.tcl
targets -set -nocase -filter {name =~"APU*" && jtag_cable_name =~ "Digilent JTAG-HS1 210512180081"} -index 0
rst -system
after 3000
targets -set -filter {jtag_cable_name =~ "Digilent JTAG-HS1 210512180081" && level==0} -index 1
fpga -file E:/VIVADO/LIDAR/TEST/TEST_V1_0/MAINBOARD_PJT/MAINBOARD_PJT.sdk/mainboard_bsp_wrapper_hw_platform_0/mainboard_bsp_wrapper.bit
targets -set -nocase -filter {name =~"APU*" && jtag_cable_name =~ "Digilent JTAG-HS1 210512180081"} -index 0
loadhw -hw E:/VIVADO/LIDAR/TEST/TEST_V1_0/MAINBOARD_PJT/MAINBOARD_PJT.sdk/mainboard_bsp_wrapper_hw_platform_0/system.hdf -mem-ranges [list {0x40000000 0xbfffffff}]
configparams force-mem-access 1
targets -set -nocase -filter {name =~"APU*" && jtag_cable_name =~ "Digilent JTAG-HS1 210512180081"} -index 0
ps7_init
ps7_post_config
targets -set -nocase -filter {name =~ "ARM*#0" && jtag_cable_name =~ "Digilent JTAG-HS1 210512180081"} -index 0
dow E:/VIVADO/LIDAR/TEST/TEST_V1_0/MAINBOARD_PJT/MAINBOARD_PJT.sdk/MAINBOARD_TEST/Debug/MAINBOARD_TEST.elf
configparams force-mem-access 0
----------------End of Script----------------

14:29:17 INFO  : Memory regions updated for context APU
14:29:17 INFO  : Context for processor 'ps7_cortexa9_0' is selected.
14:29:17 INFO  : 'con' command is executed.
14:29:17 INFO  : ----------------XSDB Script (After Launch)----------------
targets -set -nocase -filter {name =~ "ARM*#0" && jtag_cable_name =~ "Digilent JTAG-HS1 210512180081"} -index 0
con
----------------End of Script----------------

14:29:17 INFO  : Launch script is exported to file 'E:\VIVADO\LIDAR\TEST\TEST_V1_0\MAINBOARD_PJT\MAINBOARD_PJT.sdk\.sdk\launch_scripts\xilinx_c-c++_application_(system_debugger)\system_debugger_using_debug_mainboard_test.elf_on_local.tcl'
14:40:44 INFO  : Connected to target on host '127.0.0.1' and port '3121'.
14:40:45 INFO  : Jtag cable 'Digilent JTAG-HS1 210512180081' is selected.
14:40:45 INFO  : 'jtag frequency' command is executed.
14:40:45 INFO  : Sourcing of 'E:/VIVADO/LIDAR/TEST/TEST_V1_0/MAINBOARD_PJT/MAINBOARD_PJT.sdk/mainboard_bsp_wrapper_hw_platform_0/ps7_init.tcl' is done.
14:40:45 INFO  : Context for 'APU' is selected.
14:40:45 INFO  : System reset is completed.
14:40:48 INFO  : 'after 3000' command is executed.
14:40:48 INFO  : 'targets -set -filter {jtag_cable_name =~ "Digilent JTAG-HS1 210512180081" && level==0} -index 1' command is executed.
14:40:51 INFO  : FPGA configured successfully with bitstream "E:/VIVADO/LIDAR/TEST/TEST_V1_0/MAINBOARD_PJT/MAINBOARD_PJT.sdk/mainboard_bsp_wrapper_hw_platform_0/mainboard_bsp_wrapper.bit"
14:40:52 INFO  : Context for 'APU' is selected.
14:40:52 INFO  : Hardware design information is loaded from 'E:/VIVADO/LIDAR/TEST/TEST_V1_0/MAINBOARD_PJT/MAINBOARD_PJT.sdk/mainboard_bsp_wrapper_hw_platform_0/system.hdf'.
14:40:52 INFO  : 'configparams force-mem-access 1' command is executed.
14:40:52 INFO  : Context for 'APU' is selected.
14:40:52 INFO  : 'ps7_init' command is executed.
14:40:52 INFO  : 'ps7_post_config' command is executed.
14:40:52 INFO  : Context for processor 'ps7_cortexa9_0' is selected.
14:40:53 INFO  : The application 'E:/VIVADO/LIDAR/TEST/TEST_V1_0/MAINBOARD_PJT/MAINBOARD_PJT.sdk/MAINBOARD_TEST/Debug/MAINBOARD_TEST.elf' is downloaded to processor 'ps7_cortexa9_0'.
14:40:53 INFO  : 'configparams force-mem-access 0' command is executed.
14:40:53 INFO  : ----------------XSDB Script----------------
connect -url tcp:127.0.0.1:3121
source E:/VIVADO/LIDAR/TEST/TEST_V1_0/MAINBOARD_PJT/MAINBOARD_PJT.sdk/mainboard_bsp_wrapper_hw_platform_0/ps7_init.tcl
targets -set -nocase -filter {name =~"APU*" && jtag_cable_name =~ "Digilent JTAG-HS1 210512180081"} -index 0
rst -system
after 3000
targets -set -filter {jtag_cable_name =~ "Digilent JTAG-HS1 210512180081" && level==0} -index 1
fpga -file E:/VIVADO/LIDAR/TEST/TEST_V1_0/MAINBOARD_PJT/MAINBOARD_PJT.sdk/mainboard_bsp_wrapper_hw_platform_0/mainboard_bsp_wrapper.bit
targets -set -nocase -filter {name =~"APU*" && jtag_cable_name =~ "Digilent JTAG-HS1 210512180081"} -index 0
loadhw -hw E:/VIVADO/LIDAR/TEST/TEST_V1_0/MAINBOARD_PJT/MAINBOARD_PJT.sdk/mainboard_bsp_wrapper_hw_platform_0/system.hdf -mem-ranges [list {0x40000000 0xbfffffff}]
configparams force-mem-access 1
targets -set -nocase -filter {name =~"APU*" && jtag_cable_name =~ "Digilent JTAG-HS1 210512180081"} -index 0
ps7_init
ps7_post_config
targets -set -nocase -filter {name =~ "ARM*#0" && jtag_cable_name =~ "Digilent JTAG-HS1 210512180081"} -index 0
dow E:/VIVADO/LIDAR/TEST/TEST_V1_0/MAINBOARD_PJT/MAINBOARD_PJT.sdk/MAINBOARD_TEST/Debug/MAINBOARD_TEST.elf
configparams force-mem-access 0
----------------End of Script----------------

14:40:53 INFO  : Memory regions updated for context APU
14:40:53 INFO  : Context for processor 'ps7_cortexa9_0' is selected.
14:40:53 INFO  : 'con' command is executed.
14:40:53 INFO  : ----------------XSDB Script (After Launch)----------------
targets -set -nocase -filter {name =~ "ARM*#0" && jtag_cable_name =~ "Digilent JTAG-HS1 210512180081"} -index 0
con
----------------End of Script----------------

14:40:53 INFO  : Launch script is exported to file 'E:\VIVADO\LIDAR\TEST\TEST_V1_0\MAINBOARD_PJT\MAINBOARD_PJT.sdk\.sdk\launch_scripts\xilinx_c-c++_application_(system_debugger)\system_debugger_using_debug_mainboard_test.elf_on_local.tcl'
15:15:57 INFO  : Connected to target on host '127.0.0.1' and port '3121'.
15:15:58 INFO  : Jtag cable 'Digilent JTAG-HS1 210512180081' is selected.
15:15:58 INFO  : 'jtag frequency' command is executed.
15:15:58 INFO  : Sourcing of 'E:/VIVADO/LIDAR/TEST/TEST_V1_0/MAINBOARD_PJT/MAINBOARD_PJT.sdk/mainboard_bsp_wrapper_hw_platform_0/ps7_init.tcl' is done.
15:15:58 INFO  : Context for 'APU' is selected.
15:15:58 INFO  : System reset is completed.
15:16:01 INFO  : 'after 3000' command is executed.
15:16:01 INFO  : 'targets -set -filter {jtag_cable_name =~ "Digilent JTAG-HS1 210512180081" && level==0} -index 1' command is executed.
15:16:05 INFO  : FPGA configured successfully with bitstream "E:/VIVADO/LIDAR/TEST/TEST_V1_0/MAINBOARD_PJT/MAINBOARD_PJT.sdk/mainboard_bsp_wrapper_hw_platform_0/mainboard_bsp_wrapper.bit"
15:16:05 INFO  : Context for 'APU' is selected.
15:16:05 INFO  : Hardware design information is loaded from 'E:/VIVADO/LIDAR/TEST/TEST_V1_0/MAINBOARD_PJT/MAINBOARD_PJT.sdk/mainboard_bsp_wrapper_hw_platform_0/system.hdf'.
15:16:05 INFO  : 'configparams force-mem-access 1' command is executed.
15:16:05 INFO  : Context for 'APU' is selected.
15:16:05 INFO  : 'ps7_init' command is executed.
15:16:05 INFO  : 'ps7_post_config' command is executed.
15:16:05 INFO  : Context for processor 'ps7_cortexa9_0' is selected.
15:16:05 INFO  : The application 'E:/VIVADO/LIDAR/TEST/TEST_V1_0/MAINBOARD_PJT/MAINBOARD_PJT.sdk/MAINBOARD_TEST/Debug/MAINBOARD_TEST.elf' is downloaded to processor 'ps7_cortexa9_0'.
15:16:05 INFO  : 'configparams force-mem-access 0' command is executed.
15:16:05 INFO  : ----------------XSDB Script----------------
connect -url tcp:127.0.0.1:3121
source E:/VIVADO/LIDAR/TEST/TEST_V1_0/MAINBOARD_PJT/MAINBOARD_PJT.sdk/mainboard_bsp_wrapper_hw_platform_0/ps7_init.tcl
targets -set -nocase -filter {name =~"APU*" && jtag_cable_name =~ "Digilent JTAG-HS1 210512180081"} -index 0
rst -system
after 3000
targets -set -filter {jtag_cable_name =~ "Digilent JTAG-HS1 210512180081" && level==0} -index 1
fpga -file E:/VIVADO/LIDAR/TEST/TEST_V1_0/MAINBOARD_PJT/MAINBOARD_PJT.sdk/mainboard_bsp_wrapper_hw_platform_0/mainboard_bsp_wrapper.bit
targets -set -nocase -filter {name =~"APU*" && jtag_cable_name =~ "Digilent JTAG-HS1 210512180081"} -index 0
loadhw -hw E:/VIVADO/LIDAR/TEST/TEST_V1_0/MAINBOARD_PJT/MAINBOARD_PJT.sdk/mainboard_bsp_wrapper_hw_platform_0/system.hdf -mem-ranges [list {0x40000000 0xbfffffff}]
configparams force-mem-access 1
targets -set -nocase -filter {name =~"APU*" && jtag_cable_name =~ "Digilent JTAG-HS1 210512180081"} -index 0
ps7_init
ps7_post_config
targets -set -nocase -filter {name =~ "ARM*#0" && jtag_cable_name =~ "Digilent JTAG-HS1 210512180081"} -index 0
dow E:/VIVADO/LIDAR/TEST/TEST_V1_0/MAINBOARD_PJT/MAINBOARD_PJT.sdk/MAINBOARD_TEST/Debug/MAINBOARD_TEST.elf
configparams force-mem-access 0
----------------End of Script----------------

15:16:05 INFO  : Memory regions updated for context APU
15:16:06 INFO  : Context for processor 'ps7_cortexa9_0' is selected.
15:16:06 INFO  : 'con' command is executed.
15:16:06 INFO  : ----------------XSDB Script (After Launch)----------------
targets -set -nocase -filter {name =~ "ARM*#0" && jtag_cable_name =~ "Digilent JTAG-HS1 210512180081"} -index 0
con
----------------End of Script----------------

15:16:06 INFO  : Launch script is exported to file 'E:\VIVADO\LIDAR\TEST\TEST_V1_0\MAINBOARD_PJT\MAINBOARD_PJT.sdk\.sdk\launch_scripts\xilinx_c-c++_application_(system_debugger)\system_debugger_using_debug_mainboard_test.elf_on_local.tcl'
15:18:15 INFO  : Disconnected from the channel tcfchan#1.
15:18:16 INFO  : Connected to target on host '127.0.0.1' and port '3121'.
15:18:16 INFO  : Jtag cable 'Digilent JTAG-HS1 210512180081' is selected.
15:18:16 INFO  : 'jtag frequency' command is executed.
15:18:16 INFO  : Sourcing of 'E:/VIVADO/LIDAR/TEST/TEST_V1_0/MAINBOARD_PJT/MAINBOARD_PJT.sdk/mainboard_bsp_wrapper_hw_platform_0/ps7_init.tcl' is done.
15:18:16 INFO  : Context for 'APU' is selected.
15:18:17 INFO  : System reset is completed.
15:18:20 INFO  : 'after 3000' command is executed.
15:18:20 INFO  : 'targets -set -filter {jtag_cable_name =~ "Digilent JTAG-HS1 210512180081" && level==0} -index 1' command is executed.
15:18:23 INFO  : FPGA configured successfully with bitstream "E:/VIVADO/LIDAR/TEST/TEST_V1_0/MAINBOARD_PJT/MAINBOARD_PJT.sdk/mainboard_bsp_wrapper_hw_platform_0/mainboard_bsp_wrapper.bit"
15:18:23 INFO  : Context for 'APU' is selected.
15:18:25 INFO  : Hardware design information is loaded from 'E:/VIVADO/LIDAR/TEST/TEST_V1_0/MAINBOARD_PJT/MAINBOARD_PJT.sdk/mainboard_bsp_wrapper_hw_platform_0/system.hdf'.
15:18:25 INFO  : 'configparams force-mem-access 1' command is executed.
15:18:25 INFO  : Context for 'APU' is selected.
15:18:25 INFO  : 'ps7_init' command is executed.
15:18:25 INFO  : 'ps7_post_config' command is executed.
15:18:25 INFO  : Context for processor 'ps7_cortexa9_0' is selected.
15:18:26 INFO  : The application 'E:/VIVADO/LIDAR/TEST/TEST_V1_0/MAINBOARD_PJT/MAINBOARD_PJT.sdk/MAINBOARD_TEST/Debug/MAINBOARD_TEST.elf' is downloaded to processor 'ps7_cortexa9_0'.
15:18:26 INFO  : 'configparams force-mem-access 0' command is executed.
15:18:26 INFO  : ----------------XSDB Script----------------
connect -url tcp:127.0.0.1:3121
source E:/VIVADO/LIDAR/TEST/TEST_V1_0/MAINBOARD_PJT/MAINBOARD_PJT.sdk/mainboard_bsp_wrapper_hw_platform_0/ps7_init.tcl
targets -set -nocase -filter {name =~"APU*" && jtag_cable_name =~ "Digilent JTAG-HS1 210512180081"} -index 0
rst -system
after 3000
targets -set -filter {jtag_cable_name =~ "Digilent JTAG-HS1 210512180081" && level==0} -index 1
fpga -file E:/VIVADO/LIDAR/TEST/TEST_V1_0/MAINBOARD_PJT/MAINBOARD_PJT.sdk/mainboard_bsp_wrapper_hw_platform_0/mainboard_bsp_wrapper.bit
targets -set -nocase -filter {name =~"APU*" && jtag_cable_name =~ "Digilent JTAG-HS1 210512180081"} -index 0
loadhw -hw E:/VIVADO/LIDAR/TEST/TEST_V1_0/MAINBOARD_PJT/MAINBOARD_PJT.sdk/mainboard_bsp_wrapper_hw_platform_0/system.hdf -mem-ranges [list {0x40000000 0xbfffffff}]
configparams force-mem-access 1
targets -set -nocase -filter {name =~"APU*" && jtag_cable_name =~ "Digilent JTAG-HS1 210512180081"} -index 0
ps7_init
ps7_post_config
targets -set -nocase -filter {name =~ "ARM*#0" && jtag_cable_name =~ "Digilent JTAG-HS1 210512180081"} -index 0
dow E:/VIVADO/LIDAR/TEST/TEST_V1_0/MAINBOARD_PJT/MAINBOARD_PJT.sdk/MAINBOARD_TEST/Debug/MAINBOARD_TEST.elf
configparams force-mem-access 0
----------------End of Script----------------

15:18:26 INFO  : Memory regions updated for context APU
15:18:26 INFO  : Context for processor 'ps7_cortexa9_0' is selected.
15:18:26 INFO  : 'con' command is executed.
15:18:26 INFO  : ----------------XSDB Script (After Launch)----------------
targets -set -nocase -filter {name =~ "ARM*#0" && jtag_cable_name =~ "Digilent JTAG-HS1 210512180081"} -index 0
con
----------------End of Script----------------

15:18:26 INFO  : Launch script is exported to file 'E:\VIVADO\LIDAR\TEST\TEST_V1_0\MAINBOARD_PJT\MAINBOARD_PJT.sdk\.sdk\launch_scripts\xilinx_c-c++_application_(system_debugger)\system_debugger_using_debug_mainboard_test.elf_on_local.tcl'
16:00:02 INFO  : Connected to target on host '127.0.0.1' and port '3121'.
16:00:03 INFO  : Jtag cable 'Digilent JTAG-HS1 210512180081' is selected.
16:00:03 INFO  : 'jtag frequency' command is executed.
16:00:03 INFO  : Sourcing of 'E:/VIVADO/LIDAR/TEST/TEST_V1_0/MAINBOARD_PJT/MAINBOARD_PJT.sdk/mainboard_bsp_wrapper_hw_platform_0/ps7_init.tcl' is done.
16:00:03 INFO  : Context for 'APU' is selected.
16:00:03 INFO  : System reset is completed.
16:00:06 INFO  : 'after 3000' command is executed.
16:00:06 INFO  : 'targets -set -filter {jtag_cable_name =~ "Digilent JTAG-HS1 210512180081" && level==0} -index 1' command is executed.
16:00:09 INFO  : FPGA configured successfully with bitstream "E:/VIVADO/LIDAR/TEST/TEST_V1_0/MAINBOARD_PJT/MAINBOARD_PJT.sdk/mainboard_bsp_wrapper_hw_platform_0/mainboard_bsp_wrapper.bit"
16:00:10 INFO  : Context for 'APU' is selected.
16:00:10 INFO  : Hardware design information is loaded from 'E:/VIVADO/LIDAR/TEST/TEST_V1_0/MAINBOARD_PJT/MAINBOARD_PJT.sdk/mainboard_bsp_wrapper_hw_platform_0/system.hdf'.
16:00:10 INFO  : 'configparams force-mem-access 1' command is executed.
16:00:10 INFO  : Context for 'APU' is selected.
16:00:10 INFO  : 'ps7_init' command is executed.
16:00:10 INFO  : 'ps7_post_config' command is executed.
16:00:10 INFO  : Context for processor 'ps7_cortexa9_0' is selected.
16:00:11 INFO  : The application 'E:/VIVADO/LIDAR/TEST/TEST_V1_0/MAINBOARD_PJT/MAINBOARD_PJT.sdk/MAINBOARD_TEST/Debug/MAINBOARD_TEST.elf' is downloaded to processor 'ps7_cortexa9_0'.
16:00:11 INFO  : 'configparams force-mem-access 0' command is executed.
16:00:11 INFO  : ----------------XSDB Script----------------
connect -url tcp:127.0.0.1:3121
source E:/VIVADO/LIDAR/TEST/TEST_V1_0/MAINBOARD_PJT/MAINBOARD_PJT.sdk/mainboard_bsp_wrapper_hw_platform_0/ps7_init.tcl
targets -set -nocase -filter {name =~"APU*" && jtag_cable_name =~ "Digilent JTAG-HS1 210512180081"} -index 0
rst -system
after 3000
targets -set -filter {jtag_cable_name =~ "Digilent JTAG-HS1 210512180081" && level==0} -index 1
fpga -file E:/VIVADO/LIDAR/TEST/TEST_V1_0/MAINBOARD_PJT/MAINBOARD_PJT.sdk/mainboard_bsp_wrapper_hw_platform_0/mainboard_bsp_wrapper.bit
targets -set -nocase -filter {name =~"APU*" && jtag_cable_name =~ "Digilent JTAG-HS1 210512180081"} -index 0
loadhw -hw E:/VIVADO/LIDAR/TEST/TEST_V1_0/MAINBOARD_PJT/MAINBOARD_PJT.sdk/mainboard_bsp_wrapper_hw_platform_0/system.hdf -mem-ranges [list {0x40000000 0xbfffffff}]
configparams force-mem-access 1
targets -set -nocase -filter {name =~"APU*" && jtag_cable_name =~ "Digilent JTAG-HS1 210512180081"} -index 0
ps7_init
ps7_post_config
targets -set -nocase -filter {name =~ "ARM*#0" && jtag_cable_name =~ "Digilent JTAG-HS1 210512180081"} -index 0
dow E:/VIVADO/LIDAR/TEST/TEST_V1_0/MAINBOARD_PJT/MAINBOARD_PJT.sdk/MAINBOARD_TEST/Debug/MAINBOARD_TEST.elf
configparams force-mem-access 0
----------------End of Script----------------

16:00:11 INFO  : Memory regions updated for context APU
16:00:11 INFO  : Context for processor 'ps7_cortexa9_0' is selected.
16:00:11 INFO  : 'con' command is executed.
16:00:11 INFO  : ----------------XSDB Script (After Launch)----------------
targets -set -nocase -filter {name =~ "ARM*#0" && jtag_cable_name =~ "Digilent JTAG-HS1 210512180081"} -index 0
con
----------------End of Script----------------

16:00:11 INFO  : Launch script is exported to file 'E:\VIVADO\LIDAR\TEST\TEST_V1_0\MAINBOARD_PJT\MAINBOARD_PJT.sdk\.sdk\launch_scripts\xilinx_c-c++_application_(system_debugger)\system_debugger_using_debug_mainboard_test.elf_on_local.tcl'
16:06:24 INFO  : Connected to target on host '127.0.0.1' and port '3121'.
16:06:24 INFO  : Jtag cable 'Digilent JTAG-HS1 210512180081' is selected.
16:06:24 INFO  : 'jtag frequency' command is executed.
16:06:24 INFO  : Sourcing of 'E:/VIVADO/LIDAR/TEST/TEST_V1_0/MAINBOARD_PJT/MAINBOARD_PJT.sdk/mainboard_bsp_wrapper_hw_platform_0/ps7_init.tcl' is done.
16:06:24 INFO  : Context for 'APU' is selected.
16:06:24 INFO  : System reset is completed.
16:06:27 INFO  : 'after 3000' command is executed.
16:06:27 INFO  : 'targets -set -filter {jtag_cable_name =~ "Digilent JTAG-HS1 210512180081" && level==0} -index 1' command is executed.
16:06:31 INFO  : FPGA configured successfully with bitstream "E:/VIVADO/LIDAR/TEST/TEST_V1_0/MAINBOARD_PJT/MAINBOARD_PJT.sdk/mainboard_bsp_wrapper_hw_platform_0/mainboard_bsp_wrapper.bit"
16:06:31 INFO  : Context for 'APU' is selected.
16:06:31 INFO  : Hardware design information is loaded from 'E:/VIVADO/LIDAR/TEST/TEST_V1_0/MAINBOARD_PJT/MAINBOARD_PJT.sdk/mainboard_bsp_wrapper_hw_platform_0/system.hdf'.
16:06:31 INFO  : 'configparams force-mem-access 1' command is executed.
16:06:31 INFO  : Context for 'APU' is selected.
16:06:31 INFO  : 'ps7_init' command is executed.
16:06:31 INFO  : 'ps7_post_config' command is executed.
16:06:31 INFO  : Context for processor 'ps7_cortexa9_0' is selected.
16:06:32 INFO  : The application 'E:/VIVADO/LIDAR/TEST/TEST_V1_0/MAINBOARD_PJT/MAINBOARD_PJT.sdk/MAINBOARD_TEST/Debug/MAINBOARD_TEST.elf' is downloaded to processor 'ps7_cortexa9_0'.
16:06:32 INFO  : 'configparams force-mem-access 0' command is executed.
16:06:32 INFO  : ----------------XSDB Script----------------
connect -url tcp:127.0.0.1:3121
source E:/VIVADO/LIDAR/TEST/TEST_V1_0/MAINBOARD_PJT/MAINBOARD_PJT.sdk/mainboard_bsp_wrapper_hw_platform_0/ps7_init.tcl
targets -set -nocase -filter {name =~"APU*" && jtag_cable_name =~ "Digilent JTAG-HS1 210512180081"} -index 0
rst -system
after 3000
targets -set -filter {jtag_cable_name =~ "Digilent JTAG-HS1 210512180081" && level==0} -index 1
fpga -file E:/VIVADO/LIDAR/TEST/TEST_V1_0/MAINBOARD_PJT/MAINBOARD_PJT.sdk/mainboard_bsp_wrapper_hw_platform_0/mainboard_bsp_wrapper.bit
targets -set -nocase -filter {name =~"APU*" && jtag_cable_name =~ "Digilent JTAG-HS1 210512180081"} -index 0
loadhw -hw E:/VIVADO/LIDAR/TEST/TEST_V1_0/MAINBOARD_PJT/MAINBOARD_PJT.sdk/mainboard_bsp_wrapper_hw_platform_0/system.hdf -mem-ranges [list {0x40000000 0xbfffffff}]
configparams force-mem-access 1
targets -set -nocase -filter {name =~"APU*" && jtag_cable_name =~ "Digilent JTAG-HS1 210512180081"} -index 0
ps7_init
ps7_post_config
targets -set -nocase -filter {name =~ "ARM*#0" && jtag_cable_name =~ "Digilent JTAG-HS1 210512180081"} -index 0
dow E:/VIVADO/LIDAR/TEST/TEST_V1_0/MAINBOARD_PJT/MAINBOARD_PJT.sdk/MAINBOARD_TEST/Debug/MAINBOARD_TEST.elf
configparams force-mem-access 0
----------------End of Script----------------

16:06:32 INFO  : Memory regions updated for context APU
16:06:32 INFO  : Context for processor 'ps7_cortexa9_0' is selected.
16:06:32 INFO  : 'con' command is executed.
16:06:32 INFO  : ----------------XSDB Script (After Launch)----------------
targets -set -nocase -filter {name =~ "ARM*#0" && jtag_cable_name =~ "Digilent JTAG-HS1 210512180081"} -index 0
con
----------------End of Script----------------

16:06:32 INFO  : Launch script is exported to file 'E:\VIVADO\LIDAR\TEST\TEST_V1_0\MAINBOARD_PJT\MAINBOARD_PJT.sdk\.sdk\launch_scripts\xilinx_c-c++_application_(system_debugger)\system_debugger_using_debug_mainboard_test.elf_on_local.tcl'
16:12:39 INFO  : Connected to target on host '127.0.0.1' and port '3121'.
16:12:39 INFO  : Jtag cable 'Digilent JTAG-HS1 210512180081' is selected.
16:12:39 INFO  : 'jtag frequency' command is executed.
16:12:39 INFO  : Sourcing of 'E:/VIVADO/LIDAR/TEST/TEST_V1_0/MAINBOARD_PJT/MAINBOARD_PJT.sdk/mainboard_bsp_wrapper_hw_platform_0/ps7_init.tcl' is done.
16:12:39 INFO  : Context for 'APU' is selected.
16:12:39 INFO  : System reset is completed.
16:12:42 INFO  : 'after 3000' command is executed.
16:12:42 INFO  : 'targets -set -filter {jtag_cable_name =~ "Digilent JTAG-HS1 210512180081" && level==0} -index 1' command is executed.
16:12:46 INFO  : FPGA configured successfully with bitstream "E:/VIVADO/LIDAR/TEST/TEST_V1_0/MAINBOARD_PJT/MAINBOARD_PJT.sdk/mainboard_bsp_wrapper_hw_platform_0/mainboard_bsp_wrapper.bit"
16:12:46 INFO  : Context for 'APU' is selected.
16:12:46 INFO  : Hardware design information is loaded from 'E:/VIVADO/LIDAR/TEST/TEST_V1_0/MAINBOARD_PJT/MAINBOARD_PJT.sdk/mainboard_bsp_wrapper_hw_platform_0/system.hdf'.
16:12:46 INFO  : 'configparams force-mem-access 1' command is executed.
16:12:46 INFO  : Context for 'APU' is selected.
16:12:47 INFO  : 'ps7_init' command is executed.
16:12:47 INFO  : 'ps7_post_config' command is executed.
16:12:47 INFO  : Context for processor 'ps7_cortexa9_0' is selected.
16:12:47 INFO  : The application 'E:/VIVADO/LIDAR/TEST/TEST_V1_0/MAINBOARD_PJT/MAINBOARD_PJT.sdk/MAINBOARD_TEST/Debug/MAINBOARD_TEST.elf' is downloaded to processor 'ps7_cortexa9_0'.
16:12:47 INFO  : 'configparams force-mem-access 0' command is executed.
16:12:47 INFO  : ----------------XSDB Script----------------
connect -url tcp:127.0.0.1:3121
source E:/VIVADO/LIDAR/TEST/TEST_V1_0/MAINBOARD_PJT/MAINBOARD_PJT.sdk/mainboard_bsp_wrapper_hw_platform_0/ps7_init.tcl
targets -set -nocase -filter {name =~"APU*" && jtag_cable_name =~ "Digilent JTAG-HS1 210512180081"} -index 0
rst -system
after 3000
targets -set -filter {jtag_cable_name =~ "Digilent JTAG-HS1 210512180081" && level==0} -index 1
fpga -file E:/VIVADO/LIDAR/TEST/TEST_V1_0/MAINBOARD_PJT/MAINBOARD_PJT.sdk/mainboard_bsp_wrapper_hw_platform_0/mainboard_bsp_wrapper.bit
targets -set -nocase -filter {name =~"APU*" && jtag_cable_name =~ "Digilent JTAG-HS1 210512180081"} -index 0
loadhw -hw E:/VIVADO/LIDAR/TEST/TEST_V1_0/MAINBOARD_PJT/MAINBOARD_PJT.sdk/mainboard_bsp_wrapper_hw_platform_0/system.hdf -mem-ranges [list {0x40000000 0xbfffffff}]
configparams force-mem-access 1
targets -set -nocase -filter {name =~"APU*" && jtag_cable_name =~ "Digilent JTAG-HS1 210512180081"} -index 0
ps7_init
ps7_post_config
targets -set -nocase -filter {name =~ "ARM*#0" && jtag_cable_name =~ "Digilent JTAG-HS1 210512180081"} -index 0
dow E:/VIVADO/LIDAR/TEST/TEST_V1_0/MAINBOARD_PJT/MAINBOARD_PJT.sdk/MAINBOARD_TEST/Debug/MAINBOARD_TEST.elf
configparams force-mem-access 0
----------------End of Script----------------

16:12:47 INFO  : Memory regions updated for context APU
16:12:47 INFO  : Context for processor 'ps7_cortexa9_0' is selected.
16:12:47 INFO  : 'con' command is executed.
16:12:47 INFO  : ----------------XSDB Script (After Launch)----------------
targets -set -nocase -filter {name =~ "ARM*#0" && jtag_cable_name =~ "Digilent JTAG-HS1 210512180081"} -index 0
con
----------------End of Script----------------

16:12:47 INFO  : Launch script is exported to file 'E:\VIVADO\LIDAR\TEST\TEST_V1_0\MAINBOARD_PJT\MAINBOARD_PJT.sdk\.sdk\launch_scripts\xilinx_c-c++_application_(system_debugger)\system_debugger_using_debug_mainboard_test.elf_on_local.tcl'
16:20:52 INFO  : Connected to target on host '127.0.0.1' and port '3121'.
16:20:52 INFO  : Jtag cable 'Digilent JTAG-HS1 210512180081' is selected.
16:20:52 INFO  : 'jtag frequency' command is executed.
16:20:52 INFO  : Sourcing of 'E:/VIVADO/LIDAR/TEST/TEST_V1_0/MAINBOARD_PJT/MAINBOARD_PJT.sdk/mainboard_bsp_wrapper_hw_platform_0/ps7_init.tcl' is done.
16:20:52 INFO  : Context for 'APU' is selected.
16:20:52 INFO  : System reset is completed.
16:20:55 INFO  : 'after 3000' command is executed.
16:20:56 INFO  : 'targets -set -filter {jtag_cable_name =~ "Digilent JTAG-HS1 210512180081" && level==0} -index 1' command is executed.
16:20:59 INFO  : FPGA configured successfully with bitstream "E:/VIVADO/LIDAR/TEST/TEST_V1_0/MAINBOARD_PJT/MAINBOARD_PJT.sdk/mainboard_bsp_wrapper_hw_platform_0/mainboard_bsp_wrapper.bit"
16:20:59 INFO  : Context for 'APU' is selected.
16:20:59 INFO  : Hardware design information is loaded from 'E:/VIVADO/LIDAR/TEST/TEST_V1_0/MAINBOARD_PJT/MAINBOARD_PJT.sdk/mainboard_bsp_wrapper_hw_platform_0/system.hdf'.
16:20:59 INFO  : 'configparams force-mem-access 1' command is executed.
16:20:59 INFO  : Context for 'APU' is selected.
16:21:00 INFO  : 'ps7_init' command is executed.
16:21:00 INFO  : 'ps7_post_config' command is executed.
16:21:00 INFO  : Context for processor 'ps7_cortexa9_0' is selected.
16:21:00 INFO  : The application 'E:/VIVADO/LIDAR/TEST/TEST_V1_0/MAINBOARD_PJT/MAINBOARD_PJT.sdk/MAINBOARD_TEST/Debug/MAINBOARD_TEST.elf' is downloaded to processor 'ps7_cortexa9_0'.
16:21:00 INFO  : 'configparams force-mem-access 0' command is executed.
16:21:00 INFO  : ----------------XSDB Script----------------
connect -url tcp:127.0.0.1:3121
source E:/VIVADO/LIDAR/TEST/TEST_V1_0/MAINBOARD_PJT/MAINBOARD_PJT.sdk/mainboard_bsp_wrapper_hw_platform_0/ps7_init.tcl
targets -set -nocase -filter {name =~"APU*" && jtag_cable_name =~ "Digilent JTAG-HS1 210512180081"} -index 0
rst -system
after 3000
targets -set -filter {jtag_cable_name =~ "Digilent JTAG-HS1 210512180081" && level==0} -index 1
fpga -file E:/VIVADO/LIDAR/TEST/TEST_V1_0/MAINBOARD_PJT/MAINBOARD_PJT.sdk/mainboard_bsp_wrapper_hw_platform_0/mainboard_bsp_wrapper.bit
targets -set -nocase -filter {name =~"APU*" && jtag_cable_name =~ "Digilent JTAG-HS1 210512180081"} -index 0
loadhw -hw E:/VIVADO/LIDAR/TEST/TEST_V1_0/MAINBOARD_PJT/MAINBOARD_PJT.sdk/mainboard_bsp_wrapper_hw_platform_0/system.hdf -mem-ranges [list {0x40000000 0xbfffffff}]
configparams force-mem-access 1
targets -set -nocase -filter {name =~"APU*" && jtag_cable_name =~ "Digilent JTAG-HS1 210512180081"} -index 0
ps7_init
ps7_post_config
targets -set -nocase -filter {name =~ "ARM*#0" && jtag_cable_name =~ "Digilent JTAG-HS1 210512180081"} -index 0
dow E:/VIVADO/LIDAR/TEST/TEST_V1_0/MAINBOARD_PJT/MAINBOARD_PJT.sdk/MAINBOARD_TEST/Debug/MAINBOARD_TEST.elf
configparams force-mem-access 0
----------------End of Script----------------

16:21:00 INFO  : Memory regions updated for context APU
16:21:00 INFO  : Context for processor 'ps7_cortexa9_0' is selected.
16:21:00 INFO  : 'con' command is executed.
16:21:00 INFO  : ----------------XSDB Script (After Launch)----------------
targets -set -nocase -filter {name =~ "ARM*#0" && jtag_cable_name =~ "Digilent JTAG-HS1 210512180081"} -index 0
con
----------------End of Script----------------

16:21:00 INFO  : Launch script is exported to file 'E:\VIVADO\LIDAR\TEST\TEST_V1_0\MAINBOARD_PJT\MAINBOARD_PJT.sdk\.sdk\launch_scripts\xilinx_c-c++_application_(system_debugger)\system_debugger_using_debug_mainboard_test.elf_on_local.tcl'
16:31:38 INFO  : Connected to target on host '127.0.0.1' and port '3121'.
16:31:38 INFO  : Jtag cable 'Digilent JTAG-HS1 210512180081' is selected.
16:31:38 INFO  : 'jtag frequency' command is executed.
16:31:39 INFO  : Sourcing of 'E:/VIVADO/LIDAR/TEST/TEST_V1_0/MAINBOARD_PJT/MAINBOARD_PJT.sdk/mainboard_bsp_wrapper_hw_platform_0/ps7_init.tcl' is done.
16:31:39 INFO  : Context for 'APU' is selected.
16:31:39 INFO  : System reset is completed.
16:31:42 INFO  : 'after 3000' command is executed.
16:31:42 INFO  : 'targets -set -filter {jtag_cable_name =~ "Digilent JTAG-HS1 210512180081" && level==0} -index 1' command is executed.
16:31:45 INFO  : FPGA configured successfully with bitstream "E:/VIVADO/LIDAR/TEST/TEST_V1_0/MAINBOARD_PJT/MAINBOARD_PJT.sdk/mainboard_bsp_wrapper_hw_platform_0/mainboard_bsp_wrapper.bit"
16:31:45 INFO  : Context for 'APU' is selected.
16:31:45 INFO  : Hardware design information is loaded from 'E:/VIVADO/LIDAR/TEST/TEST_V1_0/MAINBOARD_PJT/MAINBOARD_PJT.sdk/mainboard_bsp_wrapper_hw_platform_0/system.hdf'.
16:31:45 INFO  : 'configparams force-mem-access 1' command is executed.
16:31:45 INFO  : Context for 'APU' is selected.
16:31:46 INFO  : 'ps7_init' command is executed.
16:31:46 INFO  : 'ps7_post_config' command is executed.
16:31:46 INFO  : Context for processor 'ps7_cortexa9_0' is selected.
16:31:46 INFO  : The application 'E:/VIVADO/LIDAR/TEST/TEST_V1_0/MAINBOARD_PJT/MAINBOARD_PJT.sdk/MAINBOARD_TEST/Debug/MAINBOARD_TEST.elf' is downloaded to processor 'ps7_cortexa9_0'.
16:31:46 INFO  : 'configparams force-mem-access 0' command is executed.
16:31:46 INFO  : ----------------XSDB Script----------------
connect -url tcp:127.0.0.1:3121
source E:/VIVADO/LIDAR/TEST/TEST_V1_0/MAINBOARD_PJT/MAINBOARD_PJT.sdk/mainboard_bsp_wrapper_hw_platform_0/ps7_init.tcl
targets -set -nocase -filter {name =~"APU*" && jtag_cable_name =~ "Digilent JTAG-HS1 210512180081"} -index 0
rst -system
after 3000
targets -set -filter {jtag_cable_name =~ "Digilent JTAG-HS1 210512180081" && level==0} -index 1
fpga -file E:/VIVADO/LIDAR/TEST/TEST_V1_0/MAINBOARD_PJT/MAINBOARD_PJT.sdk/mainboard_bsp_wrapper_hw_platform_0/mainboard_bsp_wrapper.bit
targets -set -nocase -filter {name =~"APU*" && jtag_cable_name =~ "Digilent JTAG-HS1 210512180081"} -index 0
loadhw -hw E:/VIVADO/LIDAR/TEST/TEST_V1_0/MAINBOARD_PJT/MAINBOARD_PJT.sdk/mainboard_bsp_wrapper_hw_platform_0/system.hdf -mem-ranges [list {0x40000000 0xbfffffff}]
configparams force-mem-access 1
targets -set -nocase -filter {name =~"APU*" && jtag_cable_name =~ "Digilent JTAG-HS1 210512180081"} -index 0
ps7_init
ps7_post_config
targets -set -nocase -filter {name =~ "ARM*#0" && jtag_cable_name =~ "Digilent JTAG-HS1 210512180081"} -index 0
dow E:/VIVADO/LIDAR/TEST/TEST_V1_0/MAINBOARD_PJT/MAINBOARD_PJT.sdk/MAINBOARD_TEST/Debug/MAINBOARD_TEST.elf
configparams force-mem-access 0
----------------End of Script----------------

16:31:46 INFO  : Memory regions updated for context APU
16:31:46 INFO  : Context for processor 'ps7_cortexa9_0' is selected.
16:31:46 INFO  : 'con' command is executed.
16:31:46 INFO  : ----------------XSDB Script (After Launch)----------------
targets -set -nocase -filter {name =~ "ARM*#0" && jtag_cable_name =~ "Digilent JTAG-HS1 210512180081"} -index 0
con
----------------End of Script----------------

16:31:46 INFO  : Launch script is exported to file 'E:\VIVADO\LIDAR\TEST\TEST_V1_0\MAINBOARD_PJT\MAINBOARD_PJT.sdk\.sdk\launch_scripts\xilinx_c-c++_application_(system_debugger)\system_debugger_using_debug_mainboard_test.elf_on_local.tcl'
17:06:30 INFO  : Invoking Bootgen: bootgen -image fsbl.bif -arch zynq -o E:\VIVADO\LIDAR\TEST\TEST_V1_0\MAINBOARD_PJT\MAINBOARD_PJT.sdk\fsbl\bootimage\BOOT.bin
17:06:30 INFO  : Creating new bif file E:\VIVADO\LIDAR\TEST\TEST_V1_0\MAINBOARD_PJT\MAINBOARD_PJT.sdk\fsbl\bootimage\fsbl.bif
17:06:32 INFO  : Bootgen command execution is done.
17:16:52 WARN  : channel "tcfchan#1" closed
17:16:53 WARN  : channel "tcfchan#1" closed
17:16:53 WARN  : channel "tcfchan#1" closed
17:16:53 WARN  : channel "tcfchan#1" closed
17:16:53 WARN  : channel "tcfchan#1" closed
17:16:53 WARN  : channel "tcfchan#1" closed
17:16:53 WARN  : channel "tcfchan#1" closed
17:16:53 INFO  : Disconnected from the channel tcfchan#2.
17:16:53 WARN  : channel "tcfchan#2" closed
17:16:53 WARN  : channel "tcfchan#2" closed
17:16:53 WARN  : channel "tcfchan#2" closed
17:16:53 WARN  : channel "tcfchan#2" closed
17:16:53 WARN  : channel "tcfchan#2" closed
08:16:43 INFO  : Launching XSCT server: xsct.bat -interactive E:\VIVADO\LIDAR\TEST\TEST_V1_0\MAINBOARD_PJT\MAINBOARD_PJT.sdk\temp_xsdb_launch_script.tcl
08:16:46 INFO  : XSCT server has started successfully.
08:16:47 INFO  : Successfully done setting XSCT server connection channel  
08:16:47 INFO  : Successfully done setting SDK workspace  
08:16:53 INFO  : Registering command handlers for SDK TCF services
08:16:53 INFO  : Processing command line option -hwspec E:/VIVADO/LIDAR/TEST/TEST_V1_0/MAINBOARD_PJT/MAINBOARD_PJT.sdk/mainboard_bsp_wrapper.hdf.
08:16:54 INFO  : Checking for hwspec changes in the project mainboard_bsp_wrapper_hw_platform_0.
08:17:56 INFO  : Connected to target on host '127.0.0.1' and port '3121'.
08:17:57 INFO  : Jtag cable 'Digilent JTAG-HS1 210512180081' is selected.
08:17:57 INFO  : 'jtag frequency' command is executed.
08:17:57 INFO  : Sourcing of 'E:/VIVADO/LIDAR/TEST/TEST_V1_0/MAINBOARD_PJT/MAINBOARD_PJT.sdk/mainboard_bsp_wrapper_hw_platform_0/ps7_init.tcl' is done.
08:17:57 INFO  : Context for 'APU' is selected.
08:17:57 INFO  : System reset is completed.
08:18:00 INFO  : 'after 3000' command is executed.
08:18:00 INFO  : 'targets -set -filter {jtag_cable_name =~ "Digilent JTAG-HS1 210512180081" && level==0} -index 1' command is executed.
08:18:04 INFO  : FPGA configured successfully with bitstream "E:/VIVADO/LIDAR/TEST/TEST_V1_0/MAINBOARD_PJT/MAINBOARD_PJT.sdk/mainboard_bsp_wrapper_hw_platform_0/mainboard_bsp_wrapper.bit"
08:18:04 INFO  : Context for 'APU' is selected.
08:18:04 INFO  : Hardware design information is loaded from 'E:/VIVADO/LIDAR/TEST/TEST_V1_0/MAINBOARD_PJT/MAINBOARD_PJT.sdk/mainboard_bsp_wrapper_hw_platform_0/system.hdf'.
08:18:04 INFO  : 'configparams force-mem-access 1' command is executed.
08:18:04 INFO  : Context for 'APU' is selected.
08:18:05 INFO  : 'ps7_init' command is executed.
08:18:05 INFO  : 'ps7_post_config' command is executed.
08:18:05 INFO  : Context for processor 'ps7_cortexa9_0' is selected.
08:18:05 INFO  : The application 'E:/VIVADO/LIDAR/TEST/TEST_V1_0/MAINBOARD_PJT/MAINBOARD_PJT.sdk/MAINBOARD_TEST/Debug/MAINBOARD_TEST.elf' is downloaded to processor 'ps7_cortexa9_0'.
08:18:05 INFO  : 'configparams force-mem-access 0' command is executed.
08:18:05 INFO  : ----------------XSDB Script----------------
connect -url tcp:127.0.0.1:3121
source E:/VIVADO/LIDAR/TEST/TEST_V1_0/MAINBOARD_PJT/MAINBOARD_PJT.sdk/mainboard_bsp_wrapper_hw_platform_0/ps7_init.tcl
targets -set -nocase -filter {name =~"APU*" && jtag_cable_name =~ "Digilent JTAG-HS1 210512180081"} -index 0
rst -system
after 3000
targets -set -filter {jtag_cable_name =~ "Digilent JTAG-HS1 210512180081" && level==0} -index 1
fpga -file E:/VIVADO/LIDAR/TEST/TEST_V1_0/MAINBOARD_PJT/MAINBOARD_PJT.sdk/mainboard_bsp_wrapper_hw_platform_0/mainboard_bsp_wrapper.bit
targets -set -nocase -filter {name =~"APU*" && jtag_cable_name =~ "Digilent JTAG-HS1 210512180081"} -index 0
loadhw -hw E:/VIVADO/LIDAR/TEST/TEST_V1_0/MAINBOARD_PJT/MAINBOARD_PJT.sdk/mainboard_bsp_wrapper_hw_platform_0/system.hdf -mem-ranges [list {0x40000000 0xbfffffff}]
configparams force-mem-access 1
targets -set -nocase -filter {name =~"APU*" && jtag_cable_name =~ "Digilent JTAG-HS1 210512180081"} -index 0
ps7_init
ps7_post_config
targets -set -nocase -filter {name =~ "ARM*#0" && jtag_cable_name =~ "Digilent JTAG-HS1 210512180081"} -index 0
dow E:/VIVADO/LIDAR/TEST/TEST_V1_0/MAINBOARD_PJT/MAINBOARD_PJT.sdk/MAINBOARD_TEST/Debug/MAINBOARD_TEST.elf
configparams force-mem-access 0
----------------End of Script----------------

08:18:05 INFO  : Memory regions updated for context APU
08:18:05 INFO  : Context for processor 'ps7_cortexa9_0' is selected.
08:18:05 INFO  : 'con' command is executed.
08:18:05 INFO  : ----------------XSDB Script (After Launch)----------------
targets -set -nocase -filter {name =~ "ARM*#0" && jtag_cable_name =~ "Digilent JTAG-HS1 210512180081"} -index 0
con
----------------End of Script----------------

08:18:05 INFO  : Launch script is exported to file 'E:\VIVADO\LIDAR\TEST\TEST_V1_0\MAINBOARD_PJT\MAINBOARD_PJT.sdk\.sdk\launch_scripts\xilinx_c-c++_application_(system_debugger)\system_debugger_using_debug_mainboard_test.elf_on_local.tcl'
08:31:06 INFO  : Connected to target on host '127.0.0.1' and port '3121'.
08:31:06 INFO  : Jtag cable 'Digilent JTAG-HS1 210512180081' is selected.
08:31:06 INFO  : 'jtag frequency' command is executed.
08:31:06 INFO  : Sourcing of 'E:/VIVADO/LIDAR/TEST/TEST_V1_0/MAINBOARD_PJT/MAINBOARD_PJT.sdk/mainboard_bsp_wrapper_hw_platform_0/ps7_init.tcl' is done.
08:31:06 INFO  : Context for 'APU' is selected.
08:31:06 INFO  : System reset is completed.
08:31:09 INFO  : 'after 3000' command is executed.
08:31:09 INFO  : 'targets -set -filter {jtag_cable_name =~ "Digilent JTAG-HS1 210512180081" && level==0} -index 1' command is executed.
08:31:13 INFO  : FPGA configured successfully with bitstream "E:/VIVADO/LIDAR/TEST/TEST_V1_0/MAINBOARD_PJT/MAINBOARD_PJT.sdk/mainboard_bsp_wrapper_hw_platform_0/mainboard_bsp_wrapper.bit"
08:31:13 INFO  : Context for 'APU' is selected.
08:31:13 INFO  : Hardware design information is loaded from 'E:/VIVADO/LIDAR/TEST/TEST_V1_0/MAINBOARD_PJT/MAINBOARD_PJT.sdk/mainboard_bsp_wrapper_hw_platform_0/system.hdf'.
08:31:13 INFO  : 'configparams force-mem-access 1' command is executed.
08:31:13 INFO  : Context for 'APU' is selected.
08:31:13 INFO  : 'ps7_init' command is executed.
08:31:13 INFO  : 'ps7_post_config' command is executed.
08:31:13 INFO  : Context for processor 'ps7_cortexa9_0' is selected.
08:31:14 INFO  : The application 'E:/VIVADO/LIDAR/TEST/TEST_V1_0/MAINBOARD_PJT/MAINBOARD_PJT.sdk/MAINBOARD_TEST/Debug/MAINBOARD_TEST.elf' is downloaded to processor 'ps7_cortexa9_0'.
08:31:14 INFO  : 'configparams force-mem-access 0' command is executed.
08:31:14 INFO  : ----------------XSDB Script----------------
connect -url tcp:127.0.0.1:3121
source E:/VIVADO/LIDAR/TEST/TEST_V1_0/MAINBOARD_PJT/MAINBOARD_PJT.sdk/mainboard_bsp_wrapper_hw_platform_0/ps7_init.tcl
targets -set -nocase -filter {name =~"APU*" && jtag_cable_name =~ "Digilent JTAG-HS1 210512180081"} -index 0
rst -system
after 3000
targets -set -filter {jtag_cable_name =~ "Digilent JTAG-HS1 210512180081" && level==0} -index 1
fpga -file E:/VIVADO/LIDAR/TEST/TEST_V1_0/MAINBOARD_PJT/MAINBOARD_PJT.sdk/mainboard_bsp_wrapper_hw_platform_0/mainboard_bsp_wrapper.bit
targets -set -nocase -filter {name =~"APU*" && jtag_cable_name =~ "Digilent JTAG-HS1 210512180081"} -index 0
loadhw -hw E:/VIVADO/LIDAR/TEST/TEST_V1_0/MAINBOARD_PJT/MAINBOARD_PJT.sdk/mainboard_bsp_wrapper_hw_platform_0/system.hdf -mem-ranges [list {0x40000000 0xbfffffff}]
configparams force-mem-access 1
targets -set -nocase -filter {name =~"APU*" && jtag_cable_name =~ "Digilent JTAG-HS1 210512180081"} -index 0
ps7_init
ps7_post_config
targets -set -nocase -filter {name =~ "ARM*#0" && jtag_cable_name =~ "Digilent JTAG-HS1 210512180081"} -index 0
dow E:/VIVADO/LIDAR/TEST/TEST_V1_0/MAINBOARD_PJT/MAINBOARD_PJT.sdk/MAINBOARD_TEST/Debug/MAINBOARD_TEST.elf
configparams force-mem-access 0
----------------End of Script----------------

08:31:14 INFO  : Memory regions updated for context APU
08:31:14 INFO  : Context for processor 'ps7_cortexa9_0' is selected.
08:31:14 INFO  : 'con' command is executed.
08:31:14 INFO  : ----------------XSDB Script (After Launch)----------------
targets -set -nocase -filter {name =~ "ARM*#0" && jtag_cable_name =~ "Digilent JTAG-HS1 210512180081"} -index 0
con
----------------End of Script----------------

08:31:14 INFO  : Launch script is exported to file 'E:\VIVADO\LIDAR\TEST\TEST_V1_0\MAINBOARD_PJT\MAINBOARD_PJT.sdk\.sdk\launch_scripts\xilinx_c-c++_application_(system_debugger)\system_debugger_using_debug_mainboard_test.elf_on_local.tcl'
08:38:45 INFO  : Connected to target on host '127.0.0.1' and port '3121'.
08:38:45 INFO  : Jtag cable 'Digilent JTAG-HS1 210512180081' is selected.
08:38:45 INFO  : 'jtag frequency' command is executed.
08:38:45 INFO  : Sourcing of 'E:/VIVADO/LIDAR/TEST/TEST_V1_0/MAINBOARD_PJT/MAINBOARD_PJT.sdk/mainboard_bsp_wrapper_hw_platform_0/ps7_init.tcl' is done.
08:38:45 INFO  : Context for 'APU' is selected.
08:38:45 INFO  : System reset is completed.
08:38:48 INFO  : 'after 3000' command is executed.
08:38:48 INFO  : 'targets -set -filter {jtag_cable_name =~ "Digilent JTAG-HS1 210512180081" && level==0} -index 1' command is executed.
08:38:52 INFO  : FPGA configured successfully with bitstream "E:/VIVADO/LIDAR/TEST/TEST_V1_0/MAINBOARD_PJT/MAINBOARD_PJT.sdk/mainboard_bsp_wrapper_hw_platform_0/mainboard_bsp_wrapper.bit"
08:38:52 INFO  : Context for 'APU' is selected.
08:38:52 INFO  : Hardware design information is loaded from 'E:/VIVADO/LIDAR/TEST/TEST_V1_0/MAINBOARD_PJT/MAINBOARD_PJT.sdk/mainboard_bsp_wrapper_hw_platform_0/system.hdf'.
08:38:52 INFO  : 'configparams force-mem-access 1' command is executed.
08:38:52 INFO  : Context for 'APU' is selected.
08:38:52 INFO  : 'ps7_init' command is executed.
08:38:52 INFO  : 'ps7_post_config' command is executed.
08:38:52 INFO  : Context for processor 'ps7_cortexa9_0' is selected.
08:38:52 INFO  : The application 'E:/VIVADO/LIDAR/TEST/TEST_V1_0/MAINBOARD_PJT/MAINBOARD_PJT.sdk/MAINBOARD_TEST/Debug/MAINBOARD_TEST.elf' is downloaded to processor 'ps7_cortexa9_0'.
08:38:52 INFO  : 'configparams force-mem-access 0' command is executed.
08:38:52 INFO  : ----------------XSDB Script----------------
connect -url tcp:127.0.0.1:3121
source E:/VIVADO/LIDAR/TEST/TEST_V1_0/MAINBOARD_PJT/MAINBOARD_PJT.sdk/mainboard_bsp_wrapper_hw_platform_0/ps7_init.tcl
targets -set -nocase -filter {name =~"APU*" && jtag_cable_name =~ "Digilent JTAG-HS1 210512180081"} -index 0
rst -system
after 3000
targets -set -filter {jtag_cable_name =~ "Digilent JTAG-HS1 210512180081" && level==0} -index 1
fpga -file E:/VIVADO/LIDAR/TEST/TEST_V1_0/MAINBOARD_PJT/MAINBOARD_PJT.sdk/mainboard_bsp_wrapper_hw_platform_0/mainboard_bsp_wrapper.bit
targets -set -nocase -filter {name =~"APU*" && jtag_cable_name =~ "Digilent JTAG-HS1 210512180081"} -index 0
loadhw -hw E:/VIVADO/LIDAR/TEST/TEST_V1_0/MAINBOARD_PJT/MAINBOARD_PJT.sdk/mainboard_bsp_wrapper_hw_platform_0/system.hdf -mem-ranges [list {0x40000000 0xbfffffff}]
configparams force-mem-access 1
targets -set -nocase -filter {name =~"APU*" && jtag_cable_name =~ "Digilent JTAG-HS1 210512180081"} -index 0
ps7_init
ps7_post_config
targets -set -nocase -filter {name =~ "ARM*#0" && jtag_cable_name =~ "Digilent JTAG-HS1 210512180081"} -index 0
dow E:/VIVADO/LIDAR/TEST/TEST_V1_0/MAINBOARD_PJT/MAINBOARD_PJT.sdk/MAINBOARD_TEST/Debug/MAINBOARD_TEST.elf
configparams force-mem-access 0
----------------End of Script----------------

08:38:52 INFO  : Memory regions updated for context APU
08:38:52 INFO  : Context for processor 'ps7_cortexa9_0' is selected.
08:38:52 INFO  : 'con' command is executed.
08:38:52 INFO  : ----------------XSDB Script (After Launch)----------------
targets -set -nocase -filter {name =~ "ARM*#0" && jtag_cable_name =~ "Digilent JTAG-HS1 210512180081"} -index 0
con
----------------End of Script----------------

08:38:52 INFO  : Launch script is exported to file 'E:\VIVADO\LIDAR\TEST\TEST_V1_0\MAINBOARD_PJT\MAINBOARD_PJT.sdk\.sdk\launch_scripts\xilinx_c-c++_application_(system_debugger)\system_debugger_using_debug_mainboard_test.elf_on_local.tcl'
08:45:26 INFO  : Connected to target on host '127.0.0.1' and port '3121'.
08:45:26 INFO  : Jtag cable 'Digilent JTAG-HS1 210512180081' is selected.
08:45:26 INFO  : 'jtag frequency' command is executed.
08:45:26 INFO  : Sourcing of 'E:/VIVADO/LIDAR/TEST/TEST_V1_0/MAINBOARD_PJT/MAINBOARD_PJT.sdk/mainboard_bsp_wrapper_hw_platform_0/ps7_init.tcl' is done.
08:45:26 INFO  : Context for 'APU' is selected.
08:45:26 INFO  : System reset is completed.
08:45:29 INFO  : 'after 3000' command is executed.
08:45:29 INFO  : 'targets -set -filter {jtag_cable_name =~ "Digilent JTAG-HS1 210512180081" && level==0} -index 1' command is executed.
08:45:33 INFO  : FPGA configured successfully with bitstream "E:/VIVADO/LIDAR/TEST/TEST_V1_0/MAINBOARD_PJT/MAINBOARD_PJT.sdk/mainboard_bsp_wrapper_hw_platform_0/mainboard_bsp_wrapper.bit"
08:45:33 INFO  : Context for 'APU' is selected.
08:45:33 INFO  : Hardware design information is loaded from 'E:/VIVADO/LIDAR/TEST/TEST_V1_0/MAINBOARD_PJT/MAINBOARD_PJT.sdk/mainboard_bsp_wrapper_hw_platform_0/system.hdf'.
08:45:33 INFO  : 'configparams force-mem-access 1' command is executed.
08:45:33 INFO  : Context for 'APU' is selected.
08:45:33 INFO  : 'ps7_init' command is executed.
08:45:33 INFO  : 'ps7_post_config' command is executed.
08:45:33 INFO  : Context for processor 'ps7_cortexa9_0' is selected.
08:45:33 INFO  : The application 'E:/VIVADO/LIDAR/TEST/TEST_V1_0/MAINBOARD_PJT/MAINBOARD_PJT.sdk/MAINBOARD_TEST/Debug/MAINBOARD_TEST.elf' is downloaded to processor 'ps7_cortexa9_0'.
08:45:33 INFO  : 'configparams force-mem-access 0' command is executed.
08:45:33 INFO  : ----------------XSDB Script----------------
connect -url tcp:127.0.0.1:3121
source E:/VIVADO/LIDAR/TEST/TEST_V1_0/MAINBOARD_PJT/MAINBOARD_PJT.sdk/mainboard_bsp_wrapper_hw_platform_0/ps7_init.tcl
targets -set -nocase -filter {name =~"APU*" && jtag_cable_name =~ "Digilent JTAG-HS1 210512180081"} -index 0
rst -system
after 3000
targets -set -filter {jtag_cable_name =~ "Digilent JTAG-HS1 210512180081" && level==0} -index 1
fpga -file E:/VIVADO/LIDAR/TEST/TEST_V1_0/MAINBOARD_PJT/MAINBOARD_PJT.sdk/mainboard_bsp_wrapper_hw_platform_0/mainboard_bsp_wrapper.bit
targets -set -nocase -filter {name =~"APU*" && jtag_cable_name =~ "Digilent JTAG-HS1 210512180081"} -index 0
loadhw -hw E:/VIVADO/LIDAR/TEST/TEST_V1_0/MAINBOARD_PJT/MAINBOARD_PJT.sdk/mainboard_bsp_wrapper_hw_platform_0/system.hdf -mem-ranges [list {0x40000000 0xbfffffff}]
configparams force-mem-access 1
targets -set -nocase -filter {name =~"APU*" && jtag_cable_name =~ "Digilent JTAG-HS1 210512180081"} -index 0
ps7_init
ps7_post_config
targets -set -nocase -filter {name =~ "ARM*#0" && jtag_cable_name =~ "Digilent JTAG-HS1 210512180081"} -index 0
dow E:/VIVADO/LIDAR/TEST/TEST_V1_0/MAINBOARD_PJT/MAINBOARD_PJT.sdk/MAINBOARD_TEST/Debug/MAINBOARD_TEST.elf
configparams force-mem-access 0
----------------End of Script----------------

08:45:33 INFO  : Memory regions updated for context APU
08:45:34 INFO  : Context for processor 'ps7_cortexa9_0' is selected.
08:45:34 INFO  : 'con' command is executed.
08:45:34 INFO  : ----------------XSDB Script (After Launch)----------------
targets -set -nocase -filter {name =~ "ARM*#0" && jtag_cable_name =~ "Digilent JTAG-HS1 210512180081"} -index 0
con
----------------End of Script----------------

08:45:34 INFO  : Launch script is exported to file 'E:\VIVADO\LIDAR\TEST\TEST_V1_0\MAINBOARD_PJT\MAINBOARD_PJT.sdk\.sdk\launch_scripts\xilinx_c-c++_application_(system_debugger)\system_debugger_using_debug_mainboard_test.elf_on_local.tcl'
08:55:22 INFO  : Invoking Bootgen: bootgen -image fsbl.bif -arch zynq -o E:\VIVADO\LIDAR\TEST\TEST_V1_0\MAINBOARD_PJT\MAINBOARD_PJT.sdk\fsbl\bootimage\BOOT.bin -w on
08:55:22 INFO  : Overwriting existing bif file E:\VIVADO\LIDAR\TEST\TEST_V1_0\MAINBOARD_PJT\MAINBOARD_PJT.sdk\fsbl\bootimage\fsbl.bif
08:55:23 INFO  : Bootgen command execution is done.
08:57:11 INFO  : Disconnected from the channel tcfchan#1.
08:57:11 WARN  : channel "tcfchan#1" closed
08:57:11 WARN  : channel "tcfchan#1" closed
08:57:11 WARN  : channel "tcfchan#1" closed
10:36:43 INFO  : Registering command handlers for SDK TCF services
10:36:43 INFO  : Launching XSCT server: xsct.bat -interactive E:\VIVADO\LIDAR\TEST\TEST_V1_0\MAINBOARD_PJT\MAINBOARD_PJT.sdk\temp_xsdb_launch_script.tcl
10:36:46 INFO  : XSCT server has started successfully.
10:36:47 INFO  : Successfully done setting XSCT server connection channel  
10:36:47 INFO  : Successfully done setting SDK workspace  
10:36:47 INFO  : Processing command line option -hwspec E:/VIVADO/LIDAR/TEST/TEST_V1_0/MAINBOARD_PJT/MAINBOARD_PJT.sdk/mainboard_bsp_wrapper.hdf.
10:36:48 INFO  : Checking for hwspec changes in the project mainboard_bsp_wrapper_hw_platform_0.
14:39:59 INFO  : Connected to target on host '127.0.0.1' and port '3121'.
14:39:59 INFO  : Jtag cable 'Digilent JTAG-HS1 210512180081' is selected.
14:39:59 INFO  : 'jtag frequency' command is executed.
14:39:59 INFO  : Sourcing of 'E:/VIVADO/LIDAR/TEST/TEST_V1_0/MAINBOARD_PJT/MAINBOARD_PJT.sdk/mainboard_bsp_wrapper_hw_platform_0/ps7_init.tcl' is done.
14:39:59 INFO  : Context for 'APU' is selected.
14:39:59 INFO  : System reset is completed.
14:40:02 INFO  : 'after 3000' command is executed.
14:40:02 INFO  : 'targets -set -filter {jtag_cable_name =~ "Digilent JTAG-HS1 210512180081" && level==0} -index 1' command is executed.
14:40:06 INFO  : FPGA configured successfully with bitstream "E:/VIVADO/LIDAR/TEST/TEST_V1_0/MAINBOARD_PJT/MAINBOARD_PJT.sdk/mainboard_bsp_wrapper_hw_platform_0/mainboard_bsp_wrapper.bit"
14:40:06 INFO  : Context for 'APU' is selected.
14:40:06 INFO  : Hardware design information is loaded from 'E:/VIVADO/LIDAR/TEST/TEST_V1_0/MAINBOARD_PJT/MAINBOARD_PJT.sdk/mainboard_bsp_wrapper_hw_platform_0/system.hdf'.
14:40:06 INFO  : 'configparams force-mem-access 1' command is executed.
14:40:06 INFO  : Context for 'APU' is selected.
14:40:07 INFO  : 'ps7_init' command is executed.
14:40:07 INFO  : 'ps7_post_config' command is executed.
14:40:07 INFO  : Context for processor 'ps7_cortexa9_0' is selected.
14:40:07 INFO  : The application 'E:/VIVADO/LIDAR/TEST/TEST_V1_0/MAINBOARD_PJT/MAINBOARD_PJT.sdk/MAINBOARD_TEST/Debug/MAINBOARD_TEST.elf' is downloaded to processor 'ps7_cortexa9_0'.
14:40:07 INFO  : 'configparams force-mem-access 0' command is executed.
14:40:07 INFO  : ----------------XSDB Script----------------
connect -url tcp:127.0.0.1:3121
source E:/VIVADO/LIDAR/TEST/TEST_V1_0/MAINBOARD_PJT/MAINBOARD_PJT.sdk/mainboard_bsp_wrapper_hw_platform_0/ps7_init.tcl
targets -set -nocase -filter {name =~"APU*" && jtag_cable_name =~ "Digilent JTAG-HS1 210512180081"} -index 0
rst -system
after 3000
targets -set -filter {jtag_cable_name =~ "Digilent JTAG-HS1 210512180081" && level==0} -index 1
fpga -file E:/VIVADO/LIDAR/TEST/TEST_V1_0/MAINBOARD_PJT/MAINBOARD_PJT.sdk/mainboard_bsp_wrapper_hw_platform_0/mainboard_bsp_wrapper.bit
targets -set -nocase -filter {name =~"APU*" && jtag_cable_name =~ "Digilent JTAG-HS1 210512180081"} -index 0
loadhw -hw E:/VIVADO/LIDAR/TEST/TEST_V1_0/MAINBOARD_PJT/MAINBOARD_PJT.sdk/mainboard_bsp_wrapper_hw_platform_0/system.hdf -mem-ranges [list {0x40000000 0xbfffffff}]
configparams force-mem-access 1
targets -set -nocase -filter {name =~"APU*" && jtag_cable_name =~ "Digilent JTAG-HS1 210512180081"} -index 0
ps7_init
ps7_post_config
targets -set -nocase -filter {name =~ "ARM*#0" && jtag_cable_name =~ "Digilent JTAG-HS1 210512180081"} -index 0
dow E:/VIVADO/LIDAR/TEST/TEST_V1_0/MAINBOARD_PJT/MAINBOARD_PJT.sdk/MAINBOARD_TEST/Debug/MAINBOARD_TEST.elf
configparams force-mem-access 0
----------------End of Script----------------

14:40:07 INFO  : Memory regions updated for context APU
14:40:07 INFO  : Context for processor 'ps7_cortexa9_0' is selected.
14:40:07 INFO  : 'con' command is executed.
14:40:07 INFO  : ----------------XSDB Script (After Launch)----------------
targets -set -nocase -filter {name =~ "ARM*#0" && jtag_cable_name =~ "Digilent JTAG-HS1 210512180081"} -index 0
con
----------------End of Script----------------

14:40:07 INFO  : Launch script is exported to file 'E:\VIVADO\LIDAR\TEST\TEST_V1_0\MAINBOARD_PJT\MAINBOARD_PJT.sdk\.sdk\launch_scripts\xilinx_c-c++_application_(system_debugger)\system_debugger_using_debug_mainboard_test.elf_on_local.tcl'
15:28:07 INFO  : Disconnected from the channel tcfchan#1.
10:43:39 INFO  : Registering command handlers for SDK TCF services
10:43:39 INFO  : Launching XSCT server: xsct.bat -interactive E:\VIVADO\LIDAR\TEST\TEST_MAINBOARD_V1_0\MAINBOARD_PJT\MAINBOARD_PJT.sdk\temp_xsdb_launch_script.tcl
10:43:41 INFO  : XSCT server has started successfully.
10:43:41 INFO  : Successfully done setting XSCT server connection channel  
10:43:42 INFO  : Successfully done setting SDK workspace  
10:43:42 INFO  : Processing command line option -hwspec E:/VIVADO/LIDAR/TEST/TEST_MAINBOARD_V1_0/MAINBOARD_PJT/MAINBOARD_PJT.sdk/mainboard_bsp_wrapper.hdf.
08:53:52 INFO  : Registering command handlers for SDK TCF services
08:53:52 INFO  : Launching XSCT server: xsct.bat -interactive E:\VIVADO\LIDAR\TEST\TEST_MAINBOARD_V1_0\MAINBOARD_PJT\MAINBOARD_PJT.sdk\temp_xsdb_launch_script.tcl
08:53:55 INFO  : XSCT server has started successfully.
08:53:55 INFO  : Successfully done setting XSCT server connection channel  
08:53:57 INFO  : Successfully done setting SDK workspace  
08:53:57 INFO  : Processing command line option -hwspec E:/VIVADO/LIDAR/TEST/TEST_MAINBOARD_V1_0/MAINBOARD_PJT/MAINBOARD_PJT.sdk/mainboard_bsp_wrapper.hdf.
08:53:57 INFO  : Checking for hwspec changes in the project mainboard_bsp_wrapper_hw_platform_1.
14:50:50 INFO  : Connected to target on host '127.0.0.1' and port '3121'.
14:51:08 INFO  : ----------------XSDB Script----------------
connect -url tcp:127.0.0.1:3121
----------------End of Script----------------

14:52:40 INFO  : Connected to target on host '127.0.0.1' and port '3121'.
14:52:40 INFO  : Jtag cable 'Digilent JTAG-HS1 210512180081' is selected.
14:52:40 INFO  : 'jtag frequency' command is executed.
14:52:40 INFO  : Sourcing of 'E:/VIVADO/LIDAR/TEST/TEST_MAINBOARD_V1_0/MAINBOARD_PJT/MAINBOARD_PJT.sdk/mainboard_bsp_wrapper_hw_platform_0/ps7_init.tcl' is done.
14:52:40 INFO  : Context for 'APU' is selected.
14:52:40 INFO  : System reset is completed.
14:52:43 INFO  : 'after 3000' command is executed.
14:52:43 INFO  : 'targets -set -filter {jtag_cable_name =~ "Digilent JTAG-HS1 210512180081" && level==0} -index 1' command is executed.
14:52:47 INFO  : FPGA configured successfully with bitstream "E:/VIVADO/LIDAR/TEST/TEST_MAINBOARD_V1_0/MAINBOARD_PJT/MAINBOARD_PJT.sdk/mainboard_bsp_wrapper_hw_platform_0/mainboard_bsp_wrapper.bit"
14:52:47 INFO  : Context for 'APU' is selected.
14:52:47 INFO  : Hardware design information is loaded from 'E:/VIVADO/LIDAR/TEST/TEST_MAINBOARD_V1_0/MAINBOARD_PJT/MAINBOARD_PJT.sdk/mainboard_bsp_wrapper_hw_platform_0/system.hdf'.
14:52:47 INFO  : 'configparams force-mem-access 1' command is executed.
14:52:47 INFO  : Context for 'APU' is selected.
14:52:47 INFO  : 'ps7_init' command is executed.
14:52:47 INFO  : 'ps7_post_config' command is executed.
14:52:47 INFO  : Context for processor 'ps7_cortexa9_0' is selected.
14:52:48 INFO  : The application 'E:/VIVADO/LIDAR/TEST/TEST_MAINBOARD_V1_0/MAINBOARD_PJT/MAINBOARD_PJT.sdk/MAINBOARD_TEST/Debug/MAINBOARD_TEST.elf' is downloaded to processor 'ps7_cortexa9_0'.
14:52:48 INFO  : 'configparams force-mem-access 0' command is executed.
14:52:48 INFO  : ----------------XSDB Script----------------
connect -url tcp:127.0.0.1:3121
source E:/VIVADO/LIDAR/TEST/TEST_MAINBOARD_V1_0/MAINBOARD_PJT/MAINBOARD_PJT.sdk/mainboard_bsp_wrapper_hw_platform_0/ps7_init.tcl
targets -set -nocase -filter {name =~"APU*" && jtag_cable_name =~ "Digilent JTAG-HS1 210512180081"} -index 0
rst -system
after 3000
targets -set -filter {jtag_cable_name =~ "Digilent JTAG-HS1 210512180081" && level==0} -index 1
fpga -file E:/VIVADO/LIDAR/TEST/TEST_MAINBOARD_V1_0/MAINBOARD_PJT/MAINBOARD_PJT.sdk/mainboard_bsp_wrapper_hw_platform_0/mainboard_bsp_wrapper.bit
targets -set -nocase -filter {name =~"APU*" && jtag_cable_name =~ "Digilent JTAG-HS1 210512180081"} -index 0
loadhw -hw E:/VIVADO/LIDAR/TEST/TEST_MAINBOARD_V1_0/MAINBOARD_PJT/MAINBOARD_PJT.sdk/mainboard_bsp_wrapper_hw_platform_0/system.hdf -mem-ranges [list {0x40000000 0xbfffffff}]
configparams force-mem-access 1
targets -set -nocase -filter {name =~"APU*" && jtag_cable_name =~ "Digilent JTAG-HS1 210512180081"} -index 0
ps7_init
ps7_post_config
targets -set -nocase -filter {name =~ "ARM*#0" && jtag_cable_name =~ "Digilent JTAG-HS1 210512180081"} -index 0
dow E:/VIVADO/LIDAR/TEST/TEST_MAINBOARD_V1_0/MAINBOARD_PJT/MAINBOARD_PJT.sdk/MAINBOARD_TEST/Debug/MAINBOARD_TEST.elf
configparams force-mem-access 0
----------------End of Script----------------

14:52:48 INFO  : Memory regions updated for context APU
14:52:48 INFO  : Context for processor 'ps7_cortexa9_0' is selected.
14:52:48 INFO  : 'con' command is executed.
14:52:48 INFO  : ----------------XSDB Script (After Launch)----------------
targets -set -nocase -filter {name =~ "ARM*#0" && jtag_cable_name =~ "Digilent JTAG-HS1 210512180081"} -index 0
con
----------------End of Script----------------

14:52:48 INFO  : Launch script is exported to file 'E:\VIVADO\LIDAR\TEST\TEST_MAINBOARD_V1_0\MAINBOARD_PJT\MAINBOARD_PJT.sdk\.sdk\launch_scripts\xilinx_c-c++_application_(system_debugger)\system_debugger_using_debug_mainboard_test.elf_on_local.tcl'
14:53:25 INFO  : Connected to target on host '127.0.0.1' and port '3121'.
14:53:25 INFO  : Jtag cable 'Digilent JTAG-HS1 210512180081' is selected.
14:53:25 INFO  : 'jtag frequency' command is executed.
14:53:25 INFO  : Sourcing of 'E:/VIVADO/LIDAR/TEST/TEST_MAINBOARD_V1_0/MAINBOARD_PJT/MAINBOARD_PJT.sdk/mainboard_bsp_wrapper_hw_platform_0/ps7_init.tcl' is done.
14:53:25 INFO  : Context for 'APU' is selected.
14:53:25 INFO  : System reset is completed.
14:53:28 INFO  : 'after 3000' command is executed.
14:53:28 INFO  : 'targets -set -filter {jtag_cable_name =~ "Digilent JTAG-HS1 210512180081" && level==0} -index 1' command is executed.
14:53:32 INFO  : FPGA configured successfully with bitstream "E:/VIVADO/LIDAR/TEST/TEST_MAINBOARD_V1_0/MAINBOARD_PJT/MAINBOARD_PJT.sdk/mainboard_bsp_wrapper_hw_platform_0/mainboard_bsp_wrapper.bit"
14:53:32 INFO  : Context for 'APU' is selected.
14:53:32 INFO  : Hardware design information is loaded from 'E:/VIVADO/LIDAR/TEST/TEST_MAINBOARD_V1_0/MAINBOARD_PJT/MAINBOARD_PJT.sdk/mainboard_bsp_wrapper_hw_platform_0/system.hdf'.
14:53:32 INFO  : 'configparams force-mem-access 1' command is executed.
14:53:32 INFO  : Context for 'APU' is selected.
14:53:32 INFO  : 'ps7_init' command is executed.
14:53:32 INFO  : 'ps7_post_config' command is executed.
14:53:32 INFO  : Context for processor 'ps7_cortexa9_0' is selected.
14:53:33 INFO  : The application 'E:/VIVADO/LIDAR/TEST/TEST_MAINBOARD_V1_0/MAINBOARD_PJT/MAINBOARD_PJT.sdk/MAINBOARD_TEST/Debug/MAINBOARD_TEST.elf' is downloaded to processor 'ps7_cortexa9_0'.
14:53:33 INFO  : 'configparams force-mem-access 0' command is executed.
14:53:33 INFO  : ----------------XSDB Script----------------
connect -url tcp:127.0.0.1:3121
source E:/VIVADO/LIDAR/TEST/TEST_MAINBOARD_V1_0/MAINBOARD_PJT/MAINBOARD_PJT.sdk/mainboard_bsp_wrapper_hw_platform_0/ps7_init.tcl
targets -set -nocase -filter {name =~"APU*" && jtag_cable_name =~ "Digilent JTAG-HS1 210512180081"} -index 0
rst -system
after 3000
targets -set -filter {jtag_cable_name =~ "Digilent JTAG-HS1 210512180081" && level==0} -index 1
fpga -file E:/VIVADO/LIDAR/TEST/TEST_MAINBOARD_V1_0/MAINBOARD_PJT/MAINBOARD_PJT.sdk/mainboard_bsp_wrapper_hw_platform_0/mainboard_bsp_wrapper.bit
targets -set -nocase -filter {name =~"APU*" && jtag_cable_name =~ "Digilent JTAG-HS1 210512180081"} -index 0
loadhw -hw E:/VIVADO/LIDAR/TEST/TEST_MAINBOARD_V1_0/MAINBOARD_PJT/MAINBOARD_PJT.sdk/mainboard_bsp_wrapper_hw_platform_0/system.hdf -mem-ranges [list {0x40000000 0xbfffffff}]
configparams force-mem-access 1
targets -set -nocase -filter {name =~"APU*" && jtag_cable_name =~ "Digilent JTAG-HS1 210512180081"} -index 0
ps7_init
ps7_post_config
targets -set -nocase -filter {name =~ "ARM*#0" && jtag_cable_name =~ "Digilent JTAG-HS1 210512180081"} -index 0
dow E:/VIVADO/LIDAR/TEST/TEST_MAINBOARD_V1_0/MAINBOARD_PJT/MAINBOARD_PJT.sdk/MAINBOARD_TEST/Debug/MAINBOARD_TEST.elf
configparams force-mem-access 0
----------------End of Script----------------

14:53:33 INFO  : Memory regions updated for context APU
14:53:33 INFO  : Context for processor 'ps7_cortexa9_0' is selected.
14:53:33 INFO  : 'con' command is executed.
14:53:33 INFO  : ----------------XSDB Script (After Launch)----------------
targets -set -nocase -filter {name =~ "ARM*#0" && jtag_cable_name =~ "Digilent JTAG-HS1 210512180081"} -index 0
con
----------------End of Script----------------

14:53:33 INFO  : Launch script is exported to file 'E:\VIVADO\LIDAR\TEST\TEST_MAINBOARD_V1_0\MAINBOARD_PJT\MAINBOARD_PJT.sdk\.sdk\launch_scripts\xilinx_c-c++_application_(system_debugger)\system_debugger_using_debug_mainboard_test.elf_on_local.tcl'
14:56:35 INFO  : Connected to target on host '127.0.0.1' and port '3121'.
14:56:36 INFO  : Jtag cable 'Digilent JTAG-HS1 210512180081' is selected.
14:56:36 INFO  : 'jtag frequency' command is executed.
14:56:36 INFO  : Sourcing of 'E:/VIVADO/LIDAR/TEST/TEST_MAINBOARD_V1_0/MAINBOARD_PJT/MAINBOARD_PJT.sdk/mainboard_bsp_wrapper_hw_platform_0/ps7_init.tcl' is done.
14:56:36 INFO  : Context for 'APU' is selected.
14:56:36 INFO  : System reset is completed.
14:56:39 INFO  : 'after 3000' command is executed.
14:56:39 INFO  : 'targets -set -filter {jtag_cable_name =~ "Digilent JTAG-HS1 210512180081" && level==0} -index 1' command is executed.
14:56:42 INFO  : FPGA configured successfully with bitstream "E:/VIVADO/LIDAR/TEST/TEST_MAINBOARD_V1_0/MAINBOARD_PJT/MAINBOARD_PJT.sdk/mainboard_bsp_wrapper_hw_platform_0/mainboard_bsp_wrapper.bit"
14:56:42 INFO  : Context for 'APU' is selected.
14:56:42 INFO  : Hardware design information is loaded from 'E:/VIVADO/LIDAR/TEST/TEST_MAINBOARD_V1_0/MAINBOARD_PJT/MAINBOARD_PJT.sdk/mainboard_bsp_wrapper_hw_platform_0/system.hdf'.
14:56:42 INFO  : 'configparams force-mem-access 1' command is executed.
14:56:42 INFO  : Context for 'APU' is selected.
14:56:43 INFO  : 'ps7_init' command is executed.
14:56:43 INFO  : 'ps7_post_config' command is executed.
14:56:43 INFO  : Context for processor 'ps7_cortexa9_0' is selected.
14:56:43 INFO  : The application 'E:/VIVADO/LIDAR/TEST/TEST_MAINBOARD_V1_0/MAINBOARD_PJT/MAINBOARD_PJT.sdk/MAINBOARD_TEST/Debug/MAINBOARD_TEST.elf' is downloaded to processor 'ps7_cortexa9_0'.
14:56:43 INFO  : 'configparams force-mem-access 0' command is executed.
14:56:43 INFO  : ----------------XSDB Script----------------
connect -url tcp:127.0.0.1:3121
source E:/VIVADO/LIDAR/TEST/TEST_MAINBOARD_V1_0/MAINBOARD_PJT/MAINBOARD_PJT.sdk/mainboard_bsp_wrapper_hw_platform_0/ps7_init.tcl
targets -set -nocase -filter {name =~"APU*" && jtag_cable_name =~ "Digilent JTAG-HS1 210512180081"} -index 0
rst -system
after 3000
targets -set -filter {jtag_cable_name =~ "Digilent JTAG-HS1 210512180081" && level==0} -index 1
fpga -file E:/VIVADO/LIDAR/TEST/TEST_MAINBOARD_V1_0/MAINBOARD_PJT/MAINBOARD_PJT.sdk/mainboard_bsp_wrapper_hw_platform_0/mainboard_bsp_wrapper.bit
targets -set -nocase -filter {name =~"APU*" && jtag_cable_name =~ "Digilent JTAG-HS1 210512180081"} -index 0
loadhw -hw E:/VIVADO/LIDAR/TEST/TEST_MAINBOARD_V1_0/MAINBOARD_PJT/MAINBOARD_PJT.sdk/mainboard_bsp_wrapper_hw_platform_0/system.hdf -mem-ranges [list {0x40000000 0xbfffffff}]
configparams force-mem-access 1
targets -set -nocase -filter {name =~"APU*" && jtag_cable_name =~ "Digilent JTAG-HS1 210512180081"} -index 0
ps7_init
ps7_post_config
targets -set -nocase -filter {name =~ "ARM*#0" && jtag_cable_name =~ "Digilent JTAG-HS1 210512180081"} -index 0
dow E:/VIVADO/LIDAR/TEST/TEST_MAINBOARD_V1_0/MAINBOARD_PJT/MAINBOARD_PJT.sdk/MAINBOARD_TEST/Debug/MAINBOARD_TEST.elf
configparams force-mem-access 0
----------------End of Script----------------

14:56:43 INFO  : Memory regions updated for context APU
14:56:43 INFO  : Context for processor 'ps7_cortexa9_0' is selected.
14:56:43 INFO  : 'con' command is executed.
14:56:43 INFO  : ----------------XSDB Script (After Launch)----------------
targets -set -nocase -filter {name =~ "ARM*#0" && jtag_cable_name =~ "Digilent JTAG-HS1 210512180081"} -index 0
con
----------------End of Script----------------

14:56:43 INFO  : Launch script is exported to file 'E:\VIVADO\LIDAR\TEST\TEST_MAINBOARD_V1_0\MAINBOARD_PJT\MAINBOARD_PJT.sdk\.sdk\launch_scripts\xilinx_c-c++_application_(system_debugger)\system_debugger_using_debug_mainboard_test.elf_on_local.tcl'
16:12:10 INFO  : Disconnected from the channel tcfchan#1.
16:12:10 WARN  : channel "tcfchan#1" closed
16:12:10 WARN  : channel "tcfchan#1" closed
16:13:00 INFO  : Registering command handlers for SDK TCF services
16:13:01 INFO  : Launching XSCT server: xsct.bat -interactive E:\VIVADO\LIDAR\TEST\TEST_MAINBOARD_V1_0\MAINBOARD_PJT\MAINBOARD_PJT.sdk\temp_xsdb_launch_script.tcl
16:13:04 INFO  : XSCT server has started successfully.
16:13:05 INFO  : Successfully done setting XSCT server connection channel  
16:13:05 INFO  : Successfully done setting SDK workspace  
16:13:05 INFO  : Processing command line option -hwspec E:/VIVADO/LIDAR/TEST/TEST_MAINBOARD_V1_0/MAINBOARD_PJT/MAINBOARD_PJT.sdk/mainboard_bsp_wrapper.hdf.
