httpd: sys update false.
httpd: sys update false.
httpd: detect GET /cgi/progress.json HTTP/1.1
Host: 192.168.19.234
Connection: keep-alive
User-Agent: Mozilla/5.0 (Windows NT 10.0; Win64; x64) AppleWebKit/537.36 (KHTML, like Gecko) Chrome/79.0.3945.130 Safari/537.36
Accept: */*
Referer: http://192.168.19.234/program_flash.html?flash=&upload_image=Update
Accept-Encoding: gzip, deflate
Accept-Language: zh-CN,zh;q=0.9,en;q=0.8
If-Modified-Since: Thu, 01 Jan 1970 00:01:38 GMT



httpd: detect GET /cgi/progress.json HTTP/1.1
Host: 192.168.19.234
Connection: keep-alive
User-Agent: Mozilla/5.0 (Windows NT 10.0; Win64; x64) AppleWebKit/537.36 (KHTML, like Gecko) Chrome/79.0.3945.130 Safari/537.36
Accept: */*
Referer: http://192.168.19.234/program_flash.html?flash=&upload_image=Update
Accept-Encoding: gzip, deflate
Accept-Language: zh-CN,zh;q=0.9,en;q=0.8
If-Modified-Since: Thu, 01 Jan 1970 00:01:38 GMT



httpd: detect GET /cgi/progress.json HTTP/1.1
Host: 192.168.19.234
Connection: keep-alive
User-Agent: Mozilla/5.0 (Windows NT 10.0; Win64; x64) AppleWebKit/537.36 (KHTML, like Gecko) Chrome/79.0.3945.130 Safari/537.36
Accept: */*
Referer: http://192.168.19.234/program_flash.html?flash=&upload_image=Update
Accept-Encoding: gzip, deflate
Accept-Language: zh-CN,zh;q=0.9,en;q=0.8
If-Modified-Since: Thu, 01 Jan 1970 00:01:38 GMT



httpd: bind: Address already in use
httpd: detect GET /cgi/progress.json HTTP/1.1
Host: 192.168.19.234
Connection: keep-alive
User-Agent: Mozilla/5.0 (Windows NT 10.0; Win64; x64) AppleWebKit/537.36 (KHTML, like Gecko) Chrome/79.0.3945.130 Safari/537.36
Accept: */*
Referer: http://192.168.19.234/program_flash.html?flash=&upload_image=Update
Accept-Encoding: gzip, deflate
Accept-Language: zh-CN,zh;q=0.9,en;q=0.8
If-Modified-Since: Thu, 01 Jan 1970 00:01:38 GMT



httpd: detect GET /cgi/progress.json HTTP/1.1
Host: 192.168.19.233
Connection: keep-alive
User-Agent: Mozilla/5.0 (Windows NT 10.0; Win64; x64) AppleWebKit/537.36 (KHTML, like Gecko) Chrome/79.0.3945.130 Safari/537.36
Accept: */*
Referer: http://192.168.19.233/program_flash.html?flash=&upload_image=Update
Accept-Encoding: gzip, deflate
Accept-Language: zh-CN,zh;q=0.9,en;q=0.8



httpd: detect GET /cgi/progress.json HTTP/1.1
Host: 192.168.19.233
Connection: keep-alive
User-Agent: Mozilla/5.0 (Windows NT 10.0; Win64; x64) AppleWebKit/537.36 (KHTML, like Gecko) Chrome/79.0.3945.130 Safari/537.36
Accept: */*
Referer: http://192.168.19.233/program_flash.html?flash=&upload_image=Update
Accept-Encoding: gzip, deflate
Accept-Language: zh-CN,zh;q=0.9,en;q=0.8
If-Modified-Since: Thu, 01 Jan 1970 00:01:38 GMT



httpd: detect GET /cgi/progress.json HTTP/1.1
Host: 192.168.19.233
Connection: keep-alive
User-Agent: Mozilla/5.0 (Windows NT 10.0; Win64; x64) AppleWebKit/537.36 (KHTML, like Gecko) Chrome/79.0.3945.130 Safari/537.36
Accept: */*
Referer: http://192.168.19.233/program_flash.html?flash=&upload_image=Update
Accept-Encoding: gzip, deflate
Accept-Language: zh-CN,zh;q=0.9,en;q=0.8
If-Modified-Since: Thu, 01 Jan 1970 00:01:38 GMT



httpd: detect GET /cgi/progress.json HTTP/1.1
Host: 192.168.19.233
Connection: keep-alive
User-Agent: Mozilla/5.0 (Windows NT 10.0; Win64; x64) AppleWebKit/537.36 (KHTML, like Gecko) Chrome/79.0.3945.130 Safari/537.36
Accept: */*
Referer: http://192.168.19.233/program_flash.html?flash=&upload_image=Update
Accept-Encoding: gzip, deflate
Accept-Language: zh-CN,zh;q=0.9,en;q=0.8
If-Modified-Since: Thu, 01 Jan 1970 00:01:38 GMT



