09:27:57 INFO  : Registering command handlers for SDK TCF services
09:27:57 INFO  : Launching XSCT server: xsct.bat -interactive E:\VIVADO\LIDAR\TEST\TEST_V1_0\MAINBOARD_PJT\MAINBOARD_PJT.sdk\temp_xsdb_launch_script.tcl
09:28:00 INFO  : XSCT server has started successfully.
09:28:00 INFO  : Successfully done setting XSCT server connection channel  
09:28:01 INFO  : Successfully done setting SDK workspace  
09:28:01 INFO  : Processing command line option -hwspec E:/VIVADO/LIDAR/TEST/TEST_V1_0/MAINBOARD_PJT/MAINBOARD_PJT.sdk/mainboard_bsp_wrapper.hdf.
10:25:21 INFO  : Connected to target on host '127.0.0.1' and port '3121'.
10:25:22 INFO  : Jtag cable 'Digilent JTAG-HS1 210512180081' is selected.
10:25:22 INFO  : 'jtag frequency' command is executed.
10:25:22 INFO  : Sourcing of 'E:/VIVADO/LIDAR/TEST/TEST_V1_0/MAINBOARD_PJT/MAINBOARD_PJT.sdk/mainboard_bsp_wrapper_hw_platform_0/ps7_init.tcl' is done.
10:25:22 INFO  : Context for 'APU' is selected.
10:25:22 INFO  : System reset is completed.
10:25:25 INFO  : 'after 3000' command is executed.
10:25:26 INFO  : 'targets -set -filter {jtag_cable_name =~ "Digilent JTAG-HS1 210512180081" && level==0} -index 1' command is executed.
10:25:30 INFO  : FPGA configured successfully with bitstream "E:/VIVADO/LIDAR/TEST/TEST_V1_0/MAINBOARD_PJT/MAINBOARD_PJT.sdk/mainboard_bsp_wrapper_hw_platform_0/mainboard_bsp_wrapper.bit"
10:25:31 INFO  : Context for 'APU' is selected.
10:25:31 INFO  : Hardware design information is loaded from 'E:/VIVADO/LIDAR/TEST/TEST_V1_0/MAINBOARD_PJT/MAINBOARD_PJT.sdk/mainboard_bsp_wrapper_hw_platform_0/system.hdf'.
10:25:31 INFO  : 'configparams force-mem-access 1' command is executed.
10:25:31 INFO  : Context for 'APU' is selected.
10:25:32 INFO  : 'ps7_init' command is executed.
10:25:32 INFO  : 'ps7_post_config' command is executed.
10:25:32 INFO  : Context for processor 'ps7_cortexa9_0' is selected.
10:25:32 INFO  : The application 'E:/VIVADO/LIDAR/TEST/TEST_V1_0/MAINBOARD_PJT/MAINBOARD_PJT.sdk/MIAN_BOARD/Debug/MIAN_BOARD.elf' is downloaded to processor 'ps7_cortexa9_0'.
10:25:32 INFO  : 'configparams force-mem-access 0' command is executed.
10:25:32 INFO  : ----------------XSDB Script----------------
connect -url tcp:127.0.0.1:3121
source E:/VIVADO/LIDAR/TEST/TEST_V1_0/MAINBOARD_PJT/MAINBOARD_PJT.sdk/mainboard_bsp_wrapper_hw_platform_0/ps7_init.tcl
targets -set -nocase -filter {name =~"APU*" && jtag_cable_name =~ "Digilent JTAG-HS1 210512180081"} -index 0
rst -system
after 3000
targets -set -filter {jtag_cable_name =~ "Digilent JTAG-HS1 210512180081" && level==0} -index 1
fpga -file E:/VIVADO/LIDAR/TEST/TEST_V1_0/MAINBOARD_PJT/MAINBOARD_PJT.sdk/mainboard_bsp_wrapper_hw_platform_0/mainboard_bsp_wrapper.bit
targets -set -nocase -filter {name =~"APU*" && jtag_cable_name =~ "Digilent JTAG-HS1 210512180081"} -index 0
loadhw -hw E:/VIVADO/LIDAR/TEST/TEST_V1_0/MAINBOARD_PJT/MAINBOARD_PJT.sdk/mainboard_bsp_wrapper_hw_platform_0/system.hdf -mem-ranges [list {0x40000000 0xbfffffff}]
configparams force-mem-access 1
targets -set -nocase -filter {name =~"APU*" && jtag_cable_name =~ "Digilent JTAG-HS1 210512180081"} -index 0
ps7_init
ps7_post_config
targets -set -nocase -filter {name =~ "ARM*#0" && jtag_cable_name =~ "Digilent JTAG-HS1 210512180081"} -index 0
dow E:/VIVADO/LIDAR/TEST/TEST_V1_0/MAINBOARD_PJT/MAINBOARD_PJT.sdk/MIAN_BOARD/Debug/MIAN_BOARD.elf
configparams force-mem-access 0
----------------End of Script----------------

10:25:32 INFO  : Memory regions updated for context APU
10:25:32 INFO  : Context for processor 'ps7_cortexa9_0' is selected.
10:25:32 INFO  : 'con' command is executed.
10:25:32 INFO  : ----------------XSDB Script (After Launch)----------------
targets -set -nocase -filter {name =~ "ARM*#0" && jtag_cable_name =~ "Digilent JTAG-HS1 210512180081"} -index 0
con
----------------End of Script----------------

10:25:32 INFO  : Launch script is exported to file 'E:\VIVADO\LIDAR\TEST\TEST_V1_0\MAINBOARD_PJT\MAINBOARD_PJT.sdk\.sdk\launch_scripts\xilinx_c-c++_application_(system_debugger)\system_debugger_using_debug_mian_board.elf_on_local.tcl'
10:49:26 INFO  : Connected to target on host '127.0.0.1' and port '3121'.
10:49:26 INFO  : Jtag cable 'Digilent JTAG-HS1 210512180081' is selected.
10:49:26 INFO  : 'jtag frequency' command is executed.
10:49:26 INFO  : Sourcing of 'E:/VIVADO/LIDAR/TEST/TEST_V1_0/MAINBOARD_PJT/MAINBOARD_PJT.sdk/mainboard_bsp_wrapper_hw_platform_0/ps7_init.tcl' is done.
10:49:26 INFO  : Context for 'APU' is selected.
10:49:27 INFO  : System reset is completed.
10:49:30 INFO  : 'after 3000' command is executed.
10:49:30 INFO  : 'targets -set -filter {jtag_cable_name =~ "Digilent JTAG-HS1 210512180081" && level==0} -index 1' command is executed.
10:49:33 INFO  : FPGA configured successfully with bitstream "E:/VIVADO/LIDAR/TEST/TEST_V1_0/MAINBOARD_PJT/MAINBOARD_PJT.sdk/mainboard_bsp_wrapper_hw_platform_0/mainboard_bsp_wrapper.bit"
10:49:33 INFO  : Context for 'APU' is selected.
10:49:33 INFO  : Hardware design information is loaded from 'E:/VIVADO/LIDAR/TEST/TEST_V1_0/MAINBOARD_PJT/MAINBOARD_PJT.sdk/mainboard_bsp_wrapper_hw_platform_0/system.hdf'.
10:49:33 INFO  : 'configparams force-mem-access 1' command is executed.
10:49:33 INFO  : Context for 'APU' is selected.
10:49:34 INFO  : 'ps7_init' command is executed.
10:49:34 INFO  : 'ps7_post_config' command is executed.
10:49:34 INFO  : Context for processor 'ps7_cortexa9_0' is selected.
10:49:34 INFO  : The application 'E:/VIVADO/LIDAR/TEST/TEST_V1_0/MAINBOARD_PJT/MAINBOARD_PJT.sdk/MIAN_BOARD/Debug/MIAN_BOARD.elf' is downloaded to processor 'ps7_cortexa9_0'.
10:49:34 INFO  : 'configparams force-mem-access 0' command is executed.
10:49:34 INFO  : ----------------XSDB Script----------------
connect -url tcp:127.0.0.1:3121
source E:/VIVADO/LIDAR/TEST/TEST_V1_0/MAINBOARD_PJT/MAINBOARD_PJT.sdk/mainboard_bsp_wrapper_hw_platform_0/ps7_init.tcl
targets -set -nocase -filter {name =~"APU*" && jtag_cable_name =~ "Digilent JTAG-HS1 210512180081"} -index 0
rst -system
after 3000
targets -set -filter {jtag_cable_name =~ "Digilent JTAG-HS1 210512180081" && level==0} -index 1
fpga -file E:/VIVADO/LIDAR/TEST/TEST_V1_0/MAINBOARD_PJT/MAINBOARD_PJT.sdk/mainboard_bsp_wrapper_hw_platform_0/mainboard_bsp_wrapper.bit
targets -set -nocase -filter {name =~"APU*" && jtag_cable_name =~ "Digilent JTAG-HS1 210512180081"} -index 0
loadhw -hw E:/VIVADO/LIDAR/TEST/TEST_V1_0/MAINBOARD_PJT/MAINBOARD_PJT.sdk/mainboard_bsp_wrapper_hw_platform_0/system.hdf -mem-ranges [list {0x40000000 0xbfffffff}]
configparams force-mem-access 1
targets -set -nocase -filter {name =~"APU*" && jtag_cable_name =~ "Digilent JTAG-HS1 210512180081"} -index 0
ps7_init
ps7_post_config
targets -set -nocase -filter {name =~ "ARM*#0" && jtag_cable_name =~ "Digilent JTAG-HS1 210512180081"} -index 0
dow E:/VIVADO/LIDAR/TEST/TEST_V1_0/MAINBOARD_PJT/MAINBOARD_PJT.sdk/MIAN_BOARD/Debug/MIAN_BOARD.elf
configparams force-mem-access 0
----------------End of Script----------------

10:49:34 INFO  : Memory regions updated for context APU
10:49:34 INFO  : Context for processor 'ps7_cortexa9_0' is selected.
10:49:34 INFO  : 'con' command is executed.
10:49:34 INFO  : ----------------XSDB Script (After Launch)----------------
targets -set -nocase -filter {name =~ "ARM*#0" && jtag_cable_name =~ "Digilent JTAG-HS1 210512180081"} -index 0
con
----------------End of Script----------------

10:49:34 INFO  : Launch script is exported to file 'E:\VIVADO\LIDAR\TEST\TEST_V1_0\MAINBOARD_PJT\MAINBOARD_PJT.sdk\.sdk\launch_scripts\xilinx_c-c++_application_(system_debugger)\system_debugger_using_debug_mian_board.elf_on_local.tcl'
11:37:22 INFO  : Disconnected from the channel tcfchan#1.
11:37:22 WARN  : channel "tcfchan#1" closed
11:37:59 INFO  : Registering command handlers for SDK TCF services
11:37:59 INFO  : Launching XSCT server: xsct.bat -interactive E:\VIVADO\LIDAR\TEST\TEST_V1_0\MAINBOARD_PJT\MAINBOARD_PJT.sdk\temp_xsdb_launch_script.tcl
11:38:02 INFO  : XSCT server has started successfully.
11:38:02 INFO  : Successfully done setting XSCT server connection channel  
11:38:03 INFO  : Successfully done setting SDK workspace  
11:38:03 INFO  : Processing command line option -hwspec E:/VIVADO/LIDAR/TEST/TEST_V1_0/MAINBOARD_PJT/MAINBOARD_PJT.sdk/mainboard_bsp_wrapper.hdf.
11:42:31 INFO  : Connected to target on host '127.0.0.1' and port '3121'.
11:42:32 INFO  : Jtag cable 'Digilent JTAG-HS1 210512180081' is selected.
11:42:32 INFO  : 'jtag frequency' command is executed.
11:42:32 INFO  : Sourcing of 'E:/VIVADO/LIDAR/TEST/TEST_V1_0/MAINBOARD_PJT/MAINBOARD_PJT.sdk/mainboard_bsp_wrapper_hw_platform_0/ps7_init.tcl' is done.
11:42:32 INFO  : Context for 'APU' is selected.
11:42:32 INFO  : System reset is completed.
11:42:35 INFO  : 'after 3000' command is executed.
11:42:35 INFO  : 'targets -set -filter {jtag_cable_name =~ "Digilent JTAG-HS1 210512180081" && level==0} -index 1' command is executed.
11:42:38 INFO  : FPGA configured successfully with bitstream "E:/VIVADO/LIDAR/TEST/TEST_V1_0/MAINBOARD_PJT/MAINBOARD_PJT.sdk/mainboard_bsp_wrapper_hw_platform_0/mainboard_bsp_wrapper.bit"
11:42:39 INFO  : Context for 'APU' is selected.
11:42:39 INFO  : Hardware design information is loaded from 'E:/VIVADO/LIDAR/TEST/TEST_V1_0/MAINBOARD_PJT/MAINBOARD_PJT.sdk/mainboard_bsp_wrapper_hw_platform_0/system.hdf'.
11:42:39 INFO  : 'configparams force-mem-access 1' command is executed.
11:42:39 INFO  : Context for 'APU' is selected.
11:42:39 INFO  : 'ps7_init' command is executed.
11:42:39 INFO  : 'ps7_post_config' command is executed.
11:42:39 INFO  : Context for processor 'ps7_cortexa9_0' is selected.
11:42:40 INFO  : The application 'E:/VIVADO/LIDAR/TEST/TEST_V1_0/MAINBOARD_PJT/MAINBOARD_PJT.sdk/MIAN_BOARD/Debug/MIAN_BOARD.elf' is downloaded to processor 'ps7_cortexa9_0'.
11:42:40 INFO  : 'configparams force-mem-access 0' command is executed.
11:42:40 INFO  : ----------------XSDB Script----------------
connect -url tcp:127.0.0.1:3121
source E:/VIVADO/LIDAR/TEST/TEST_V1_0/MAINBOARD_PJT/MAINBOARD_PJT.sdk/mainboard_bsp_wrapper_hw_platform_0/ps7_init.tcl
targets -set -nocase -filter {name =~"APU*" && jtag_cable_name =~ "Digilent JTAG-HS1 210512180081"} -index 0
rst -system
after 3000
targets -set -filter {jtag_cable_name =~ "Digilent JTAG-HS1 210512180081" && level==0} -index 1
fpga -file E:/VIVADO/LIDAR/TEST/TEST_V1_0/MAINBOARD_PJT/MAINBOARD_PJT.sdk/mainboard_bsp_wrapper_hw_platform_0/mainboard_bsp_wrapper.bit
targets -set -nocase -filter {name =~"APU*" && jtag_cable_name =~ "Digilent JTAG-HS1 210512180081"} -index 0
loadhw -hw E:/VIVADO/LIDAR/TEST/TEST_V1_0/MAINBOARD_PJT/MAINBOARD_PJT.sdk/mainboard_bsp_wrapper_hw_platform_0/system.hdf -mem-ranges [list {0x40000000 0xbfffffff}]
configparams force-mem-access 1
targets -set -nocase -filter {name =~"APU*" && jtag_cable_name =~ "Digilent JTAG-HS1 210512180081"} -index 0
ps7_init
ps7_post_config
targets -set -nocase -filter {name =~ "ARM*#0" && jtag_cable_name =~ "Digilent JTAG-HS1 210512180081"} -index 0
dow E:/VIVADO/LIDAR/TEST/TEST_V1_0/MAINBOARD_PJT/MAINBOARD_PJT.sdk/MIAN_BOARD/Debug/MIAN_BOARD.elf
configparams force-mem-access 0
----------------End of Script----------------

11:42:40 INFO  : Memory regions updated for context APU
11:42:40 INFO  : Context for processor 'ps7_cortexa9_0' is selected.
11:42:40 INFO  : 'con' command is executed.
11:42:40 INFO  : ----------------XSDB Script (After Launch)----------------
targets -set -nocase -filter {name =~ "ARM*#0" && jtag_cable_name =~ "Digilent JTAG-HS1 210512180081"} -index 0
con
----------------End of Script----------------

11:42:40 INFO  : Launch script is exported to file 'E:\VIVADO\LIDAR\TEST\TEST_V1_0\MAINBOARD_PJT\MAINBOARD_PJT.sdk\.sdk\launch_scripts\xilinx_c-c++_application_(system_debugger)\system_debugger_using_debug_mian_board.elf_on_local.tcl'
12:35:20 INFO  : Disconnected from the channel tcfchan#1.
12:35:48 INFO  : Registering command handlers for SDK TCF services
12:35:49 INFO  : Launching XSCT server: xsct.bat -interactive E:\VIVADO\LIDAR\TEST\TEST_V1_0\MAINBOARD_PJT\MAINBOARD_PJT.sdk\temp_xsdb_launch_script.tcl
12:35:52 INFO  : XSCT server has started successfully.
12:35:52 INFO  : Successfully done setting XSCT server connection channel  
12:35:52 INFO  : Successfully done setting SDK workspace  
12:35:52 INFO  : Processing command line option -hwspec E:/VIVADO/LIDAR/TEST/TEST_V1_0/MAINBOARD_PJT/MAINBOARD_PJT.sdk/mainboard_bsp_wrapper.hdf.
12:39:06 INFO  : Connected to target on host '127.0.0.1' and port '3121'.
12:39:06 INFO  : Jtag cable 'Digilent JTAG-HS1 210512180081' is selected.
12:39:06 INFO  : 'jtag frequency' command is executed.
12:39:06 INFO  : Sourcing of 'E:/VIVADO/LIDAR/TEST/TEST_V1_0/MAINBOARD_PJT/MAINBOARD_PJT.sdk/mainboard_bsp_wrapper_hw_platform_0/ps7_init.tcl' is done.
12:39:06 INFO  : Context for 'APU' is selected.
12:39:07 INFO  : System reset is completed.
12:39:10 INFO  : 'after 3000' command is executed.
12:39:10 INFO  : 'targets -set -filter {jtag_cable_name =~ "Digilent JTAG-HS1 210512180081" && level==0} -index 1' command is executed.
12:39:13 INFO  : FPGA configured successfully with bitstream "E:/VIVADO/LIDAR/TEST/TEST_V1_0/MAINBOARD_PJT/MAINBOARD_PJT.sdk/mainboard_bsp_wrapper_hw_platform_0/mainboard_bsp_wrapper.bit"
12:39:13 INFO  : Context for 'APU' is selected.
12:39:13 INFO  : Hardware design information is loaded from 'E:/VIVADO/LIDAR/TEST/TEST_V1_0/MAINBOARD_PJT/MAINBOARD_PJT.sdk/mainboard_bsp_wrapper_hw_platform_0/system.hdf'.
12:39:13 INFO  : 'configparams force-mem-access 1' command is executed.
12:39:13 INFO  : Context for 'APU' is selected.
12:39:14 INFO  : 'ps7_init' command is executed.
12:39:14 INFO  : 'ps7_post_config' command is executed.
12:39:14 INFO  : Context for processor 'ps7_cortexa9_0' is selected.
12:39:14 INFO  : The application 'E:/VIVADO/LIDAR/TEST/TEST_V1_0/MAINBOARD_PJT/MAINBOARD_PJT.sdk/MIAN_BOARD/Debug/MIAN_BOARD.elf' is downloaded to processor 'ps7_cortexa9_0'.
12:39:14 INFO  : 'configparams force-mem-access 0' command is executed.
12:39:14 INFO  : ----------------XSDB Script----------------
connect -url tcp:127.0.0.1:3121
source E:/VIVADO/LIDAR/TEST/TEST_V1_0/MAINBOARD_PJT/MAINBOARD_PJT.sdk/mainboard_bsp_wrapper_hw_platform_0/ps7_init.tcl
targets -set -nocase -filter {name =~"APU*" && jtag_cable_name =~ "Digilent JTAG-HS1 210512180081"} -index 0
rst -system
after 3000
targets -set -filter {jtag_cable_name =~ "Digilent JTAG-HS1 210512180081" && level==0} -index 1
fpga -file E:/VIVADO/LIDAR/TEST/TEST_V1_0/MAINBOARD_PJT/MAINBOARD_PJT.sdk/mainboard_bsp_wrapper_hw_platform_0/mainboard_bsp_wrapper.bit
targets -set -nocase -filter {name =~"APU*" && jtag_cable_name =~ "Digilent JTAG-HS1 210512180081"} -index 0
loadhw -hw E:/VIVADO/LIDAR/TEST/TEST_V1_0/MAINBOARD_PJT/MAINBOARD_PJT.sdk/mainboard_bsp_wrapper_hw_platform_0/system.hdf -mem-ranges [list {0x40000000 0xbfffffff}]
configparams force-mem-access 1
targets -set -nocase -filter {name =~"APU*" && jtag_cable_name =~ "Digilent JTAG-HS1 210512180081"} -index 0
ps7_init
ps7_post_config
targets -set -nocase -filter {name =~ "ARM*#0" && jtag_cable_name =~ "Digilent JTAG-HS1 210512180081"} -index 0
dow E:/VIVADO/LIDAR/TEST/TEST_V1_0/MAINBOARD_PJT/MAINBOARD_PJT.sdk/MIAN_BOARD/Debug/MIAN_BOARD.elf
configparams force-mem-access 0
----------------End of Script----------------

12:39:14 INFO  : Memory regions updated for context APU
12:39:14 INFO  : Context for processor 'ps7_cortexa9_0' is selected.
12:39:14 INFO  : 'con' command is executed.
12:39:14 INFO  : ----------------XSDB Script (After Launch)----------------
targets -set -nocase -filter {name =~ "ARM*#0" && jtag_cable_name =~ "Digilent JTAG-HS1 210512180081"} -index 0
con
----------------End of Script----------------

12:39:14 INFO  : Launch script is exported to file 'E:\VIVADO\LIDAR\TEST\TEST_V1_0\MAINBOARD_PJT\MAINBOARD_PJT.sdk\.sdk\launch_scripts\xilinx_c-c++_application_(system_debugger)\system_debugger_using_debug_mian_board.elf_on_local.tcl'
13:01:11 INFO  : Disconnected from the channel tcfchan#1.
13:18:00 INFO  : Registering command handlers for SDK TCF services
13:18:00 INFO  : Launching XSCT server: xsct.bat -interactive E:\VIVADO\LIDAR\TEST\TEST_V1_0\MAINBOARD_PJT\MAINBOARD_PJT.sdk\temp_xsdb_launch_script.tcl
13:18:03 INFO  : XSCT server has started successfully.
13:18:03 INFO  : Successfully done setting XSCT server connection channel  
13:18:04 INFO  : Successfully done setting SDK workspace  
13:18:04 INFO  : Processing command line option -hwspec E:/VIVADO/LIDAR/TEST/TEST_V1_0/MAINBOARD_PJT/MAINBOARD_PJT.sdk/mainboard_bsp_wrapper.hdf.
13:19:53 INFO  : Connected to target on host '127.0.0.1' and port '3121'.
13:19:54 INFO  : Jtag cable 'Digilent JTAG-HS1 210512180081' is selected.
13:19:54 INFO  : 'jtag frequency' command is executed.
13:19:54 INFO  : Sourcing of 'E:/VIVADO/LIDAR/TEST/TEST_V1_0/MAINBOARD_PJT/MAINBOARD_PJT.sdk/mainboard_bsp_wrapper_hw_platform_0/ps7_init.tcl' is done.
13:19:54 INFO  : Context for 'APU' is selected.
13:19:54 INFO  : System reset is completed.
13:19:57 INFO  : 'after 3000' command is executed.
13:19:57 INFO  : 'targets -set -filter {jtag_cable_name =~ "Digilent JTAG-HS1 210512180081" && level==0} -index 1' command is executed.
13:20:00 INFO  : FPGA configured successfully with bitstream "E:/VIVADO/LIDAR/TEST/TEST_V1_0/MAINBOARD_PJT/MAINBOARD_PJT.sdk/mainboard_bsp_wrapper_hw_platform_0/mainboard_bsp_wrapper.bit"
13:20:01 INFO  : Context for 'APU' is selected.
13:20:01 INFO  : Hardware design information is loaded from 'E:/VIVADO/LIDAR/TEST/TEST_V1_0/MAINBOARD_PJT/MAINBOARD_PJT.sdk/mainboard_bsp_wrapper_hw_platform_0/system.hdf'.
13:20:01 INFO  : 'configparams force-mem-access 1' command is executed.
13:20:01 INFO  : Context for 'APU' is selected.
13:20:02 INFO  : 'ps7_init' command is executed.
13:20:02 INFO  : 'ps7_post_config' command is executed.
13:20:02 INFO  : Context for processor 'ps7_cortexa9_0' is selected.
13:20:02 INFO  : The application 'E:/VIVADO/LIDAR/TEST/TEST_V1_0/MAINBOARD_PJT/MAINBOARD_PJT.sdk/MIAN_BOARD/Debug/MIAN_BOARD.elf' is downloaded to processor 'ps7_cortexa9_0'.
13:20:02 INFO  : 'configparams force-mem-access 0' command is executed.
13:20:02 INFO  : ----------------XSDB Script----------------
connect -url tcp:127.0.0.1:3121
source E:/VIVADO/LIDAR/TEST/TEST_V1_0/MAINBOARD_PJT/MAINBOARD_PJT.sdk/mainboard_bsp_wrapper_hw_platform_0/ps7_init.tcl
targets -set -nocase -filter {name =~"APU*" && jtag_cable_name =~ "Digilent JTAG-HS1 210512180081"} -index 0
rst -system
after 3000
targets -set -filter {jtag_cable_name =~ "Digilent JTAG-HS1 210512180081" && level==0} -index 1
fpga -file E:/VIVADO/LIDAR/TEST/TEST_V1_0/MAINBOARD_PJT/MAINBOARD_PJT.sdk/mainboard_bsp_wrapper_hw_platform_0/mainboard_bsp_wrapper.bit
targets -set -nocase -filter {name =~"APU*" && jtag_cable_name =~ "Digilent JTAG-HS1 210512180081"} -index 0
loadhw -hw E:/VIVADO/LIDAR/TEST/TEST_V1_0/MAINBOARD_PJT/MAINBOARD_PJT.sdk/mainboard_bsp_wrapper_hw_platform_0/system.hdf -mem-ranges [list {0x40000000 0xbfffffff}]
configparams force-mem-access 1
targets -set -nocase -filter {name =~"APU*" && jtag_cable_name =~ "Digilent JTAG-HS1 210512180081"} -index 0
ps7_init
ps7_post_config
targets -set -nocase -filter {name =~ "ARM*#0" && jtag_cable_name =~ "Digilent JTAG-HS1 210512180081"} -index 0
dow E:/VIVADO/LIDAR/TEST/TEST_V1_0/MAINBOARD_PJT/MAINBOARD_PJT.sdk/MIAN_BOARD/Debug/MIAN_BOARD.elf
configparams force-mem-access 0
----------------End of Script----------------

13:20:02 INFO  : Memory regions updated for context APU
13:20:02 INFO  : Context for processor 'ps7_cortexa9_0' is selected.
13:20:02 INFO  : 'con' command is executed.
13:20:02 INFO  : ----------------XSDB Script (After Launch)----------------
targets -set -nocase -filter {name =~ "ARM*#0" && jtag_cable_name =~ "Digilent JTAG-HS1 210512180081"} -index 0
con
----------------End of Script----------------

13:20:02 INFO  : Launch script is exported to file 'E:\VIVADO\LIDAR\TEST\TEST_V1_0\MAINBOARD_PJT\MAINBOARD_PJT.sdk\.sdk\launch_scripts\xilinx_c-c++_application_(system_debugger)\system_debugger_using_debug_mian_board.elf_on_local.tcl'
13:37:10 INFO  : Connected to target on host '127.0.0.1' and port '3121'.
13:37:10 INFO  : Jtag cable 'Digilent JTAG-HS1 210512180081' is selected.
13:37:10 INFO  : 'jtag frequency' command is executed.
13:37:10 INFO  : Sourcing of 'E:/VIVADO/LIDAR/TEST/TEST_V1_0/MAINBOARD_PJT/MAINBOARD_PJT.sdk/mainboard_bsp_wrapper_hw_platform_0/ps7_init.tcl' is done.
13:37:11 INFO  : Context for 'APU' is selected.
13:37:11 INFO  : System reset is completed.
13:37:14 INFO  : 'after 3000' command is executed.
13:37:14 INFO  : 'targets -set -filter {jtag_cable_name =~ "Digilent JTAG-HS1 210512180081" && level==0} -index 1' command is executed.
13:37:17 INFO  : FPGA configured successfully with bitstream "E:/VIVADO/LIDAR/TEST/TEST_V1_0/MAINBOARD_PJT/MAINBOARD_PJT.sdk/mainboard_bsp_wrapper_hw_platform_0/mainboard_bsp_wrapper.bit"
13:37:17 INFO  : Context for 'APU' is selected.
13:37:17 INFO  : Hardware design information is loaded from 'E:/VIVADO/LIDAR/TEST/TEST_V1_0/MAINBOARD_PJT/MAINBOARD_PJT.sdk/mainboard_bsp_wrapper_hw_platform_0/system.hdf'.
13:37:17 INFO  : 'configparams force-mem-access 1' command is executed.
13:37:17 INFO  : Context for 'APU' is selected.
13:37:18 INFO  : 'ps7_init' command is executed.
13:37:18 INFO  : 'ps7_post_config' command is executed.
13:37:18 INFO  : Context for processor 'ps7_cortexa9_0' is selected.
13:37:18 INFO  : The application 'E:/VIVADO/LIDAR/TEST/TEST_V1_0/MAINBOARD_PJT/MAINBOARD_PJT.sdk/MIAN_BOARD/Debug/MIAN_BOARD.elf' is downloaded to processor 'ps7_cortexa9_0'.
13:37:18 INFO  : 'configparams force-mem-access 0' command is executed.
13:37:18 INFO  : ----------------XSDB Script----------------
connect -url tcp:127.0.0.1:3121
source E:/VIVADO/LIDAR/TEST/TEST_V1_0/MAINBOARD_PJT/MAINBOARD_PJT.sdk/mainboard_bsp_wrapper_hw_platform_0/ps7_init.tcl
targets -set -nocase -filter {name =~"APU*" && jtag_cable_name =~ "Digilent JTAG-HS1 210512180081"} -index 0
rst -system
after 3000
targets -set -filter {jtag_cable_name =~ "Digilent JTAG-HS1 210512180081" && level==0} -index 1
fpga -file E:/VIVADO/LIDAR/TEST/TEST_V1_0/MAINBOARD_PJT/MAINBOARD_PJT.sdk/mainboard_bsp_wrapper_hw_platform_0/mainboard_bsp_wrapper.bit
targets -set -nocase -filter {name =~"APU*" && jtag_cable_name =~ "Digilent JTAG-HS1 210512180081"} -index 0
loadhw -hw E:/VIVADO/LIDAR/TEST/TEST_V1_0/MAINBOARD_PJT/MAINBOARD_PJT.sdk/mainboard_bsp_wrapper_hw_platform_0/system.hdf -mem-ranges [list {0x40000000 0xbfffffff}]
configparams force-mem-access 1
targets -set -nocase -filter {name =~"APU*" && jtag_cable_name =~ "Digilent JTAG-HS1 210512180081"} -index 0
ps7_init
ps7_post_config
targets -set -nocase -filter {name =~ "ARM*#0" && jtag_cable_name =~ "Digilent JTAG-HS1 210512180081"} -index 0
dow E:/VIVADO/LIDAR/TEST/TEST_V1_0/MAINBOARD_PJT/MAINBOARD_PJT.sdk/MIAN_BOARD/Debug/MIAN_BOARD.elf
configparams force-mem-access 0
----------------End of Script----------------

13:37:18 INFO  : Memory regions updated for context APU
13:37:18 INFO  : Context for processor 'ps7_cortexa9_0' is selected.
13:37:18 INFO  : 'con' command is executed.
13:37:18 INFO  : ----------------XSDB Script (After Launch)----------------
targets -set -nocase -filter {name =~ "ARM*#0" && jtag_cable_name =~ "Digilent JTAG-HS1 210512180081"} -index 0
con
----------------End of Script----------------

13:37:18 INFO  : Launch script is exported to file 'E:\VIVADO\LIDAR\TEST\TEST_V1_0\MAINBOARD_PJT\MAINBOARD_PJT.sdk\.sdk\launch_scripts\xilinx_c-c++_application_(system_debugger)\system_debugger_using_debug_mian_board.elf_on_local.tcl'
13:50:01 INFO  : Disconnected from the channel tcfchan#1.
13:50:01 WARN  : channel "tcfchan#1" closed
14:12:21 INFO  : Registering command handlers for SDK TCF services
14:12:21 INFO  : Launching XSCT server: xsct.bat -interactive E:\VIVADO\LIDAR\TEST\TEST_V1_0\MAINBOARD_PJT\MAINBOARD_PJT.sdk\temp_xsdb_launch_script.tcl
14:12:24 INFO  : XSCT server has started successfully.
14:12:25 INFO  : Successfully done setting XSCT server connection channel  
14:12:25 INFO  : Successfully done setting SDK workspace  
14:12:25 INFO  : Processing command line option -hwspec E:/VIVADO/LIDAR/TEST/TEST_V1_0/MAINBOARD_PJT/MAINBOARD_PJT.sdk/mainboard_bsp_wrapper.hdf.
14:15:06 INFO  : Connected to target on host '127.0.0.1' and port '3121'.
14:15:07 INFO  : Jtag cable 'Digilent JTAG-HS1 210512180081' is selected.
14:15:07 INFO  : 'jtag frequency' command is executed.
14:15:07 INFO  : Sourcing of 'E:/VIVADO/LIDAR/TEST/TEST_V1_0/MAINBOARD_PJT/MAINBOARD_PJT.sdk/mainboard_bsp_wrapper_hw_platform_0/ps7_init.tcl' is done.
14:15:07 INFO  : Context for 'APU' is selected.
14:15:07 INFO  : System reset is completed.
14:15:10 INFO  : 'after 3000' command is executed.
14:15:10 INFO  : 'targets -set -filter {jtag_cable_name =~ "Digilent JTAG-HS1 210512180081" && level==0} -index 1' command is executed.
14:15:14 INFO  : FPGA configured successfully with bitstream "E:/VIVADO/LIDAR/TEST/TEST_V1_0/MAINBOARD_PJT/MAINBOARD_PJT.sdk/mainboard_bsp_wrapper_hw_platform_0/mainboard_bsp_wrapper.bit"
14:15:15 INFO  : Context for 'APU' is selected.
14:15:15 INFO  : Hardware design information is loaded from 'E:/VIVADO/LIDAR/TEST/TEST_V1_0/MAINBOARD_PJT/MAINBOARD_PJT.sdk/mainboard_bsp_wrapper_hw_platform_0/system.hdf'.
14:15:15 INFO  : 'configparams force-mem-access 1' command is executed.
14:15:15 INFO  : Context for 'APU' is selected.
14:15:15 INFO  : 'ps7_init' command is executed.
14:15:15 INFO  : 'ps7_post_config' command is executed.
14:15:15 INFO  : Context for processor 'ps7_cortexa9_0' is selected.
14:15:15 INFO  : The application 'E:/VIVADO/LIDAR/TEST/TEST_V1_0/MAINBOARD_PJT/MAINBOARD_PJT.sdk/MIAN_BOARD/Debug/MIAN_BOARD.elf' is downloaded to processor 'ps7_cortexa9_0'.
14:15:15 INFO  : 'configparams force-mem-access 0' command is executed.
14:15:15 INFO  : ----------------XSDB Script----------------
connect -url tcp:127.0.0.1:3121
source E:/VIVADO/LIDAR/TEST/TEST_V1_0/MAINBOARD_PJT/MAINBOARD_PJT.sdk/mainboard_bsp_wrapper_hw_platform_0/ps7_init.tcl
targets -set -nocase -filter {name =~"APU*" && jtag_cable_name =~ "Digilent JTAG-HS1 210512180081"} -index 0
rst -system
after 3000
targets -set -filter {jtag_cable_name =~ "Digilent JTAG-HS1 210512180081" && level==0} -index 1
fpga -file E:/VIVADO/LIDAR/TEST/TEST_V1_0/MAINBOARD_PJT/MAINBOARD_PJT.sdk/mainboard_bsp_wrapper_hw_platform_0/mainboard_bsp_wrapper.bit
targets -set -nocase -filter {name =~"APU*" && jtag_cable_name =~ "Digilent JTAG-HS1 210512180081"} -index 0
loadhw -hw E:/VIVADO/LIDAR/TEST/TEST_V1_0/MAINBOARD_PJT/MAINBOARD_PJT.sdk/mainboard_bsp_wrapper_hw_platform_0/system.hdf -mem-ranges [list {0x40000000 0xbfffffff}]
configparams force-mem-access 1
targets -set -nocase -filter {name =~"APU*" && jtag_cable_name =~ "Digilent JTAG-HS1 210512180081"} -index 0
ps7_init
ps7_post_config
targets -set -nocase -filter {name =~ "ARM*#0" && jtag_cable_name =~ "Digilent JTAG-HS1 210512180081"} -index 0
dow E:/VIVADO/LIDAR/TEST/TEST_V1_0/MAINBOARD_PJT/MAINBOARD_PJT.sdk/MIAN_BOARD/Debug/MIAN_BOARD.elf
configparams force-mem-access 0
----------------End of Script----------------

14:15:15 INFO  : Memory regions updated for context APU
14:15:15 INFO  : Context for processor 'ps7_cortexa9_0' is selected.
14:15:15 INFO  : 'con' command is executed.
14:15:15 INFO  : ----------------XSDB Script (After Launch)----------------
targets -set -nocase -filter {name =~ "ARM*#0" && jtag_cable_name =~ "Digilent JTAG-HS1 210512180081"} -index 0
con
----------------End of Script----------------

14:15:15 INFO  : Launch script is exported to file 'E:\VIVADO\LIDAR\TEST\TEST_V1_0\MAINBOARD_PJT\MAINBOARD_PJT.sdk\.sdk\launch_scripts\xilinx_c-c++_application_(system_debugger)\system_debugger_using_debug_mian_board.elf_on_local.tcl'
14:22:29 INFO  : Disconnected from the channel tcfchan#1.
14:49:58 INFO  : Registering command handlers for SDK TCF services
14:49:58 INFO  : Launching XSCT server: xsct.bat -interactive E:\VIVADO\LIDAR\TEST\TEST_V1_0\MAINBOARD_PJT\MAINBOARD_PJT.sdk\temp_xsdb_launch_script.tcl
14:50:01 INFO  : XSCT server has started successfully.
14:50:02 INFO  : Successfully done setting XSCT server connection channel  
14:50:02 INFO  : Successfully done setting SDK workspace  
14:50:02 INFO  : Processing command line option -hwspec E:/VIVADO/LIDAR/TEST/TEST_V1_0/MAINBOARD_PJT/MAINBOARD_PJT.sdk/mainboard_bsp_wrapper.hdf.
14:55:31 INFO  : Connected to target on host '127.0.0.1' and port '3121'.
14:55:40 INFO  : ----------------XSDB Script----------------
connect -url tcp:127.0.0.1:3121
----------------End of Script----------------

14:56:10 INFO  : Connected to target on host '127.0.0.1' and port '3121'.
14:56:10 INFO  : Jtag cable 'Digilent JTAG-HS1 210512180081' is selected.
14:56:10 INFO  : 'jtag frequency' command is executed.
14:56:10 INFO  : Sourcing of 'E:/VIVADO/LIDAR/TEST/TEST_V1_0/MAINBOARD_PJT/MAINBOARD_PJT.sdk/mainboard_bsp_wrapper_hw_platform_0/ps7_init.tcl' is done.
14:56:10 INFO  : Context for 'APU' is selected.
14:56:11 INFO  : System reset is completed.
14:56:14 INFO  : 'after 3000' command is executed.
14:56:14 INFO  : 'targets -set -filter {jtag_cable_name =~ "Digilent JTAG-HS1 210512180081" && level==0} -index 1' command is executed.
14:56:17 INFO  : FPGA configured successfully with bitstream "E:/VIVADO/LIDAR/TEST/TEST_V1_0/MAINBOARD_PJT/MAINBOARD_PJT.sdk/mainboard_bsp_wrapper_hw_platform_0/mainboard_bsp_wrapper.bit"
14:56:18 INFO  : Context for 'APU' is selected.
14:56:18 INFO  : Hardware design information is loaded from 'E:/VIVADO/LIDAR/TEST/TEST_V1_0/MAINBOARD_PJT/MAINBOARD_PJT.sdk/mainboard_bsp_wrapper_hw_platform_0/system.hdf'.
14:56:18 INFO  : 'configparams force-mem-access 1' command is executed.
14:56:18 INFO  : Context for 'APU' is selected.
14:56:18 INFO  : 'ps7_init' command is executed.
14:56:18 INFO  : 'ps7_post_config' command is executed.
14:56:18 INFO  : Context for processor 'ps7_cortexa9_0' is selected.
14:56:19 INFO  : The application 'E:/VIVADO/LIDAR/TEST/TEST_V1_0/MAINBOARD_PJT/MAINBOARD_PJT.sdk/MIAN_BOARD/Debug/MIAN_BOARD.elf' is downloaded to processor 'ps7_cortexa9_0'.
14:56:19 INFO  : 'configparams force-mem-access 0' command is executed.
14:56:19 INFO  : ----------------XSDB Script----------------
connect -url tcp:127.0.0.1:3121
source E:/VIVADO/LIDAR/TEST/TEST_V1_0/MAINBOARD_PJT/MAINBOARD_PJT.sdk/mainboard_bsp_wrapper_hw_platform_0/ps7_init.tcl
targets -set -nocase -filter {name =~"APU*" && jtag_cable_name =~ "Digilent JTAG-HS1 210512180081"} -index 0
rst -system
after 3000
targets -set -filter {jtag_cable_name =~ "Digilent JTAG-HS1 210512180081" && level==0} -index 1
fpga -file E:/VIVADO/LIDAR/TEST/TEST_V1_0/MAINBOARD_PJT/MAINBOARD_PJT.sdk/mainboard_bsp_wrapper_hw_platform_0/mainboard_bsp_wrapper.bit
targets -set -nocase -filter {name =~"APU*" && jtag_cable_name =~ "Digilent JTAG-HS1 210512180081"} -index 0
loadhw -hw E:/VIVADO/LIDAR/TEST/TEST_V1_0/MAINBOARD_PJT/MAINBOARD_PJT.sdk/mainboard_bsp_wrapper_hw_platform_0/system.hdf -mem-ranges [list {0x40000000 0xbfffffff}]
configparams force-mem-access 1
targets -set -nocase -filter {name =~"APU*" && jtag_cable_name =~ "Digilent JTAG-HS1 210512180081"} -index 0
ps7_init
ps7_post_config
targets -set -nocase -filter {name =~ "ARM*#0" && jtag_cable_name =~ "Digilent JTAG-HS1 210512180081"} -index 0
dow E:/VIVADO/LIDAR/TEST/TEST_V1_0/MAINBOARD_PJT/MAINBOARD_PJT.sdk/MIAN_BOARD/Debug/MIAN_BOARD.elf
configparams force-mem-access 0
----------------End of Script----------------

14:56:19 INFO  : Memory regions updated for context APU
14:56:19 INFO  : Context for processor 'ps7_cortexa9_0' is selected.
14:56:19 INFO  : 'con' command is executed.
14:56:19 INFO  : ----------------XSDB Script (After Launch)----------------
targets -set -nocase -filter {name =~ "ARM*#0" && jtag_cable_name =~ "Digilent JTAG-HS1 210512180081"} -index 0
con
----------------End of Script----------------

14:56:19 INFO  : Launch script is exported to file 'E:\VIVADO\LIDAR\TEST\TEST_V1_0\MAINBOARD_PJT\MAINBOARD_PJT.sdk\.sdk\launch_scripts\xilinx_c-c++_application_(system_debugger)\system_debugger_using_debug_mian_board.elf_on_local.tcl'
15:29:40 INFO  : Disconnected from the channel tcfchan#1.
15:57:35 INFO  : Registering command handlers for SDK TCF services
15:57:35 INFO  : Launching XSCT server: xsct.bat -interactive E:\VIVADO\LIDAR\TEST\TEST_V1_0\MAINBOARD_PJT\MAINBOARD_PJT.sdk\temp_xsdb_launch_script.tcl
15:57:38 INFO  : XSCT server has started successfully.
15:57:38 INFO  : Successfully done setting XSCT server connection channel  
15:57:39 INFO  : Successfully done setting SDK workspace  
15:57:39 INFO  : Processing command line option -hwspec E:/VIVADO/LIDAR/TEST/TEST_V1_0/MAINBOARD_PJT/MAINBOARD_PJT.sdk/mainboard_bsp_wrapper.hdf.
16:00:11 INFO  : Connected to target on host '127.0.0.1' and port '3121'.
16:00:12 INFO  : Jtag cable 'Digilent JTAG-HS1 210512180081' is selected.
16:00:12 INFO  : 'jtag frequency' command is executed.
16:00:12 INFO  : Sourcing of 'E:/VIVADO/LIDAR/TEST/TEST_V1_0/MAINBOARD_PJT/MAINBOARD_PJT.sdk/mainboard_bsp_wrapper_hw_platform_0/ps7_init.tcl' is done.
16:00:12 INFO  : Context for 'APU' is selected.
16:00:12 INFO  : System reset is completed.
16:00:15 INFO  : 'after 3000' command is executed.
16:00:15 INFO  : 'targets -set -filter {jtag_cable_name =~ "Digilent JTAG-HS1 210512180081" && level==0} -index 1' command is executed.
16:00:19 INFO  : FPGA configured successfully with bitstream "E:/VIVADO/LIDAR/TEST/TEST_V1_0/MAINBOARD_PJT/MAINBOARD_PJT.sdk/mainboard_bsp_wrapper_hw_platform_0/mainboard_bsp_wrapper.bit"
16:00:19 INFO  : Context for 'APU' is selected.
16:00:19 INFO  : Hardware design information is loaded from 'E:/VIVADO/LIDAR/TEST/TEST_V1_0/MAINBOARD_PJT/MAINBOARD_PJT.sdk/mainboard_bsp_wrapper_hw_platform_0/system.hdf'.
16:00:19 INFO  : 'configparams force-mem-access 1' command is executed.
16:00:19 INFO  : Context for 'APU' is selected.
16:00:20 INFO  : 'ps7_init' command is executed.
16:00:20 INFO  : 'ps7_post_config' command is executed.
16:00:20 INFO  : Context for processor 'ps7_cortexa9_0' is selected.
16:00:20 INFO  : The application 'E:/VIVADO/LIDAR/TEST/TEST_V1_0/MAINBOARD_PJT/MAINBOARD_PJT.sdk/MIAN_BOARD/Debug/MIAN_BOARD.elf' is downloaded to processor 'ps7_cortexa9_0'.
16:00:20 INFO  : 'configparams force-mem-access 0' command is executed.
16:00:20 INFO  : ----------------XSDB Script----------------
connect -url tcp:127.0.0.1:3121
source E:/VIVADO/LIDAR/TEST/TEST_V1_0/MAINBOARD_PJT/MAINBOARD_PJT.sdk/mainboard_bsp_wrapper_hw_platform_0/ps7_init.tcl
targets -set -nocase -filter {name =~"APU*" && jtag_cable_name =~ "Digilent JTAG-HS1 210512180081"} -index 0
rst -system
after 3000
targets -set -filter {jtag_cable_name =~ "Digilent JTAG-HS1 210512180081" && level==0} -index 1
fpga -file E:/VIVADO/LIDAR/TEST/TEST_V1_0/MAINBOARD_PJT/MAINBOARD_PJT.sdk/mainboard_bsp_wrapper_hw_platform_0/mainboard_bsp_wrapper.bit
targets -set -nocase -filter {name =~"APU*" && jtag_cable_name =~ "Digilent JTAG-HS1 210512180081"} -index 0
loadhw -hw E:/VIVADO/LIDAR/TEST/TEST_V1_0/MAINBOARD_PJT/MAINBOARD_PJT.sdk/mainboard_bsp_wrapper_hw_platform_0/system.hdf -mem-ranges [list {0x40000000 0xbfffffff}]
configparams force-mem-access 1
targets -set -nocase -filter {name =~"APU*" && jtag_cable_name =~ "Digilent JTAG-HS1 210512180081"} -index 0
ps7_init
ps7_post_config
targets -set -nocase -filter {name =~ "ARM*#0" && jtag_cable_name =~ "Digilent JTAG-HS1 210512180081"} -index 0
dow E:/VIVADO/LIDAR/TEST/TEST_V1_0/MAINBOARD_PJT/MAINBOARD_PJT.sdk/MIAN_BOARD/Debug/MIAN_BOARD.elf
configparams force-mem-access 0
----------------End of Script----------------

16:00:20 INFO  : Memory regions updated for context APU
16:00:20 INFO  : Context for processor 'ps7_cortexa9_0' is selected.
16:00:20 INFO  : 'con' command is executed.
16:00:20 INFO  : ----------------XSDB Script (After Launch)----------------
targets -set -nocase -filter {name =~ "ARM*#0" && jtag_cable_name =~ "Digilent JTAG-HS1 210512180081"} -index 0
con
----------------End of Script----------------

16:00:20 INFO  : Launch script is exported to file 'E:\VIVADO\LIDAR\TEST\TEST_V1_0\MAINBOARD_PJT\MAINBOARD_PJT.sdk\.sdk\launch_scripts\xilinx_c-c++_application_(system_debugger)\system_debugger_using_debug_mian_board.elf_on_local.tcl'
17:02:20 INFO  : Disconnected from the channel tcfchan#1.
17:02:56 INFO  : Registering command handlers for SDK TCF services
17:02:56 INFO  : Launching XSCT server: xsct.bat -interactive E:\VIVADO\LIDAR\TEST\TEST_V1_0\MAINBOARD_PJT\MAINBOARD_PJT.sdk\temp_xsdb_launch_script.tcl
17:03:00 INFO  : XSCT server has started successfully.
17:03:00 INFO  : Successfully done setting XSCT server connection channel  
17:03:01 INFO  : Successfully done setting SDK workspace  
17:03:01 INFO  : Processing command line option -hwspec E:/VIVADO/LIDAR/TEST/TEST_V1_0/MAINBOARD_PJT/MAINBOARD_PJT.sdk/mainboard_bsp_wrapper.hdf.
17:05:07 INFO  : Connected to target on host '127.0.0.1' and port '3121'.
17:05:08 INFO  : Jtag cable 'Digilent JTAG-HS1 210512180081' is selected.
17:05:08 INFO  : 'jtag frequency' command is executed.
17:05:08 INFO  : Sourcing of 'E:/VIVADO/LIDAR/TEST/TEST_V1_0/MAINBOARD_PJT/MAINBOARD_PJT.sdk/mainboard_bsp_wrapper_hw_platform_0/ps7_init.tcl' is done.
17:05:08 INFO  : Context for 'APU' is selected.
17:05:08 INFO  : System reset is completed.
17:05:11 INFO  : 'after 3000' command is executed.
17:05:11 INFO  : 'targets -set -filter {jtag_cable_name =~ "Digilent JTAG-HS1 210512180081" && level==0} -index 1' command is executed.
17:05:14 INFO  : FPGA configured successfully with bitstream "E:/VIVADO/LIDAR/TEST/TEST_V1_0/MAINBOARD_PJT/MAINBOARD_PJT.sdk/mainboard_bsp_wrapper_hw_platform_0/mainboard_bsp_wrapper.bit"
17:05:15 INFO  : Context for 'APU' is selected.
17:05:15 INFO  : Hardware design information is loaded from 'E:/VIVADO/LIDAR/TEST/TEST_V1_0/MAINBOARD_PJT/MAINBOARD_PJT.sdk/mainboard_bsp_wrapper_hw_platform_0/system.hdf'.
17:05:15 INFO  : 'configparams force-mem-access 1' command is executed.
17:05:15 INFO  : Context for 'APU' is selected.
17:05:16 INFO  : 'ps7_init' command is executed.
17:05:16 INFO  : 'ps7_post_config' command is executed.
17:05:16 INFO  : Context for processor 'ps7_cortexa9_0' is selected.
17:05:16 INFO  : The application 'E:/VIVADO/LIDAR/TEST/TEST_V1_0/MAINBOARD_PJT/MAINBOARD_PJT.sdk/MIAN_BOARD/Debug/MIAN_BOARD.elf' is downloaded to processor 'ps7_cortexa9_0'.
17:05:16 INFO  : 'configparams force-mem-access 0' command is executed.
17:05:16 INFO  : ----------------XSDB Script----------------
connect -url tcp:127.0.0.1:3121
source E:/VIVADO/LIDAR/TEST/TEST_V1_0/MAINBOARD_PJT/MAINBOARD_PJT.sdk/mainboard_bsp_wrapper_hw_platform_0/ps7_init.tcl
targets -set -nocase -filter {name =~"APU*" && jtag_cable_name =~ "Digilent JTAG-HS1 210512180081"} -index 0
rst -system
after 3000
targets -set -filter {jtag_cable_name =~ "Digilent JTAG-HS1 210512180081" && level==0} -index 1
fpga -file E:/VIVADO/LIDAR/TEST/TEST_V1_0/MAINBOARD_PJT/MAINBOARD_PJT.sdk/mainboard_bsp_wrapper_hw_platform_0/mainboard_bsp_wrapper.bit
targets -set -nocase -filter {name =~"APU*" && jtag_cable_name =~ "Digilent JTAG-HS1 210512180081"} -index 0
loadhw -hw E:/VIVADO/LIDAR/TEST/TEST_V1_0/MAINBOARD_PJT/MAINBOARD_PJT.sdk/mainboard_bsp_wrapper_hw_platform_0/system.hdf -mem-ranges [list {0x40000000 0xbfffffff}]
configparams force-mem-access 1
targets -set -nocase -filter {name =~"APU*" && jtag_cable_name =~ "Digilent JTAG-HS1 210512180081"} -index 0
ps7_init
ps7_post_config
targets -set -nocase -filter {name =~ "ARM*#0" && jtag_cable_name =~ "Digilent JTAG-HS1 210512180081"} -index 0
dow E:/VIVADO/LIDAR/TEST/TEST_V1_0/MAINBOARD_PJT/MAINBOARD_PJT.sdk/MIAN_BOARD/Debug/MIAN_BOARD.elf
configparams force-mem-access 0
----------------End of Script----------------

17:05:16 INFO  : Memory regions updated for context APU
17:05:16 INFO  : Context for processor 'ps7_cortexa9_0' is selected.
17:05:16 INFO  : 'con' command is executed.
17:05:16 INFO  : ----------------XSDB Script (After Launch)----------------
targets -set -nocase -filter {name =~ "ARM*#0" && jtag_cable_name =~ "Digilent JTAG-HS1 210512180081"} -index 0
con
----------------End of Script----------------

17:05:16 INFO  : Launch script is exported to file 'E:\VIVADO\LIDAR\TEST\TEST_V1_0\MAINBOARD_PJT\MAINBOARD_PJT.sdk\.sdk\launch_scripts\xilinx_c-c++_application_(system_debugger)\system_debugger_using_debug_mian_board.elf_on_local.tcl'
17:08:14 INFO  : Disconnected from the channel tcfchan#1.
08:46:59 INFO  : Registering command handlers for SDK TCF services
08:46:59 INFO  : Launching XSCT server: xsct.bat -interactive E:\VIVADO\LIDAR\TEST\TEST_V1_0\MAINBOARD_PJT\MAINBOARD_PJT.sdk\temp_xsdb_launch_script.tcl
08:47:02 INFO  : XSCT server has started successfully.
08:47:03 INFO  : Successfully done setting XSCT server connection channel  
08:47:03 INFO  : Successfully done setting SDK workspace  
08:47:03 INFO  : Processing command line option -hwspec E:/VIVADO/LIDAR/TEST/TEST_V1_0/MAINBOARD_PJT/MAINBOARD_PJT.sdk/mainboard_bsp_wrapper.hdf.
08:47:03 INFO  : Checking for hwspec changes in the project mainboard_bsp_wrapper_hw_platform_0.
08:47:49 INFO  : Registering command handlers for SDK TCF services
08:47:49 INFO  : Launching XSCT server: xsct.bat -interactive E:\VIVADO\LIDAR\TEST\TEST_V1_0\MAINBOARD_PJT\MAINBOARD_PJT.sdk\temp_xsdb_launch_script.tcl
08:47:52 INFO  : XSCT server has started successfully.
08:47:52 INFO  : Successfully done setting XSCT server connection channel  
08:47:53 INFO  : Successfully done setting SDK workspace  
08:47:53 INFO  : Processing command line option -hwspec E:/VIVADO/LIDAR/TEST/TEST_V1_0/MAINBOARD_PJT/MAINBOARD_PJT.sdk/mainboard_bsp_wrapper.hdf.
08:52:51 INFO  : Connected to target on host '127.0.0.1' and port '3121'.
08:52:52 INFO  : Jtag cable 'Digilent JTAG-HS1 210512180081' is selected.
08:52:52 INFO  : 'jtag frequency' command is executed.
08:52:52 INFO  : Sourcing of 'E:/VIVADO/LIDAR/TEST/TEST_V1_0/MAINBOARD_PJT/MAINBOARD_PJT.sdk/mainboard_bsp_wrapper_hw_platform_0/ps7_init.tcl' is done.
08:52:52 INFO  : Context for 'APU' is selected.
08:52:52 INFO  : System reset is completed.
08:52:55 INFO  : 'after 3000' command is executed.
08:52:56 INFO  : 'targets -set -filter {jtag_cable_name =~ "Digilent JTAG-HS1 210512180081" && level==0} -index 1' command is executed.
08:53:00 INFO  : FPGA configured successfully with bitstream "E:/VIVADO/LIDAR/TEST/TEST_V1_0/MAINBOARD_PJT/MAINBOARD_PJT.sdk/mainboard_bsp_wrapper_hw_platform_0/mainboard_bsp_wrapper.bit"
08:53:01 INFO  : Context for 'APU' is selected.
08:53:01 INFO  : Hardware design information is loaded from 'E:/VIVADO/LIDAR/TEST/TEST_V1_0/MAINBOARD_PJT/MAINBOARD_PJT.sdk/mainboard_bsp_wrapper_hw_platform_0/system.hdf'.
08:53:01 INFO  : 'configparams force-mem-access 1' command is executed.
08:53:01 INFO  : Context for 'APU' is selected.
08:53:02 INFO  : 'ps7_init' command is executed.
08:53:02 INFO  : 'ps7_post_config' command is executed.
08:53:02 INFO  : Context for processor 'ps7_cortexa9_0' is selected.
08:53:02 INFO  : The application 'E:/VIVADO/LIDAR/TEST/TEST_V1_0/MAINBOARD_PJT/MAINBOARD_PJT.sdk/MIAN_BOARD/Debug/MIAN_BOARD.elf' is downloaded to processor 'ps7_cortexa9_0'.
08:53:02 INFO  : 'configparams force-mem-access 0' command is executed.
08:53:02 INFO  : ----------------XSDB Script----------------
connect -url tcp:127.0.0.1:3121
source E:/VIVADO/LIDAR/TEST/TEST_V1_0/MAINBOARD_PJT/MAINBOARD_PJT.sdk/mainboard_bsp_wrapper_hw_platform_0/ps7_init.tcl
targets -set -nocase -filter {name =~"APU*" && jtag_cable_name =~ "Digilent JTAG-HS1 210512180081"} -index 0
rst -system
after 3000
targets -set -filter {jtag_cable_name =~ "Digilent JTAG-HS1 210512180081" && level==0} -index 1
fpga -file E:/VIVADO/LIDAR/TEST/TEST_V1_0/MAINBOARD_PJT/MAINBOARD_PJT.sdk/mainboard_bsp_wrapper_hw_platform_0/mainboard_bsp_wrapper.bit
targets -set -nocase -filter {name =~"APU*" && jtag_cable_name =~ "Digilent JTAG-HS1 210512180081"} -index 0
loadhw -hw E:/VIVADO/LIDAR/TEST/TEST_V1_0/MAINBOARD_PJT/MAINBOARD_PJT.sdk/mainboard_bsp_wrapper_hw_platform_0/system.hdf -mem-ranges [list {0x40000000 0xbfffffff}]
configparams force-mem-access 1
targets -set -nocase -filter {name =~"APU*" && jtag_cable_name =~ "Digilent JTAG-HS1 210512180081"} -index 0
ps7_init
ps7_post_config
targets -set -nocase -filter {name =~ "ARM*#0" && jtag_cable_name =~ "Digilent JTAG-HS1 210512180081"} -index 0
dow E:/VIVADO/LIDAR/TEST/TEST_V1_0/MAINBOARD_PJT/MAINBOARD_PJT.sdk/MIAN_BOARD/Debug/MIAN_BOARD.elf
configparams force-mem-access 0
----------------End of Script----------------

08:53:02 INFO  : Memory regions updated for context APU
08:53:02 INFO  : Context for processor 'ps7_cortexa9_0' is selected.
08:53:02 INFO  : 'con' command is executed.
08:53:02 INFO  : ----------------XSDB Script (After Launch)----------------
targets -set -nocase -filter {name =~ "ARM*#0" && jtag_cable_name =~ "Digilent JTAG-HS1 210512180081"} -index 0
con
----------------End of Script----------------

08:53:02 INFO  : Launch script is exported to file 'E:\VIVADO\LIDAR\TEST\TEST_V1_0\MAINBOARD_PJT\MAINBOARD_PJT.sdk\.sdk\launch_scripts\xilinx_c-c++_application_(system_debugger)\system_debugger_using_debug_mian_board.elf_on_local.tcl'
