#-----------------------------------------------------------
# Webtalk v2017.2 (64-bit)
# SW Build 1909853 on Thu Jun 15 18:39:09 MDT 2017
# 
# Start of session at: Thu Aug  1 17:03:34 2019
# Process ID: 6460
# Current directory: E:/FPGA_PTOJECT/LIDAR/MAINBOARD_PJT_V5_0/MAINBOARD_PJT/MAINBOARD_PJT.sdk/webtalk
# Command line: wbtcv.exe -mode batch -source sdk_webtalk.tcl
# Log file: E:/FPGA_PTOJECT/LIDAR/MAINBOARD_PJT_V5_0/MAINBOARD_PJT/MAINBOARD_PJT.sdk/webtalk/webtalk.log
# Journal file: E:/FPGA_PTOJECT/LIDAR/MAINBOARD_PJT_V5_0/MAINBOARD_PJT/MAINBOARD_PJT.sdk/webtalk\webtalk.jou
#-----------------------------------------------------------
source sdk_webtalk.tcl
# webtalk_init -webtalk_dir E:\\FPGA_PTOJECT\\LIDAR\\MAINBOARD_PJT_V5_0\\MAINBOARD_PJT\\MAINBOARD_PJT.sdk\\webtalk
# webtalk_register_client -client project
# webtalk_add_data -client project -key date_generated -value "2019-08-01 17:03:33" -context "software_version_and_target_device"
# webtalk_add_data -client project -key product_version -value "SDK v2017.2" -context "software_version_and_target_device"
# webtalk_add_data -client project -key build_version -value "2017.2" -context "software_version_and_target_device"
# webtalk_add_data -client project -key os_platform -value "amd64" -context "software_version_and_target_device"
# webtalk_add_data -client project -key registration_id -value "" -context "software_version_and_target_device"
# webtalk_add_data -client project -key tool_flow -value "SDK" -context "software_version_and_target_device"
# webtalk_add_data -client project -key beta -value "false" -context "software_version_and_target_device"
# webtalk_add_data -client project -key route_design -value "NA" -context "software_version_and_target_device"
# webtalk_add_data -client project -key target_family -value "NA" -context "software_version_and_target_device"
# webtalk_add_data -client project -key target_device -value "NA" -context "software_version_and_target_device"
# webtalk_add_data -client project -key target_package -value "NA" -context "software_version_and_target_device"
# webtalk_add_data -client project -key target_speed -value "NA" -context "software_version_and_target_device"
# webtalk_add_data -client project -key random_id -value "q2kgbpu7t7rgg40vg41cmsoc8p" -context "software_version_and_target_device"
# webtalk_add_data -client project -key project_id -value "2017.2_38" -context "software_version_and_target_device"
# webtalk_add_data -client project -key project_iteration -value "38" -context "software_version_and_target_device"
# webtalk_add_data -client project -key os_name -value "Microsoft Windows 7 , 64-bit" -context "user_environment"
# webtalk_add_data -client project -key os_release -value "Service Pack 1  (build 7601)" -context "user_environment"
# webtalk_add_data -client project -key cpu_name -value "Intel(R) Core(TM) i7-7700 CPU @ 3.60GHz" -context "user_environment"
# webtalk_add_data -client project -key cpu_speed -value "3600 MHz" -context "user_environment"
# webtalk_add_data -client project -key total_processors -value "1" -context "user_environment"
# webtalk_add_data -client project -key system_ram -value "17.000 GB" -context "user_environment"
# webtalk_register_client -client sdk
# webtalk_add_data -client sdk -key uid -value "1564640764173" -context "sdk\\\\hardware/1564640764173"
# webtalk_add_data -client sdk -key isZynq -value "true" -context "sdk\\\\hardware/1564640764173"
# webtalk_add_data -client sdk -key isZynqMP -value "false" -context "sdk\\\\hardware/1564640764173"
# webtalk_add_data -client sdk -key Processors -value "2" -context "sdk\\\\hardware/1564640764173"
# webtalk_add_data -client sdk -key VivadoVersion -value "2017.2" -context "sdk\\\\hardware/1564640764173"
# webtalk_add_data -client sdk -key Arch -value "zynq" -context "sdk\\\\hardware/1564640764173"
# webtalk_add_data -client sdk -key Device -value "7z020" -context "sdk\\\\hardware/1564640764173"
# webtalk_add_data -client sdk -key IsHandoff -value "true" -context "sdk\\\\hardware/1564640764173"
# webtalk_add_data -client sdk -key os -value "NA" -context "sdk\\\\hardware/1564640764173"
# webtalk_add_data -client sdk -key apptemplate -value "NA" -context "sdk\\\\hardware/1564640764173"
# webtalk_add_data -client sdk -key RecordType -value "HWCreation" -context "sdk\\\\hardware/1564640764173"
# webtalk_add_data -client sdk -key uid -value "1564640816771" -context "sdk\\\\bsp/1564640816771"
# webtalk_add_data -client sdk -key hwid -value "1564640764173" -context "sdk\\\\bsp/1564640816771"
# webtalk_add_data -client sdk -key os -value "standalone" -context "sdk\\\\bsp/1564640816771"
# webtalk_add_data -client sdk -key apptemplate -value "hello_world" -context "sdk\\\\bsp/1564640816771"
# webtalk_add_data -client sdk -key RecordType -value "BSPCreation" -context "sdk\\\\bsp/1564640816771"
# webtalk_add_data -client sdk -key uid -value "1564640819041" -context "sdk\\\\application/1564640819041"
# webtalk_add_data -client sdk -key hwid -value "1564640764173" -context "sdk\\\\application/1564640819041"
# webtalk_add_data -client sdk -key bspid -value "1564640816771" -context "sdk\\\\application/1564640819041"
# webtalk_add_data -client sdk -key newbsp -value "true" -context "sdk\\\\application/1564640819041"
# webtalk_add_data -client sdk -key os -value "standalone" -context "sdk\\\\application/1564640819041"
# webtalk_add_data -client sdk -key apptemplate -value "hello_world" -context "sdk\\\\application/1564640819041"
# webtalk_add_data -client sdk -key RecordType -value "APPCreation" -context "sdk\\\\application/1564640819041"
# webtalk_add_data -client sdk -key LangUsed -value "C" -context "sdk\\\\application/1564640819041"
# webtalk_add_data -client sdk -key Procused -value "ps7_cortexa9" -context "sdk\\\\application/1564640819041"
# webtalk_add_data -client sdk -key projSize -value "252.65625" -context "sdk\\\\application/1564640819041"
# webtalk_add_data -client sdk -key uid -value "NA" -context "sdk\\\\bsp/1564650213350"
# webtalk_add_data -client sdk -key RecordType -value "ToolUsage" -context "sdk\\\\bsp/1564650213350"
# webtalk_add_data -client sdk -key BootgenCount -value "0" -context "sdk\\\\bsp/1564650213350"
# webtalk_add_data -client sdk -key DebugCount -value "5" -context "sdk\\\\bsp/1564650213350"
# webtalk_add_data -client sdk -key PerfCount -value "0" -context "sdk\\\\bsp/1564650213350"
# webtalk_add_data -client sdk -key FlashCount -value "0" -context "sdk\\\\bsp/1564650213350"
# webtalk_add_data -client sdk -key CrossTriggCount -value "0" -context "sdk\\\\bsp/1564650213350"
# webtalk_add_data -client sdk -key QemuDebugCount -value "0" -context "sdk\\\\bsp/1564650213350"
# webtalk_transmit -clientid 1301400731 -regid "" -xml E:\\FPGA_PTOJECT\\LIDAR\\MAINBOARD_PJT_V5_0\\MAINBOARD_PJT\\MAINBOARD_PJT.sdk\\webtalk\\usage_statistics_ext_sdk.xml -html E:\\FPGA_PTOJECT\\LIDAR\\MAINBOARD_PJT_V5_0\\MAINBOARD_PJT\\MAINBOARD_PJT.sdk\\webtalk\\usage_statistics_ext_sdk.html -wdm E:\\FPGA_PTOJECT\\LIDAR\\MAINBOARD_PJT_V5_0\\MAINBOARD_PJT\\MAINBOARD_PJT.sdk\\webtalk\\sdk_webtalk.wdm -intro "<H3>SDK Usage Report</H3><BR>"
# webtalk_terminate
INFO: [Common 17-206] Exiting Webtalk at Thu Aug  1 17:03:38 2019...
